
Currently Loaded Modules:
  1) CUDA/9.0.176   2) cuDNN/7-CUDA-9.0.176   3) miniconda/4.9.2

 

../../../../keskustelu2020/experiments/am/converse_fin/exp/chain/tdnn7q_sp_ensemble_vc/100best_eval_morph_finbert_nosp_4-gram
rescoring /scratch/work/moisioa3/conv_lm/finbert-finetune/TurkuNLP/bert-base-finnish-cased-v1-finetuned-web-dsp/checkpoint-40000
ac scale 0.01
/home/moisioa3/.conda/envs/mlm-scoring/lib/python3.9/site-packages/mxnet/optimizer/optimizer.py:163: UserWarning: WARNING: New optimizer gluonnlp.optimizer.lamb.LAMB is overriding existing optimizer mxnet.optimizer.optimizer.LAMB
  warnings.warn('WARNING: New optimizer %s.%s is overriding '
2021-08-10 21:18:15 WARNING  Model '/scratch/work/moisioa3/conv_lm/finbert-finetune/TurkuNLP/bert-base-finnish-cased-v1-finetuned-web-dsp/checkpoint-40000' not recognized as an MXNet model; treating as PyTorch model
2021-08-10 21:18:20 WARNING  541 shared keys found, rescoring these...
2021-08-10 21:18:21 WARNING  541 predictions to compute total WER on...
2021-08-10 21:18:21 WARNING  WER: 36.645669291338585%
ac scale 0.03
/home/moisioa3/.conda/envs/mlm-scoring/lib/python3.9/site-packages/mxnet/optimizer/optimizer.py:163: UserWarning: WARNING: New optimizer gluonnlp.optimizer.lamb.LAMB is overriding existing optimizer mxnet.optimizer.optimizer.LAMB
  warnings.warn('WARNING: New optimizer %s.%s is overriding '
2021-08-10 21:18:24 WARNING  Model '/scratch/work/moisioa3/conv_lm/finbert-finetune/TurkuNLP/bert-base-finnish-cased-v1-finetuned-web-dsp/checkpoint-40000' not recognized as an MXNet model; treating as PyTorch model
2021-08-10 21:18:29 WARNING  541 shared keys found, rescoring these...
2021-08-10 21:18:29 WARNING  541 predictions to compute total WER on...
2021-08-10 21:18:29 WARNING  WER: 36.09448818897638%
ac scale 0.08
/home/moisioa3/.conda/envs/mlm-scoring/lib/python3.9/site-packages/mxnet/optimizer/optimizer.py:163: UserWarning: WARNING: New optimizer gluonnlp.optimizer.lamb.LAMB is overriding existing optimizer mxnet.optimizer.optimizer.LAMB
  warnings.warn('WARNING: New optimizer %s.%s is overriding '
2021-08-10 21:18:32 WARNING  Model '/scratch/work/moisioa3/conv_lm/finbert-finetune/TurkuNLP/bert-base-finnish-cased-v1-finetuned-web-dsp/checkpoint-40000' not recognized as an MXNet model; treating as PyTorch model
2021-08-10 21:18:36 WARNING  541 shared keys found, rescoring these...
2021-08-10 21:18:36 WARNING  541 predictions to compute total WER on...
2021-08-10 21:18:37 WARNING  WER: 35.275590551181104%
ac scale 0.1
/home/moisioa3/.conda/envs/mlm-scoring/lib/python3.9/site-packages/mxnet/optimizer/optimizer.py:163: UserWarning: WARNING: New optimizer gluonnlp.optimizer.lamb.LAMB is overriding existing optimizer mxnet.optimizer.optimizer.LAMB
  warnings.warn('WARNING: New optimizer %s.%s is overriding '
2021-08-10 21:18:39 WARNING  Model '/scratch/work/moisioa3/conv_lm/finbert-finetune/TurkuNLP/bert-base-finnish-cased-v1-finetuned-web-dsp/checkpoint-40000' not recognized as an MXNet model; treating as PyTorch model
2021-08-10 21:18:43 WARNING  541 shared keys found, rescoring these...
2021-08-10 21:18:44 WARNING  541 predictions to compute total WER on...
2021-08-10 21:18:44 WARNING  WER: 35.338582677165356%
ac scale 0.13
/home/moisioa3/.conda/envs/mlm-scoring/lib/python3.9/site-packages/mxnet/optimizer/optimizer.py:163: UserWarning: WARNING: New optimizer gluonnlp.optimizer.lamb.LAMB is overriding existing optimizer mxnet.optimizer.optimizer.LAMB
  warnings.warn('WARNING: New optimizer %s.%s is overriding '
2021-08-10 21:18:46 WARNING  Model '/scratch/work/moisioa3/conv_lm/finbert-finetune/TurkuNLP/bert-base-finnish-cased-v1-finetuned-web-dsp/checkpoint-40000' not recognized as an MXNet model; treating as PyTorch model
2021-08-10 21:18:51 WARNING  541 shared keys found, rescoring these...
2021-08-10 21:18:51 WARNING  541 predictions to compute total WER on...
2021-08-10 21:18:51 WARNING  WER: 35.46456692913386%
ac scale 0.2
/home/moisioa3/.conda/envs/mlm-scoring/lib/python3.9/site-packages/mxnet/optimizer/optimizer.py:163: UserWarning: WARNING: New optimizer gluonnlp.optimizer.lamb.LAMB is overriding existing optimizer mxnet.optimizer.optimizer.LAMB
  warnings.warn('WARNING: New optimizer %s.%s is overriding '
2021-08-10 21:18:54 WARNING  Model '/scratch/work/moisioa3/conv_lm/finbert-finetune/TurkuNLP/bert-base-finnish-cased-v1-finetuned-web-dsp/checkpoint-40000' not recognized as an MXNet model; treating as PyTorch model
2021-08-10 21:18:58 WARNING  541 shared keys found, rescoring these...
2021-08-10 21:18:58 WARNING  541 predictions to compute total WER on...
2021-08-10 21:18:59 WARNING  WER: 36.44094488188976%
ac scale 0.3
/home/moisioa3/.conda/envs/mlm-scoring/lib/python3.9/site-packages/mxnet/optimizer/optimizer.py:163: UserWarning: WARNING: New optimizer gluonnlp.optimizer.lamb.LAMB is overriding existing optimizer mxnet.optimizer.optimizer.LAMB
  warnings.warn('WARNING: New optimizer %s.%s is overriding '
2021-08-10 21:19:01 WARNING  Model '/scratch/work/moisioa3/conv_lm/finbert-finetune/TurkuNLP/bert-base-finnish-cased-v1-finetuned-web-dsp/checkpoint-40000' not recognized as an MXNet model; treating as PyTorch model
2021-08-10 21:19:05 WARNING  541 shared keys found, rescoring these...
2021-08-10 21:19:06 WARNING  541 predictions to compute total WER on...
2021-08-10 21:19:06 WARNING  WER: 37.77952755905512%
../../../../keskustelu2020/experiments/am/converse_fin/exp/chain/tdnn7q_sp_ensemble_vc/100best_eval_morph_finbert_nosp_4-gram
rescoring /scratch/work/moisioa3/conv_lm/finbert-finetune/TurkuNLP/bert-base-finnish-cased-v1-finetuned-web-dsp/checkpoint-60000
ac scale 0.01
/home/moisioa3/.conda/envs/mlm-scoring/lib/python3.9/site-packages/mxnet/optimizer/optimizer.py:163: UserWarning: WARNING: New optimizer gluonnlp.optimizer.lamb.LAMB is overriding existing optimizer mxnet.optimizer.optimizer.LAMB
  warnings.warn('WARNING: New optimizer %s.%s is overriding '
2021-08-10 21:19:08 WARNING  Model '/scratch/work/moisioa3/conv_lm/finbert-finetune/TurkuNLP/bert-base-finnish-cased-v1-finetuned-web-dsp/checkpoint-60000' not recognized as an MXNet model; treating as PyTorch model
2021-08-10 21:19:13 WARNING  541 shared keys found, rescoring these...
2021-08-10 21:19:13 WARNING  541 predictions to compute total WER on...
2021-08-10 21:19:13 WARNING  WER: 36.94488188976378%
ac scale 0.03
/home/moisioa3/.conda/envs/mlm-scoring/lib/python3.9/site-packages/mxnet/optimizer/optimizer.py:163: UserWarning: WARNING: New optimizer gluonnlp.optimizer.lamb.LAMB is overriding existing optimizer mxnet.optimizer.optimizer.LAMB
  warnings.warn('WARNING: New optimizer %s.%s is overriding '
2021-08-10 21:19:16 WARNING  Model '/scratch/work/moisioa3/conv_lm/finbert-finetune/TurkuNLP/bert-base-finnish-cased-v1-finetuned-web-dsp/checkpoint-60000' not recognized as an MXNet model; treating as PyTorch model
2021-08-10 21:19:20 WARNING  541 shared keys found, rescoring these...
2021-08-10 21:19:21 WARNING  541 predictions to compute total WER on...
2021-08-10 21:19:21 WARNING  WER: 36.40944881889764%
ac scale 0.08
/home/moisioa3/.conda/envs/mlm-scoring/lib/python3.9/site-packages/mxnet/optimizer/optimizer.py:163: UserWarning: WARNING: New optimizer gluonnlp.optimizer.lamb.LAMB is overriding existing optimizer mxnet.optimizer.optimizer.LAMB
  warnings.warn('WARNING: New optimizer %s.%s is overriding '
2021-08-10 21:19:23 WARNING  Model '/scratch/work/moisioa3/conv_lm/finbert-finetune/TurkuNLP/bert-base-finnish-cased-v1-finetuned-web-dsp/checkpoint-60000' not recognized as an MXNet model; treating as PyTorch model
2021-08-10 21:19:27 WARNING  541 shared keys found, rescoring these...
2021-08-10 21:19:28 WARNING  541 predictions to compute total WER on...
2021-08-10 21:19:28 WARNING  WER: 35.417322834645674%
ac scale 0.1
/home/moisioa3/.conda/envs/mlm-scoring/lib/python3.9/site-packages/mxnet/optimizer/optimizer.py:163: UserWarning: WARNING: New optimizer gluonnlp.optimizer.lamb.LAMB is overriding existing optimizer mxnet.optimizer.optimizer.LAMB
  warnings.warn('WARNING: New optimizer %s.%s is overriding '
2021-08-10 21:19:31 WARNING  Model '/scratch/work/moisioa3/conv_lm/finbert-finetune/TurkuNLP/bert-base-finnish-cased-v1-finetuned-web-dsp/checkpoint-60000' not recognized as an MXNet model; treating as PyTorch model
2021-08-10 21:19:35 WARNING  541 shared keys found, rescoring these...
2021-08-10 21:19:35 WARNING  541 predictions to compute total WER on...
2021-08-10 21:19:35 WARNING  WER: 35.55905511811024%
ac scale 0.13
/home/moisioa3/.conda/envs/mlm-scoring/lib/python3.9/site-packages/mxnet/optimizer/optimizer.py:163: UserWarning: WARNING: New optimizer gluonnlp.optimizer.lamb.LAMB is overriding existing optimizer mxnet.optimizer.optimizer.LAMB
  warnings.warn('WARNING: New optimizer %s.%s is overriding '
2021-08-10 21:19:38 WARNING  Model '/scratch/work/moisioa3/conv_lm/finbert-finetune/TurkuNLP/bert-base-finnish-cased-v1-finetuned-web-dsp/checkpoint-60000' not recognized as an MXNet model; treating as PyTorch model
2021-08-10 21:19:42 WARNING  541 shared keys found, rescoring these...
2021-08-10 21:19:42 WARNING  541 predictions to compute total WER on...
2021-08-10 21:19:43 WARNING  WER: 35.63779527559055%
ac scale 0.2
/home/moisioa3/.conda/envs/mlm-scoring/lib/python3.9/site-packages/mxnet/optimizer/optimizer.py:163: UserWarning: WARNING: New optimizer gluonnlp.optimizer.lamb.LAMB is overriding existing optimizer mxnet.optimizer.optimizer.LAMB
  warnings.warn('WARNING: New optimizer %s.%s is overriding '
2021-08-10 21:19:45 WARNING  Model '/scratch/work/moisioa3/conv_lm/finbert-finetune/TurkuNLP/bert-base-finnish-cased-v1-finetuned-web-dsp/checkpoint-60000' not recognized as an MXNet model; treating as PyTorch model
2021-08-10 21:19:49 WARNING  541 shared keys found, rescoring these...
2021-08-10 21:19:50 WARNING  541 predictions to compute total WER on...
2021-08-10 21:19:50 WARNING  WER: 36.724409448818896%
ac scale 0.3
/home/moisioa3/.conda/envs/mlm-scoring/lib/python3.9/site-packages/mxnet/optimizer/optimizer.py:163: UserWarning: WARNING: New optimizer gluonnlp.optimizer.lamb.LAMB is overriding existing optimizer mxnet.optimizer.optimizer.LAMB
  warnings.warn('WARNING: New optimizer %s.%s is overriding '
2021-08-10 21:19:52 WARNING  Model '/scratch/work/moisioa3/conv_lm/finbert-finetune/TurkuNLP/bert-base-finnish-cased-v1-finetuned-web-dsp/checkpoint-60000' not recognized as an MXNet model; treating as PyTorch model
2021-08-10 21:19:57 WARNING  541 shared keys found, rescoring these...
2021-08-10 21:19:57 WARNING  541 predictions to compute total WER on...
2021-08-10 21:19:57 WARNING  WER: 37.889763779527556%
../../../../keskustelu2020/experiments/am/converse_fin/exp/chain/tdnn7q_sp_ensemble_vc/100best_eval_morph_finbert_nosp_4-gram
rescoring /scratch/work/moisioa3/conv_lm/finbert-finetune/TurkuNLP/bert-base-finnish-cased-v1-finetuned-web-dsp/checkpoint-82000
ac scale 0.01
/home/moisioa3/.conda/envs/mlm-scoring/lib/python3.9/site-packages/mxnet/optimizer/optimizer.py:163: UserWarning: WARNING: New optimizer gluonnlp.optimizer.lamb.LAMB is overriding existing optimizer mxnet.optimizer.optimizer.LAMB
  warnings.warn('WARNING: New optimizer %s.%s is overriding '
2021-08-10 21:20:00 WARNING  Model '/scratch/work/moisioa3/conv_lm/finbert-finetune/TurkuNLP/bert-base-finnish-cased-v1-finetuned-web-dsp/checkpoint-82000' not recognized as an MXNet model; treating as PyTorch model
2021-08-10 21:20:04 WARNING  541 shared keys found, rescoring these...
2021-08-10 21:20:04 WARNING  541 predictions to compute total WER on...
2021-08-10 21:20:04 WARNING  WER: 36.83464566929134%
ac scale 0.03
/home/moisioa3/.conda/envs/mlm-scoring/lib/python3.9/site-packages/mxnet/optimizer/optimizer.py:163: UserWarning: WARNING: New optimizer gluonnlp.optimizer.lamb.LAMB is overriding existing optimizer mxnet.optimizer.optimizer.LAMB
  warnings.warn('WARNING: New optimizer %s.%s is overriding '
2021-08-10 21:20:07 WARNING  Model '/scratch/work/moisioa3/conv_lm/finbert-finetune/TurkuNLP/bert-base-finnish-cased-v1-finetuned-web-dsp/checkpoint-82000' not recognized as an MXNet model; treating as PyTorch model
2021-08-10 21:20:11 WARNING  541 shared keys found, rescoring these...
2021-08-10 21:20:12 WARNING  541 predictions to compute total WER on...
2021-08-10 21:20:12 WARNING  WER: 36.362204724409445%
ac scale 0.08
/home/moisioa3/.conda/envs/mlm-scoring/lib/python3.9/site-packages/mxnet/optimizer/optimizer.py:163: UserWarning: WARNING: New optimizer gluonnlp.optimizer.lamb.LAMB is overriding existing optimizer mxnet.optimizer.optimizer.LAMB
  warnings.warn('WARNING: New optimizer %s.%s is overriding '
2021-08-10 21:20:14 WARNING  Model '/scratch/work/moisioa3/conv_lm/finbert-finetune/TurkuNLP/bert-base-finnish-cased-v1-finetuned-web-dsp/checkpoint-82000' not recognized as an MXNet model; treating as PyTorch model
2021-08-10 21:20:18 WARNING  541 shared keys found, rescoring these...
2021-08-10 21:20:19 WARNING  541 predictions to compute total WER on...
2021-08-10 21:20:19 WARNING  WER: 35.527559055118104%
ac scale 0.1
/home/moisioa3/.conda/envs/mlm-scoring/lib/python3.9/site-packages/mxnet/optimizer/optimizer.py:163: UserWarning: WARNING: New optimizer gluonnlp.optimizer.lamb.LAMB is overriding existing optimizer mxnet.optimizer.optimizer.LAMB
  warnings.warn('WARNING: New optimizer %s.%s is overriding '
2021-08-10 21:20:22 WARNING  Model '/scratch/work/moisioa3/conv_lm/finbert-finetune/TurkuNLP/bert-base-finnish-cased-v1-finetuned-web-dsp/checkpoint-82000' not recognized as an MXNet model; treating as PyTorch model
2021-08-10 21:20:26 WARNING  541 shared keys found, rescoring these...
2021-08-10 21:20:26 WARNING  541 predictions to compute total WER on...
2021-08-10 21:20:26 WARNING  WER: 35.48031496062992%
ac scale 0.13
/home/moisioa3/.conda/envs/mlm-scoring/lib/python3.9/site-packages/mxnet/optimizer/optimizer.py:163: UserWarning: WARNING: New optimizer gluonnlp.optimizer.lamb.LAMB is overriding existing optimizer mxnet.optimizer.optimizer.LAMB
  warnings.warn('WARNING: New optimizer %s.%s is overriding '
2021-08-10 21:20:29 WARNING  Model '/scratch/work/moisioa3/conv_lm/finbert-finetune/TurkuNLP/bert-base-finnish-cased-v1-finetuned-web-dsp/checkpoint-82000' not recognized as an MXNet model; treating as PyTorch model
2021-08-10 21:20:33 WARNING  541 shared keys found, rescoring these...
2021-08-10 21:20:34 WARNING  541 predictions to compute total WER on...
2021-08-10 21:20:34 WARNING  WER: 35.35433070866142%
ac scale 0.2
/home/moisioa3/.conda/envs/mlm-scoring/lib/python3.9/site-packages/mxnet/optimizer/optimizer.py:163: UserWarning: WARNING: New optimizer gluonnlp.optimizer.lamb.LAMB is overriding existing optimizer mxnet.optimizer.optimizer.LAMB
  warnings.warn('WARNING: New optimizer %s.%s is overriding '
2021-08-10 21:20:36 WARNING  Model '/scratch/work/moisioa3/conv_lm/finbert-finetune/TurkuNLP/bert-base-finnish-cased-v1-finetuned-web-dsp/checkpoint-82000' not recognized as an MXNet model; treating as PyTorch model
2021-08-10 21:20:40 WARNING  541 shared keys found, rescoring these...
2021-08-10 21:20:41 WARNING  541 predictions to compute total WER on...
2021-08-10 21:20:41 WARNING  WER: 36.74015748031496%
ac scale 0.3
/home/moisioa3/.conda/envs/mlm-scoring/lib/python3.9/site-packages/mxnet/optimizer/optimizer.py:163: UserWarning: WARNING: New optimizer gluonnlp.optimizer.lamb.LAMB is overriding existing optimizer mxnet.optimizer.optimizer.LAMB
  warnings.warn('WARNING: New optimizer %s.%s is overriding '
2021-08-10 21:20:43 WARNING  Model '/scratch/work/moisioa3/conv_lm/finbert-finetune/TurkuNLP/bert-base-finnish-cased-v1-finetuned-web-dsp/checkpoint-82000' not recognized as an MXNet model; treating as PyTorch model
2021-08-10 21:20:48 WARNING  541 shared keys found, rescoring these...
2021-08-10 21:20:48 WARNING  541 predictions to compute total WER on...
2021-08-10 21:20:48 WARNING  WER: 37.71653543307087%
