
Currently Loaded Modules:
  1) CUDA/9.0.176   2) cuDNN/7-CUDA-9.0.176   3) miniconda/4.9.2

 

using 100-best list from ../../../../keskustelu2020/experiments/am/converse_fin/exp/chain/tdnn7q_sp_ensemble_vc/100best_momaf-movies-with-sub_word_web_dsp_os_nosp
scoring 100-best list using /scratch/work/moisioa3/conv_lm/finbert-finetune/TurkuNLP/bert-base-finnish-cased-v1-finetuned-opensubtitles_all/checkpoint-1000
write output to scored/tdnn7q_sp_ensemble_vc_word_web_dsp_os_nosp/100best_momaf-movies-with-sub_finbert_ft_cased_opensubtitles_all-checkpoint-1000.combined.ac0.083.json
/home/moisioa3/.conda/envs/mlm-scoring/lib/python3.9/site-packages/mxnet/optimizer/optimizer.py:163: UserWarning: WARNING: New optimizer gluonnlp.optimizer.lamb.LAMB is overriding existing optimizer mxnet.optimizer.optimizer.LAMB
  warnings.warn('WARNING: New optimizer %s.%s is overriding '
2021-08-14 16:42:30 WARNING  Model '/scratch/work/moisioa3/conv_lm/finbert-finetune/TurkuNLP/bert-base-finnish-cased-v1-finetuned-opensubtitles_all/checkpoint-1000' not recognized as an MXNet model; treating as PyTorch model
2021-08-14 16:42:35 WARNING  Created scorer of class 'MLMScorerPT'.
2021-08-14 16:42:35 WARNING  Language was set but this model does not use language embeddings!
2021-08-14 16:42:42 WARNING  # of input sequences: 11517
2021-08-14 16:42:42 WARNING  # of hypotheses: 1080200
2021-08-14 16:46:26 INFO     FixedBucketSampler:
  sample_num=6327796, batch_num=5477
  key=[12, 14, 16, 18, 20, 22, 24, 26, 28, 30]
  cnt=[4710496, 782689, 460071, 225752, 92263, 36920, 10604, 6176, 2419, 406]
  batch_size=[1250, 1071, 937, 833, 750, 681, 625, 576, 535, 500]
2021-08-14 16:46:33 INFO     10876 sents of 6327796, batch 20 of 5477
2021-08-14 16:46:38 INFO     23691 sents of 6327796, batch 40 of 5477
2021-08-14 16:46:43 INFO     37311 sents of 6327796, batch 60 of 5477
2021-08-14 16:46:48 INFO     50931 sents of 6327796, batch 80 of 5477
2021-08-14 16:46:53 INFO     64775 sents of 6327796, batch 100 of 5477
2021-08-14 16:46:58 INFO     79775 sents of 6327796, batch 120 of 5477
2021-08-14 16:47:03 INFO     94775 sents of 6327796, batch 140 of 5477
2021-08-14 16:47:08 INFO     109775 sents of 6327796, batch 160 of 5477
2021-08-14 16:47:13 INFO     124775 sents of 6327796, batch 180 of 5477
2021-08-14 16:47:18 INFO     139775 sents of 6327796, batch 200 of 5477
2021-08-14 16:47:23 INFO     154619 sents of 6327796, batch 220 of 5477
2021-08-14 16:47:29 INFO     171279 sents of 6327796, batch 240 of 5477
2021-08-14 16:47:34 INFO     187939 sents of 6327796, batch 260 of 5477
2021-08-14 16:47:39 INFO     204599 sents of 6327796, batch 280 of 5477
2021-08-14 16:47:44 INFO     221259 sents of 6327796, batch 300 of 5477
2021-08-14 16:47:49 INFO     237919 sents of 6327796, batch 320 of 5477
2021-08-14 16:47:55 INFO     254579 sents of 6327796, batch 340 of 5477
2021-08-14 16:48:00 INFO     271239 sents of 6327796, batch 360 of 5477
2021-08-14 16:48:05 INFO     287899 sents of 6327796, batch 380 of 5477
2021-08-14 16:48:10 INFO     304559 sents of 6327796, batch 400 of 5477
2021-08-14 16:48:15 INFO     321219 sents of 6327796, batch 420 of 5477
2021-08-14 16:48:21 INFO     337879 sents of 6327796, batch 440 of 5477
2021-08-14 16:48:26 INFO     354539 sents of 6327796, batch 460 of 5477
2021-08-14 16:48:31 INFO     371199 sents of 6327796, batch 480 of 5477
2021-08-14 16:48:36 INFO     388595 sents of 6327796, batch 500 of 5477
2021-08-14 16:48:41 INFO     407335 sents of 6327796, batch 520 of 5477
2021-08-14 16:48:46 INFO     426075 sents of 6327796, batch 540 of 5477
2021-08-14 16:48:51 INFO     444815 sents of 6327796, batch 560 of 5477
2021-08-14 16:48:56 INFO     463555 sents of 6327796, batch 580 of 5477
2021-08-14 16:49:01 INFO     482295 sents of 6327796, batch 600 of 5477
2021-08-14 16:49:06 INFO     501035 sents of 6327796, batch 620 of 5477
2021-08-14 16:49:12 INFO     519775 sents of 6327796, batch 640 of 5477
2021-08-14 16:49:17 INFO     538515 sents of 6327796, batch 660 of 5477
2021-08-14 16:49:22 INFO     557255 sents of 6327796, batch 680 of 5477
2021-08-14 16:49:27 INFO     575995 sents of 6327796, batch 700 of 5477
2021-08-14 16:49:32 INFO     594735 sents of 6327796, batch 720 of 5477
2021-08-14 16:49:37 INFO     613475 sents of 6327796, batch 740 of 5477
2021-08-14 16:49:42 INFO     632215 sents of 6327796, batch 760 of 5477
2021-08-14 16:49:47 INFO     650955 sents of 6327796, batch 780 of 5477
2021-08-14 16:49:52 INFO     669695 sents of 6327796, batch 800 of 5477
2021-08-14 16:49:57 INFO     688435 sents of 6327796, batch 820 of 5477
2021-08-14 16:50:02 INFO     707175 sents of 6327796, batch 840 of 5477
2021-08-14 16:50:08 INFO     725915 sents of 6327796, batch 860 of 5477
2021-08-14 16:50:13 INFO     744655 sents of 6327796, batch 880 of 5477
2021-08-14 16:50:18 INFO     763395 sents of 6327796, batch 900 of 5477
2021-08-14 16:50:23 INFO     782135 sents of 6327796, batch 920 of 5477
2021-08-14 16:50:28 INFO     800875 sents of 6327796, batch 940 of 5477
2021-08-14 16:50:33 INFO     819615 sents of 6327796, batch 960 of 5477
2021-08-14 16:50:38 INFO     837824 sents of 6327796, batch 980 of 5477
2021-08-14 16:50:43 INFO     859244 sents of 6327796, batch 1000 of 5477
2021-08-14 16:50:48 INFO     880664 sents of 6327796, batch 1020 of 5477
2021-08-14 16:50:53 INFO     902084 sents of 6327796, batch 1040 of 5477
2021-08-14 16:50:58 INFO     923504 sents of 6327796, batch 1060 of 5477
2021-08-14 16:51:04 INFO     944924 sents of 6327796, batch 1080 of 5477
2021-08-14 16:51:09 INFO     966344 sents of 6327796, batch 1100 of 5477
2021-08-14 16:51:14 INFO     987764 sents of 6327796, batch 1120 of 5477
2021-08-14 16:51:19 INFO     1009184 sents of 6327796, batch 1140 of 5477
2021-08-14 16:51:24 INFO     1030604 sents of 6327796, batch 1160 of 5477
2021-08-14 16:51:29 INFO     1052024 sents of 6327796, batch 1180 of 5477
2021-08-14 16:51:34 INFO     1073444 sents of 6327796, batch 1200 of 5477
2021-08-14 16:51:39 INFO     1094864 sents of 6327796, batch 1220 of 5477
2021-08-14 16:51:45 INFO     1116284 sents of 6327796, batch 1240 of 5477
2021-08-14 16:51:50 INFO     1137704 sents of 6327796, batch 1260 of 5477
2021-08-14 16:51:55 INFO     1159124 sents of 6327796, batch 1280 of 5477
2021-08-14 16:52:00 INFO     1180544 sents of 6327796, batch 1300 of 5477
2021-08-14 16:52:05 INFO     1201964 sents of 6327796, batch 1320 of 5477
2021-08-14 16:52:10 INFO     1223384 sents of 6327796, batch 1340 of 5477
2021-08-14 16:52:15 INFO     1244804 sents of 6327796, batch 1360 of 5477
2021-08-14 16:52:20 INFO     1266224 sents of 6327796, batch 1380 of 5477
2021-08-14 16:52:26 INFO     1287644 sents of 6327796, batch 1400 of 5477
2021-08-14 16:52:31 INFO     1309064 sents of 6327796, batch 1420 of 5477
2021-08-14 16:52:36 INFO     1330484 sents of 6327796, batch 1440 of 5477
2021-08-14 16:52:41 INFO     1351904 sents of 6327796, batch 1460 of 5477
2021-08-14 16:52:46 INFO     1373324 sents of 6327796, batch 1480 of 5477
2021-08-14 16:52:51 INFO     1394744 sents of 6327796, batch 1500 of 5477
2021-08-14 16:52:56 INFO     1416164 sents of 6327796, batch 1520 of 5477
2021-08-14 16:53:01 INFO     1437584 sents of 6327796, batch 1540 of 5477
2021-08-14 16:53:07 INFO     1459004 sents of 6327796, batch 1560 of 5477
2021-08-14 16:53:12 INFO     1480424 sents of 6327796, batch 1580 of 5477
2021-08-14 16:53:17 INFO     1501844 sents of 6327796, batch 1600 of 5477
2021-08-14 16:53:22 INFO     1523264 sents of 6327796, batch 1620 of 5477
2021-08-14 16:53:27 INFO     1544684 sents of 6327796, batch 1640 of 5477
2021-08-14 16:53:32 INFO     1566104 sents of 6327796, batch 1660 of 5477
2021-08-14 16:53:37 INFO     1587524 sents of 6327796, batch 1680 of 5477
2021-08-14 16:53:42 INFO     1608944 sents of 6327796, batch 1700 of 5477
2021-08-14 16:53:47 INFO     1632300 sents of 6327796, batch 1720 of 5477
2021-08-14 16:53:52 INFO     1657300 sents of 6327796, batch 1740 of 5477
2021-08-14 16:53:57 INFO     1682300 sents of 6327796, batch 1760 of 5477
2021-08-14 16:54:03 INFO     1707300 sents of 6327796, batch 1780 of 5477
2021-08-14 16:54:08 INFO     1732300 sents of 6327796, batch 1800 of 5477
2021-08-14 16:54:13 INFO     1757300 sents of 6327796, batch 1820 of 5477
2021-08-14 16:54:18 INFO     1782300 sents of 6327796, batch 1840 of 5477
2021-08-14 16:54:23 INFO     1807300 sents of 6327796, batch 1860 of 5477
2021-08-14 16:54:28 INFO     1832300 sents of 6327796, batch 1880 of 5477
2021-08-14 16:54:33 INFO     1857300 sents of 6327796, batch 1900 of 5477
2021-08-14 16:54:38 INFO     1882300 sents of 6327796, batch 1920 of 5477
2021-08-14 16:54:43 INFO     1907300 sents of 6327796, batch 1940 of 5477
2021-08-14 16:54:48 INFO     1932300 sents of 6327796, batch 1960 of 5477
2021-08-14 16:54:53 INFO     1957300 sents of 6327796, batch 1980 of 5477
2021-08-14 16:54:58 INFO     1982300 sents of 6327796, batch 2000 of 5477
2021-08-14 16:55:02 INFO     2007300 sents of 6327796, batch 2020 of 5477
2021-08-14 16:55:07 INFO     2032300 sents of 6327796, batch 2040 of 5477
2021-08-14 16:55:12 INFO     2057300 sents of 6327796, batch 2060 of 5477
2021-08-14 16:55:17 INFO     2082300 sents of 6327796, batch 2080 of 5477
2021-08-14 16:55:22 INFO     2107300 sents of 6327796, batch 2100 of 5477
2021-08-14 16:55:27 INFO     2132300 sents of 6327796, batch 2120 of 5477
2021-08-14 16:55:32 INFO     2157300 sents of 6327796, batch 2140 of 5477
2021-08-14 16:55:37 INFO     2182300 sents of 6327796, batch 2160 of 5477
2021-08-14 16:55:42 INFO     2207300 sents of 6327796, batch 2180 of 5477
2021-08-14 16:55:47 INFO     2232300 sents of 6327796, batch 2200 of 5477
2021-08-14 16:55:52 INFO     2257300 sents of 6327796, batch 2220 of 5477
2021-08-14 16:55:57 INFO     2282300 sents of 6327796, batch 2240 of 5477
2021-08-14 16:56:02 INFO     2307300 sents of 6327796, batch 2260 of 5477
2021-08-14 16:56:06 INFO     2332300 sents of 6327796, batch 2280 of 5477
2021-08-14 16:56:11 INFO     2357300 sents of 6327796, batch 2300 of 5477
2021-08-14 16:56:16 INFO     2382300 sents of 6327796, batch 2320 of 5477
2021-08-14 16:56:21 INFO     2407300 sents of 6327796, batch 2340 of 5477
2021-08-14 16:56:25 INFO     2432300 sents of 6327796, batch 2360 of 5477
2021-08-14 16:56:29 INFO     2457300 sents of 6327796, batch 2380 of 5477
2021-08-14 16:56:33 INFO     2482300 sents of 6327796, batch 2400 of 5477
2021-08-14 16:56:38 INFO     2507300 sents of 6327796, batch 2420 of 5477
2021-08-14 16:56:43 INFO     2532300 sents of 6327796, batch 2440 of 5477
2021-08-14 16:56:48 INFO     2557300 sents of 6327796, batch 2460 of 5477
2021-08-14 16:56:52 INFO     2582300 sents of 6327796, batch 2480 of 5477
2021-08-14 16:56:57 INFO     2607300 sents of 6327796, batch 2500 of 5477
2021-08-14 16:57:01 INFO     2632300 sents of 6327796, batch 2520 of 5477
2021-08-14 16:57:06 INFO     2657300 sents of 6327796, batch 2540 of 5477
2021-08-14 16:57:11 INFO     2682300 sents of 6327796, batch 2560 of 5477
2021-08-14 16:57:16 INFO     2707300 sents of 6327796, batch 2580 of 5477
2021-08-14 16:57:20 INFO     2732300 sents of 6327796, batch 2600 of 5477
2021-08-14 16:57:25 INFO     2757300 sents of 6327796, batch 2620 of 5477
2021-08-14 16:57:30 INFO     2782300 sents of 6327796, batch 2640 of 5477
2021-08-14 16:57:35 INFO     2807300 sents of 6327796, batch 2660 of 5477
2021-08-14 16:57:41 INFO     2832300 sents of 6327796, batch 2680 of 5477
2021-08-14 16:57:46 INFO     2857300 sents of 6327796, batch 2700 of 5477
2021-08-14 16:57:51 INFO     2882300 sents of 6327796, batch 2720 of 5477
2021-08-14 16:57:56 INFO     2907300 sents of 6327796, batch 2740 of 5477
2021-08-14 16:58:01 INFO     2932300 sents of 6327796, batch 2760 of 5477
2021-08-14 16:58:06 INFO     2957300 sents of 6327796, batch 2780 of 5477
2021-08-14 16:58:11 INFO     2982300 sents of 6327796, batch 2800 of 5477
2021-08-14 16:58:16 INFO     3007300 sents of 6327796, batch 2820 of 5477
2021-08-14 16:58:21 INFO     3032300 sents of 6327796, batch 2840 of 5477
2021-08-14 16:58:26 INFO     3057300 sents of 6327796, batch 2860 of 5477
2021-08-14 16:58:31 INFO     3082300 sents of 6327796, batch 2880 of 5477
2021-08-14 16:58:36 INFO     3107300 sents of 6327796, batch 2900 of 5477
2021-08-14 16:58:41 INFO     3132300 sents of 6327796, batch 2920 of 5477
2021-08-14 16:58:46 INFO     3157300 sents of 6327796, batch 2940 of 5477
2021-08-14 16:58:51 INFO     3182300 sents of 6327796, batch 2960 of 5477
2021-08-14 16:58:56 INFO     3207300 sents of 6327796, batch 2980 of 5477
2021-08-14 16:59:00 INFO     3232300 sents of 6327796, batch 3000 of 5477
2021-08-14 16:59:05 INFO     3257300 sents of 6327796, batch 3020 of 5477
2021-08-14 16:59:10 INFO     3282300 sents of 6327796, batch 3040 of 5477
2021-08-14 16:59:15 INFO     3307300 sents of 6327796, batch 3060 of 5477
2021-08-14 16:59:20 INFO     3332300 sents of 6327796, batch 3080 of 5477
2021-08-14 16:59:25 INFO     3357300 sents of 6327796, batch 3100 of 5477
2021-08-14 16:59:30 INFO     3382300 sents of 6327796, batch 3120 of 5477
2021-08-14 16:59:35 INFO     3407300 sents of 6327796, batch 3140 of 5477
2021-08-14 16:59:40 INFO     3432300 sents of 6327796, batch 3160 of 5477
2021-08-14 16:59:45 INFO     3457300 sents of 6327796, batch 3180 of 5477
2021-08-14 16:59:50 INFO     3482300 sents of 6327796, batch 3200 of 5477
2021-08-14 16:59:55 INFO     3507300 sents of 6327796, batch 3220 of 5477
2021-08-14 17:00:00 INFO     3532300 sents of 6327796, batch 3240 of 5477
2021-08-14 17:00:06 INFO     3557300 sents of 6327796, batch 3260 of 5477
2021-08-14 17:00:11 INFO     3582300 sents of 6327796, batch 3280 of 5477
2021-08-14 17:00:16 INFO     3607300 sents of 6327796, batch 3300 of 5477
2021-08-14 17:00:21 INFO     3632300 sents of 6327796, batch 3320 of 5477
2021-08-14 17:00:26 INFO     3657300 sents of 6327796, batch 3340 of 5477
2021-08-14 17:00:31 INFO     3682300 sents of 6327796, batch 3360 of 5477
2021-08-14 17:00:36 INFO     3707300 sents of 6327796, batch 3380 of 5477
2021-08-14 17:00:41 INFO     3732300 sents of 6327796, batch 3400 of 5477
2021-08-14 17:00:46 INFO     3757300 sents of 6327796, batch 3420 of 5477
2021-08-14 17:00:51 INFO     3782300 sents of 6327796, batch 3440 of 5477
2021-08-14 17:00:56 INFO     3807300 sents of 6327796, batch 3460 of 5477
2021-08-14 17:01:02 INFO     3832300 sents of 6327796, batch 3480 of 5477
2021-08-14 17:01:07 INFO     3857300 sents of 6327796, batch 3500 of 5477
2021-08-14 17:01:12 INFO     3882300 sents of 6327796, batch 3520 of 5477
2021-08-14 17:01:17 INFO     3907300 sents of 6327796, batch 3540 of 5477
2021-08-14 17:01:22 INFO     3932300 sents of 6327796, batch 3560 of 5477
2021-08-14 17:01:27 INFO     3957300 sents of 6327796, batch 3580 of 5477
2021-08-14 17:01:32 INFO     3982300 sents of 6327796, batch 3600 of 5477
2021-08-14 17:01:37 INFO     4007300 sents of 6327796, batch 3620 of 5477
2021-08-14 17:01:43 INFO     4032300 sents of 6327796, batch 3640 of 5477
2021-08-14 17:01:48 INFO     4057300 sents of 6327796, batch 3660 of 5477
2021-08-14 17:01:53 INFO     4082300 sents of 6327796, batch 3680 of 5477
2021-08-14 17:01:58 INFO     4107300 sents of 6327796, batch 3700 of 5477
2021-08-14 17:02:03 INFO     4132300 sents of 6327796, batch 3720 of 5477
2021-08-14 17:02:08 INFO     4157300 sents of 6327796, batch 3740 of 5477
2021-08-14 17:02:13 INFO     4182300 sents of 6327796, batch 3760 of 5477
2021-08-14 17:02:18 INFO     4207300 sents of 6327796, batch 3780 of 5477
2021-08-14 17:02:23 INFO     4232300 sents of 6327796, batch 3800 of 5477
2021-08-14 17:02:28 INFO     4257300 sents of 6327796, batch 3820 of 5477
2021-08-14 17:02:33 INFO     4282300 sents of 6327796, batch 3840 of 5477
2021-08-14 17:02:38 INFO     4307300 sents of 6327796, batch 3860 of 5477
2021-08-14 17:02:43 INFO     4332300 sents of 6327796, batch 3880 of 5477
2021-08-14 17:02:48 INFO     4357300 sents of 6327796, batch 3900 of 5477
2021-08-14 17:02:54 INFO     4382300 sents of 6327796, batch 3920 of 5477
2021-08-14 17:02:59 INFO     4407300 sents of 6327796, batch 3940 of 5477
2021-08-14 17:03:04 INFO     4432300 sents of 6327796, batch 3960 of 5477
2021-08-14 17:03:09 INFO     4457300 sents of 6327796, batch 3980 of 5477
2021-08-14 17:03:14 INFO     4482300 sents of 6327796, batch 4000 of 5477
2021-08-14 17:03:19 INFO     4507300 sents of 6327796, batch 4020 of 5477
2021-08-14 17:03:24 INFO     4532300 sents of 6327796, batch 4040 of 5477
2021-08-14 17:03:29 INFO     4557300 sents of 6327796, batch 4060 of 5477
2021-08-14 17:03:34 INFO     4582300 sents of 6327796, batch 4080 of 5477
2021-08-14 17:03:39 INFO     4607300 sents of 6327796, batch 4100 of 5477
2021-08-14 17:03:44 INFO     4632300 sents of 6327796, batch 4120 of 5477
2021-08-14 17:03:49 INFO     4657300 sents of 6327796, batch 4140 of 5477
2021-08-14 17:03:54 INFO     4682300 sents of 6327796, batch 4160 of 5477
2021-08-14 17:03:59 INFO     4707300 sents of 6327796, batch 4180 of 5477
2021-08-14 17:04:04 INFO     4732300 sents of 6327796, batch 4200 of 5477
2021-08-14 17:04:08 INFO     4757300 sents of 6327796, batch 4220 of 5477
2021-08-14 17:04:14 INFO     4782300 sents of 6327796, batch 4240 of 5477
2021-08-14 17:04:18 INFO     4807300 sents of 6327796, batch 4260 of 5477
2021-08-14 17:04:23 INFO     4832300 sents of 6327796, batch 4280 of 5477
2021-08-14 17:04:28 INFO     4857300 sents of 6327796, batch 4300 of 5477
2021-08-14 17:04:33 INFO     4882300 sents of 6327796, batch 4320 of 5477
2021-08-14 17:04:38 INFO     4907300 sents of 6327796, batch 4340 of 5477
2021-08-14 17:04:43 INFO     4932300 sents of 6327796, batch 4360 of 5477
2021-08-14 17:04:48 INFO     4957300 sents of 6327796, batch 4380 of 5477
2021-08-14 17:04:53 INFO     4982300 sents of 6327796, batch 4400 of 5477
2021-08-14 17:04:58 INFO     5007300 sents of 6327796, batch 4420 of 5477
2021-08-14 17:05:03 INFO     5032300 sents of 6327796, batch 4440 of 5477
2021-08-14 17:05:08 INFO     5057300 sents of 6327796, batch 4460 of 5477
2021-08-14 17:05:13 INFO     5082300 sents of 6327796, batch 4480 of 5477
2021-08-14 17:05:18 INFO     5107300 sents of 6327796, batch 4500 of 5477
2021-08-14 17:05:23 INFO     5132300 sents of 6327796, batch 4520 of 5477
2021-08-14 17:05:27 INFO     5157300 sents of 6327796, batch 4540 of 5477
2021-08-14 17:05:32 INFO     5182300 sents of 6327796, batch 4560 of 5477
2021-08-14 17:05:37 INFO     5207300 sents of 6327796, batch 4580 of 5477
2021-08-14 17:05:42 INFO     5232300 sents of 6327796, batch 4600 of 5477
2021-08-14 17:05:47 INFO     5257300 sents of 6327796, batch 4620 of 5477
2021-08-14 17:05:52 INFO     5282300 sents of 6327796, batch 4640 of 5477
2021-08-14 17:05:57 INFO     5307300 sents of 6327796, batch 4660 of 5477
2021-08-14 17:06:02 INFO     5332300 sents of 6327796, batch 4680 of 5477
2021-08-14 17:06:07 INFO     5357300 sents of 6327796, batch 4700 of 5477
2021-08-14 17:06:12 INFO     5382300 sents of 6327796, batch 4720 of 5477
2021-08-14 17:06:17 INFO     5407300 sents of 6327796, batch 4740 of 5477
2021-08-14 17:06:22 INFO     5432300 sents of 6327796, batch 4760 of 5477
2021-08-14 17:06:27 INFO     5457300 sents of 6327796, batch 4780 of 5477
2021-08-14 17:06:32 INFO     5482300 sents of 6327796, batch 4800 of 5477
2021-08-14 17:06:37 INFO     5507300 sents of 6327796, batch 4820 of 5477
2021-08-14 17:06:42 INFO     5532300 sents of 6327796, batch 4840 of 5477
2021-08-14 17:06:46 INFO     5557300 sents of 6327796, batch 4860 of 5477
2021-08-14 17:06:51 INFO     5582300 sents of 6327796, batch 4880 of 5477
2021-08-14 17:06:56 INFO     5607300 sents of 6327796, batch 4900 of 5477
2021-08-14 17:07:01 INFO     5632300 sents of 6327796, batch 4920 of 5477
2021-08-14 17:07:06 INFO     5657300 sents of 6327796, batch 4940 of 5477
2021-08-14 17:07:11 INFO     5682300 sents of 6327796, batch 4960 of 5477
2021-08-14 17:07:17 INFO     5707300 sents of 6327796, batch 4980 of 5477
2021-08-14 17:07:22 INFO     5732300 sents of 6327796, batch 5000 of 5477
2021-08-14 17:07:27 INFO     5757300 sents of 6327796, batch 5020 of 5477
2021-08-14 17:07:32 INFO     5782300 sents of 6327796, batch 5040 of 5477
2021-08-14 17:07:37 INFO     5807300 sents of 6327796, batch 5060 of 5477
2021-08-14 17:07:42 INFO     5832300 sents of 6327796, batch 5080 of 5477
2021-08-14 17:07:47 INFO     5857300 sents of 6327796, batch 5100 of 5477
2021-08-14 17:07:52 INFO     5882300 sents of 6327796, batch 5120 of 5477
2021-08-14 17:07:57 INFO     5907300 sents of 6327796, batch 5140 of 5477
2021-08-14 17:08:02 INFO     5932300 sents of 6327796, batch 5160 of 5477
2021-08-14 17:08:07 INFO     5957300 sents of 6327796, batch 5180 of 5477
2021-08-14 17:08:12 INFO     5982300 sents of 6327796, batch 5200 of 5477
2021-08-14 17:08:17 INFO     6007300 sents of 6327796, batch 5220 of 5477
2021-08-14 17:08:23 INFO     6032300 sents of 6327796, batch 5240 of 5477
2021-08-14 17:08:28 INFO     6057300 sents of 6327796, batch 5260 of 5477
2021-08-14 17:08:33 INFO     6082300 sents of 6327796, batch 5280 of 5477
2021-08-14 17:08:38 INFO     6107300 sents of 6327796, batch 5300 of 5477
2021-08-14 17:08:43 INFO     6132300 sents of 6327796, batch 5320 of 5477
2021-08-14 17:08:48 INFO     6157300 sents of 6327796, batch 5340 of 5477
2021-08-14 17:08:53 INFO     6182300 sents of 6327796, batch 5360 of 5477
2021-08-14 17:08:58 INFO     6207300 sents of 6327796, batch 5380 of 5477
2021-08-14 17:09:03 INFO     6232300 sents of 6327796, batch 5400 of 5477
2021-08-14 17:09:08 INFO     6257300 sents of 6327796, batch 5420 of 5477
2021-08-14 17:09:13 INFO     6282300 sents of 6327796, batch 5440 of 5477
2021-08-14 17:09:18 INFO     6307300 sents of 6327796, batch 5460 of 5477
2021-08-14 17:09:29 WARNING  # words: 4987418
2021-08-14 17:09:29 WARNING  longest sentence: 19
2021-08-14 17:09:29 WARNING  # tokens: 6327796
2021-08-14 17:09:29 WARNING  Token-level (P)PPL: 1008.3894995681621
2021-08-14 17:09:29 WARNING  Word-normalized (P)PPL: 6469.3268393865965
../../../../keskustelu2020/experiments/am/converse_fin/exp/chain/tdnn7q_sp_ensemble_vc/100best_momaf-movies-with-sub_word_web_dsp_os_nosp
rescoring /scratch/work/moisioa3/conv_lm/finbert-finetune/TurkuNLP/bert-base-finnish-cased-v1-finetuned-opensubtitles_all/checkpoint-1000
ac scale 0.083
/home/moisioa3/.conda/envs/mlm-scoring/lib/python3.9/site-packages/mxnet/optimizer/optimizer.py:163: UserWarning: WARNING: New optimizer gluonnlp.optimizer.lamb.LAMB is overriding existing optimizer mxnet.optimizer.optimizer.LAMB
  warnings.warn('WARNING: New optimizer %s.%s is overriding '
2021-08-14 17:09:48 WARNING  Model '/scratch/work/moisioa3/conv_lm/finbert-finetune/TurkuNLP/bert-base-finnish-cased-v1-finetuned-opensubtitles_all/checkpoint-1000' not recognized as an MXNet model; treating as PyTorch model
2021-08-14 17:09:57 WARNING  11517 shared keys found, rescoring these...
2021-08-14 17:10:09 WARNING  11517 predictions to compute total WER on...
2021-08-14 17:10:09 WARNING  WER: 78.01635198659571%
using 100-best list from ../../../../keskustelu2020/experiments/am/converse_fin/exp/chain/tdnn7q_sp_ensemble_vc/100best_momaf-movies-with-sub_word_web_dsp_os_nosp
scoring 100-best list using /scratch/work/moisioa3/conv_lm/finbert-finetune/TurkuNLP/bert-base-finnish-cased-v1-finetuned-opensubtitles_all/checkpoint-10000
write output to scored/tdnn7q_sp_ensemble_vc_word_web_dsp_os_nosp/100best_momaf-movies-with-sub_finbert_ft_cased_opensubtitles_all-checkpoint-10000.combined.ac0.083.json
/home/moisioa3/.conda/envs/mlm-scoring/lib/python3.9/site-packages/mxnet/optimizer/optimizer.py:163: UserWarning: WARNING: New optimizer gluonnlp.optimizer.lamb.LAMB is overriding existing optimizer mxnet.optimizer.optimizer.LAMB
  warnings.warn('WARNING: New optimizer %s.%s is overriding '
2021-08-14 17:10:13 WARNING  Model '/scratch/work/moisioa3/conv_lm/finbert-finetune/TurkuNLP/bert-base-finnish-cased-v1-finetuned-opensubtitles_all/checkpoint-10000' not recognized as an MXNet model; treating as PyTorch model
2021-08-14 17:10:18 WARNING  Created scorer of class 'MLMScorerPT'.
2021-08-14 17:10:18 WARNING  Language was set but this model does not use language embeddings!
2021-08-14 17:10:26 WARNING  # of input sequences: 11517
2021-08-14 17:10:26 WARNING  # of hypotheses: 1080200
2021-08-14 17:14:07 INFO     FixedBucketSampler:
  sample_num=6327796, batch_num=5477
  key=[12, 14, 16, 18, 20, 22, 24, 26, 28, 30]
  cnt=[4710496, 782689, 460071, 225752, 92263, 36920, 10604, 6176, 2419, 406]
  batch_size=[1250, 1071, 937, 833, 750, 681, 625, 576, 535, 500]
2021-08-14 17:14:14 INFO     10876 sents of 6327796, batch 20 of 5477
2021-08-14 17:14:19 INFO     23691 sents of 6327796, batch 40 of 5477
2021-08-14 17:14:24 INFO     37311 sents of 6327796, batch 60 of 5477
2021-08-14 17:14:29 INFO     50931 sents of 6327796, batch 80 of 5477
2021-08-14 17:14:34 INFO     64775 sents of 6327796, batch 100 of 5477
2021-08-14 17:14:39 INFO     79775 sents of 6327796, batch 120 of 5477
2021-08-14 17:14:44 INFO     94775 sents of 6327796, batch 140 of 5477
2021-08-14 17:14:49 INFO     109775 sents of 6327796, batch 160 of 5477
2021-08-14 17:14:54 INFO     124775 sents of 6327796, batch 180 of 5477
2021-08-14 17:15:00 INFO     139775 sents of 6327796, batch 200 of 5477
2021-08-14 17:15:04 INFO     154619 sents of 6327796, batch 220 of 5477
2021-08-14 17:15:10 INFO     171279 sents of 6327796, batch 240 of 5477
2021-08-14 17:15:15 INFO     187939 sents of 6327796, batch 260 of 5477
2021-08-14 17:15:20 INFO     204599 sents of 6327796, batch 280 of 5477
2021-08-14 17:15:25 INFO     221259 sents of 6327796, batch 300 of 5477
2021-08-14 17:15:30 INFO     237919 sents of 6327796, batch 320 of 5477
2021-08-14 17:15:36 INFO     254579 sents of 6327796, batch 340 of 5477
2021-08-14 17:15:41 INFO     271239 sents of 6327796, batch 360 of 5477
2021-08-14 17:15:46 INFO     287899 sents of 6327796, batch 380 of 5477
2021-08-14 17:15:51 INFO     304559 sents of 6327796, batch 400 of 5477
2021-08-14 17:15:56 INFO     321219 sents of 6327796, batch 420 of 5477
2021-08-14 17:16:02 INFO     337879 sents of 6327796, batch 440 of 5477
2021-08-14 17:16:07 INFO     354539 sents of 6327796, batch 460 of 5477
2021-08-14 17:16:12 INFO     371199 sents of 6327796, batch 480 of 5477
2021-08-14 17:16:17 INFO     388595 sents of 6327796, batch 500 of 5477
2021-08-14 17:16:22 INFO     407335 sents of 6327796, batch 520 of 5477
2021-08-14 17:16:27 INFO     426075 sents of 6327796, batch 540 of 5477
2021-08-14 17:16:32 INFO     444815 sents of 6327796, batch 560 of 5477
2021-08-14 17:16:37 INFO     463555 sents of 6327796, batch 580 of 5477
2021-08-14 17:16:42 INFO     482295 sents of 6327796, batch 600 of 5477
2021-08-14 17:16:47 INFO     501035 sents of 6327796, batch 620 of 5477
2021-08-14 17:16:53 INFO     519775 sents of 6327796, batch 640 of 5477
2021-08-14 17:16:58 INFO     538515 sents of 6327796, batch 660 of 5477
2021-08-14 17:17:03 INFO     557255 sents of 6327796, batch 680 of 5477
2021-08-14 17:17:08 INFO     575995 sents of 6327796, batch 700 of 5477
2021-08-14 17:17:13 INFO     594735 sents of 6327796, batch 720 of 5477
2021-08-14 17:17:18 INFO     613475 sents of 6327796, batch 740 of 5477
2021-08-14 17:17:23 INFO     632215 sents of 6327796, batch 760 of 5477
2021-08-14 17:17:28 INFO     650955 sents of 6327796, batch 780 of 5477
2021-08-14 17:17:33 INFO     669695 sents of 6327796, batch 800 of 5477
2021-08-14 17:17:38 INFO     688435 sents of 6327796, batch 820 of 5477
2021-08-14 17:17:43 INFO     707175 sents of 6327796, batch 840 of 5477
2021-08-14 17:17:49 INFO     725915 sents of 6327796, batch 860 of 5477
2021-08-14 17:17:54 INFO     744655 sents of 6327796, batch 880 of 5477
2021-08-14 17:17:59 INFO     763395 sents of 6327796, batch 900 of 5477
2021-08-14 17:18:04 INFO     782135 sents of 6327796, batch 920 of 5477
2021-08-14 17:18:09 INFO     800875 sents of 6327796, batch 940 of 5477
2021-08-14 17:18:14 INFO     819615 sents of 6327796, batch 960 of 5477
2021-08-14 17:18:19 INFO     837824 sents of 6327796, batch 980 of 5477
2021-08-14 17:18:24 INFO     859244 sents of 6327796, batch 1000 of 5477
2021-08-14 17:18:29 INFO     880664 sents of 6327796, batch 1020 of 5477
2021-08-14 17:18:34 INFO     902084 sents of 6327796, batch 1040 of 5477
2021-08-14 17:18:39 INFO     923504 sents of 6327796, batch 1060 of 5477
2021-08-14 17:18:44 INFO     944924 sents of 6327796, batch 1080 of 5477
2021-08-14 17:18:50 INFO     966344 sents of 6327796, batch 1100 of 5477
2021-08-14 17:18:55 INFO     987764 sents of 6327796, batch 1120 of 5477
2021-08-14 17:19:00 INFO     1009184 sents of 6327796, batch 1140 of 5477
2021-08-14 17:19:05 INFO     1030604 sents of 6327796, batch 1160 of 5477
2021-08-14 17:19:10 INFO     1052024 sents of 6327796, batch 1180 of 5477
2021-08-14 17:19:15 INFO     1073444 sents of 6327796, batch 1200 of 5477
2021-08-14 17:19:20 INFO     1094864 sents of 6327796, batch 1220 of 5477
2021-08-14 17:19:25 INFO     1116284 sents of 6327796, batch 1240 of 5477
2021-08-14 17:19:31 INFO     1137704 sents of 6327796, batch 1260 of 5477
2021-08-14 17:19:36 INFO     1159124 sents of 6327796, batch 1280 of 5477
2021-08-14 17:19:41 INFO     1180544 sents of 6327796, batch 1300 of 5477
2021-08-14 17:19:46 INFO     1201964 sents of 6327796, batch 1320 of 5477
2021-08-14 17:19:51 INFO     1223384 sents of 6327796, batch 1340 of 5477
2021-08-14 17:19:56 INFO     1244804 sents of 6327796, batch 1360 of 5477
2021-08-14 17:20:01 INFO     1266224 sents of 6327796, batch 1380 of 5477
2021-08-14 17:20:06 INFO     1287644 sents of 6327796, batch 1400 of 5477
2021-08-14 17:20:11 INFO     1309064 sents of 6327796, batch 1420 of 5477
2021-08-14 17:20:17 INFO     1330484 sents of 6327796, batch 1440 of 5477
2021-08-14 17:20:22 INFO     1351904 sents of 6327796, batch 1460 of 5477
2021-08-14 17:20:27 INFO     1373324 sents of 6327796, batch 1480 of 5477
2021-08-14 17:20:32 INFO     1394744 sents of 6327796, batch 1500 of 5477
2021-08-14 17:20:37 INFO     1416164 sents of 6327796, batch 1520 of 5477
2021-08-14 17:20:42 INFO     1437584 sents of 6327796, batch 1540 of 5477
2021-08-14 17:20:47 INFO     1459004 sents of 6327796, batch 1560 of 5477
2021-08-14 17:20:52 INFO     1480424 sents of 6327796, batch 1580 of 5477
2021-08-14 17:20:58 INFO     1501844 sents of 6327796, batch 1600 of 5477
2021-08-14 17:21:03 INFO     1523264 sents of 6327796, batch 1620 of 5477
2021-08-14 17:21:08 INFO     1544684 sents of 6327796, batch 1640 of 5477
2021-08-14 17:21:13 INFO     1566104 sents of 6327796, batch 1660 of 5477
2021-08-14 17:21:18 INFO     1587524 sents of 6327796, batch 1680 of 5477
2021-08-14 17:21:23 INFO     1608944 sents of 6327796, batch 1700 of 5477
2021-08-14 17:21:28 INFO     1632300 sents of 6327796, batch 1720 of 5477
2021-08-14 17:21:33 INFO     1657300 sents of 6327796, batch 1740 of 5477
2021-08-14 17:21:38 INFO     1682300 sents of 6327796, batch 1760 of 5477
2021-08-14 17:21:43 INFO     1707300 sents of 6327796, batch 1780 of 5477
2021-08-14 17:21:49 INFO     1732300 sents of 6327796, batch 1800 of 5477
2021-08-14 17:21:53 INFO     1757300 sents of 6327796, batch 1820 of 5477
2021-08-14 17:21:58 INFO     1782300 sents of 6327796, batch 1840 of 5477
2021-08-14 17:22:04 INFO     1807300 sents of 6327796, batch 1860 of 5477
2021-08-14 17:22:09 INFO     1832300 sents of 6327796, batch 1880 of 5477
2021-08-14 17:22:14 INFO     1857300 sents of 6327796, batch 1900 of 5477
2021-08-14 17:22:19 INFO     1882300 sents of 6327796, batch 1920 of 5477
2021-08-14 17:22:24 INFO     1907300 sents of 6327796, batch 1940 of 5477
2021-08-14 17:22:29 INFO     1932300 sents of 6327796, batch 1960 of 5477
2021-08-14 17:22:34 INFO     1957300 sents of 6327796, batch 1980 of 5477
2021-08-14 17:22:38 INFO     1982300 sents of 6327796, batch 2000 of 5477
2021-08-14 17:22:43 INFO     2007300 sents of 6327796, batch 2020 of 5477
2021-08-14 17:22:48 INFO     2032300 sents of 6327796, batch 2040 of 5477
2021-08-14 17:22:53 INFO     2057300 sents of 6327796, batch 2060 of 5477
2021-08-14 17:22:58 INFO     2082300 sents of 6327796, batch 2080 of 5477
2021-08-14 17:23:03 INFO     2107300 sents of 6327796, batch 2100 of 5477
2021-08-14 17:23:08 INFO     2132300 sents of 6327796, batch 2120 of 5477
2021-08-14 17:23:13 INFO     2157300 sents of 6327796, batch 2140 of 5477
2021-08-14 17:23:18 INFO     2182300 sents of 6327796, batch 2160 of 5477
2021-08-14 17:23:23 INFO     2207300 sents of 6327796, batch 2180 of 5477
2021-08-14 17:23:27 INFO     2232300 sents of 6327796, batch 2200 of 5477
2021-08-14 17:23:33 INFO     2257300 sents of 6327796, batch 2220 of 5477
2021-08-14 17:23:37 INFO     2282300 sents of 6327796, batch 2240 of 5477
2021-08-14 17:23:42 INFO     2307300 sents of 6327796, batch 2260 of 5477
2021-08-14 17:23:47 INFO     2332300 sents of 6327796, batch 2280 of 5477
2021-08-14 17:23:52 INFO     2357300 sents of 6327796, batch 2300 of 5477
2021-08-14 17:23:57 INFO     2382300 sents of 6327796, batch 2320 of 5477
2021-08-14 17:24:02 INFO     2407300 sents of 6327796, batch 2340 of 5477
2021-08-14 17:24:06 INFO     2432300 sents of 6327796, batch 2360 of 5477
2021-08-14 17:24:10 INFO     2457300 sents of 6327796, batch 2380 of 5477
2021-08-14 17:24:14 INFO     2482300 sents of 6327796, batch 2400 of 5477
2021-08-14 17:24:19 INFO     2507300 sents of 6327796, batch 2420 of 5477
2021-08-14 17:24:24 INFO     2532300 sents of 6327796, batch 2440 of 5477
2021-08-14 17:24:29 INFO     2557300 sents of 6327796, batch 2460 of 5477
2021-08-14 17:24:33 INFO     2582300 sents of 6327796, batch 2480 of 5477
2021-08-14 17:24:38 INFO     2607300 sents of 6327796, batch 2500 of 5477
2021-08-14 17:24:42 INFO     2632300 sents of 6327796, batch 2520 of 5477
2021-08-14 17:24:47 INFO     2657300 sents of 6327796, batch 2540 of 5477
2021-08-14 17:24:52 INFO     2682300 sents of 6327796, batch 2560 of 5477
2021-08-14 17:24:56 INFO     2707300 sents of 6327796, batch 2580 of 5477
2021-08-14 17:25:01 INFO     2732300 sents of 6327796, batch 2600 of 5477
2021-08-14 17:25:06 INFO     2757300 sents of 6327796, batch 2620 of 5477
2021-08-14 17:25:11 INFO     2782300 sents of 6327796, batch 2640 of 5477
2021-08-14 17:25:16 INFO     2807300 sents of 6327796, batch 2660 of 5477
2021-08-14 17:25:21 INFO     2832300 sents of 6327796, batch 2680 of 5477
2021-08-14 17:25:26 INFO     2857300 sents of 6327796, batch 2700 of 5477
2021-08-14 17:25:31 INFO     2882300 sents of 6327796, batch 2720 of 5477
2021-08-14 17:25:36 INFO     2907300 sents of 6327796, batch 2740 of 5477
2021-08-14 17:25:41 INFO     2932300 sents of 6327796, batch 2760 of 5477
2021-08-14 17:25:46 INFO     2957300 sents of 6327796, batch 2780 of 5477
2021-08-14 17:25:51 INFO     2982300 sents of 6327796, batch 2800 of 5477
2021-08-14 17:25:56 INFO     3007300 sents of 6327796, batch 2820 of 5477
2021-08-14 17:26:01 INFO     3032300 sents of 6327796, batch 2840 of 5477
2021-08-14 17:26:06 INFO     3057300 sents of 6327796, batch 2860 of 5477
2021-08-14 17:26:11 INFO     3082300 sents of 6327796, batch 2880 of 5477
2021-08-14 17:26:17 INFO     3107300 sents of 6327796, batch 2900 of 5477
2021-08-14 17:26:22 INFO     3132300 sents of 6327796, batch 2920 of 5477
2021-08-14 17:26:27 INFO     3157300 sents of 6327796, batch 2940 of 5477
2021-08-14 17:26:31 INFO     3182300 sents of 6327796, batch 2960 of 5477
2021-08-14 17:26:36 INFO     3207300 sents of 6327796, batch 2980 of 5477
2021-08-14 17:26:41 INFO     3232300 sents of 6327796, batch 3000 of 5477
2021-08-14 17:26:46 INFO     3257300 sents of 6327796, batch 3020 of 5477
2021-08-14 17:26:51 INFO     3282300 sents of 6327796, batch 3040 of 5477
2021-08-14 17:26:56 INFO     3307300 sents of 6327796, batch 3060 of 5477
2021-08-14 17:27:01 INFO     3332300 sents of 6327796, batch 3080 of 5477
2021-08-14 17:27:06 INFO     3357300 sents of 6327796, batch 3100 of 5477
2021-08-14 17:27:11 INFO     3382300 sents of 6327796, batch 3120 of 5477
2021-08-14 17:27:16 INFO     3407300 sents of 6327796, batch 3140 of 5477
2021-08-14 17:27:21 INFO     3432300 sents of 6327796, batch 3160 of 5477
2021-08-14 17:27:26 INFO     3457300 sents of 6327796, batch 3180 of 5477
2021-08-14 17:27:31 INFO     3482300 sents of 6327796, batch 3200 of 5477
2021-08-14 17:27:36 INFO     3507300 sents of 6327796, batch 3220 of 5477
2021-08-14 17:27:41 INFO     3532300 sents of 6327796, batch 3240 of 5477
2021-08-14 17:27:46 INFO     3557300 sents of 6327796, batch 3260 of 5477
2021-08-14 17:27:51 INFO     3582300 sents of 6327796, batch 3280 of 5477
2021-08-14 17:27:56 INFO     3607300 sents of 6327796, batch 3300 of 5477
2021-08-14 17:28:01 INFO     3632300 sents of 6327796, batch 3320 of 5477
2021-08-14 17:28:06 INFO     3657300 sents of 6327796, batch 3340 of 5477
2021-08-14 17:28:11 INFO     3682300 sents of 6327796, batch 3360 of 5477
2021-08-14 17:28:16 INFO     3707300 sents of 6327796, batch 3380 of 5477
2021-08-14 17:28:22 INFO     3732300 sents of 6327796, batch 3400 of 5477
2021-08-14 17:28:27 INFO     3757300 sents of 6327796, batch 3420 of 5477
2021-08-14 17:28:32 INFO     3782300 sents of 6327796, batch 3440 of 5477
2021-08-14 17:28:37 INFO     3807300 sents of 6327796, batch 3460 of 5477
2021-08-14 17:28:42 INFO     3832300 sents of 6327796, batch 3480 of 5477
2021-08-14 17:28:47 INFO     3857300 sents of 6327796, batch 3500 of 5477
2021-08-14 17:28:52 INFO     3882300 sents of 6327796, batch 3520 of 5477
2021-08-14 17:28:57 INFO     3907300 sents of 6327796, batch 3540 of 5477
2021-08-14 17:29:02 INFO     3932300 sents of 6327796, batch 3560 of 5477
2021-08-14 17:29:07 INFO     3957300 sents of 6327796, batch 3580 of 5477
2021-08-14 17:29:12 INFO     3982300 sents of 6327796, batch 3600 of 5477
2021-08-14 17:29:18 INFO     4007300 sents of 6327796, batch 3620 of 5477
2021-08-14 17:29:23 INFO     4032300 sents of 6327796, batch 3640 of 5477
2021-08-14 17:29:28 INFO     4057300 sents of 6327796, batch 3660 of 5477
2021-08-14 17:29:33 INFO     4082300 sents of 6327796, batch 3680 of 5477
2021-08-14 17:29:38 INFO     4107300 sents of 6327796, batch 3700 of 5477
2021-08-14 17:29:43 INFO     4132300 sents of 6327796, batch 3720 of 5477
2021-08-14 17:29:48 INFO     4157300 sents of 6327796, batch 3740 of 5477
2021-08-14 17:29:53 INFO     4182300 sents of 6327796, batch 3760 of 5477
2021-08-14 17:29:58 INFO     4207300 sents of 6327796, batch 3780 of 5477
2021-08-14 17:30:03 INFO     4232300 sents of 6327796, batch 3800 of 5477
2021-08-14 17:30:08 INFO     4257300 sents of 6327796, batch 3820 of 5477
2021-08-14 17:30:13 INFO     4282300 sents of 6327796, batch 3840 of 5477
2021-08-14 17:30:18 INFO     4307300 sents of 6327796, batch 3860 of 5477
2021-08-14 17:30:23 INFO     4332300 sents of 6327796, batch 3880 of 5477
2021-08-14 17:30:28 INFO     4357300 sents of 6327796, batch 3900 of 5477
2021-08-14 17:30:34 INFO     4382300 sents of 6327796, batch 3920 of 5477
2021-08-14 17:30:39 INFO     4407300 sents of 6327796, batch 3940 of 5477
2021-08-14 17:30:44 INFO     4432300 sents of 6327796, batch 3960 of 5477
2021-08-14 17:30:49 INFO     4457300 sents of 6327796, batch 3980 of 5477
2021-08-14 17:30:54 INFO     4482300 sents of 6327796, batch 4000 of 5477
2021-08-14 17:30:59 INFO     4507300 sents of 6327796, batch 4020 of 5477
2021-08-14 17:31:04 INFO     4532300 sents of 6327796, batch 4040 of 5477
2021-08-14 17:31:09 INFO     4557300 sents of 6327796, batch 4060 of 5477
2021-08-14 17:31:13 INFO     4582300 sents of 6327796, batch 4080 of 5477
2021-08-14 17:31:18 INFO     4607300 sents of 6327796, batch 4100 of 5477
2021-08-14 17:31:23 INFO     4632300 sents of 6327796, batch 4120 of 5477
2021-08-14 17:31:29 INFO     4657300 sents of 6327796, batch 4140 of 5477
2021-08-14 17:31:33 INFO     4682300 sents of 6327796, batch 4160 of 5477
2021-08-14 17:31:38 INFO     4707300 sents of 6327796, batch 4180 of 5477
2021-08-14 17:31:43 INFO     4732300 sents of 6327796, batch 4200 of 5477
2021-08-14 17:31:48 INFO     4757300 sents of 6327796, batch 4220 of 5477
2021-08-14 17:31:53 INFO     4782300 sents of 6327796, batch 4240 of 5477
2021-08-14 17:31:58 INFO     4807300 sents of 6327796, batch 4260 of 5477
2021-08-14 17:32:03 INFO     4832300 sents of 6327796, batch 4280 of 5477
2021-08-14 17:32:08 INFO     4857300 sents of 6327796, batch 4300 of 5477
2021-08-14 17:32:13 INFO     4882300 sents of 6327796, batch 4320 of 5477
2021-08-14 17:32:18 INFO     4907300 sents of 6327796, batch 4340 of 5477
2021-08-14 17:32:23 INFO     4932300 sents of 6327796, batch 4360 of 5477
2021-08-14 17:32:28 INFO     4957300 sents of 6327796, batch 4380 of 5477
2021-08-14 17:32:32 INFO     4982300 sents of 6327796, batch 4400 of 5477
2021-08-14 17:32:38 INFO     5007300 sents of 6327796, batch 4420 of 5477
2021-08-14 17:32:43 INFO     5032300 sents of 6327796, batch 4440 of 5477
2021-08-14 17:32:48 INFO     5057300 sents of 6327796, batch 4460 of 5477
2021-08-14 17:32:52 INFO     5082300 sents of 6327796, batch 4480 of 5477
2021-08-14 17:32:57 INFO     5107300 sents of 6327796, batch 4500 of 5477
2021-08-14 17:33:02 INFO     5132300 sents of 6327796, batch 4520 of 5477
2021-08-14 17:33:07 INFO     5157300 sents of 6327796, batch 4540 of 5477
2021-08-14 17:33:12 INFO     5182300 sents of 6327796, batch 4560 of 5477
2021-08-14 17:33:17 INFO     5207300 sents of 6327796, batch 4580 of 5477
2021-08-14 17:33:22 INFO     5232300 sents of 6327796, batch 4600 of 5477
2021-08-14 17:33:27 INFO     5257300 sents of 6327796, batch 4620 of 5477
2021-08-14 17:33:32 INFO     5282300 sents of 6327796, batch 4640 of 5477
2021-08-14 17:33:37 INFO     5307300 sents of 6327796, batch 4660 of 5477
2021-08-14 17:33:42 INFO     5332300 sents of 6327796, batch 4680 of 5477
2021-08-14 17:33:47 INFO     5357300 sents of 6327796, batch 4700 of 5477
2021-08-14 17:33:51 INFO     5382300 sents of 6327796, batch 4720 of 5477
2021-08-14 17:33:56 INFO     5407300 sents of 6327796, batch 4740 of 5477
2021-08-14 17:34:01 INFO     5432300 sents of 6327796, batch 4760 of 5477
2021-08-14 17:34:06 INFO     5457300 sents of 6327796, batch 4780 of 5477
2021-08-14 17:34:11 INFO     5482300 sents of 6327796, batch 4800 of 5477
2021-08-14 17:34:16 INFO     5507300 sents of 6327796, batch 4820 of 5477
2021-08-14 17:34:21 INFO     5532300 sents of 6327796, batch 4840 of 5477
2021-08-14 17:34:26 INFO     5557300 sents of 6327796, batch 4860 of 5477
2021-08-14 17:34:31 INFO     5582300 sents of 6327796, batch 4880 of 5477
2021-08-14 17:34:36 INFO     5607300 sents of 6327796, batch 4900 of 5477
2021-08-14 17:34:41 INFO     5632300 sents of 6327796, batch 4920 of 5477
2021-08-14 17:34:46 INFO     5657300 sents of 6327796, batch 4940 of 5477
2021-08-14 17:34:51 INFO     5682300 sents of 6327796, batch 4960 of 5477
2021-08-14 17:34:56 INFO     5707300 sents of 6327796, batch 4980 of 5477
2021-08-14 17:35:01 INFO     5732300 sents of 6327796, batch 5000 of 5477
2021-08-14 17:35:06 INFO     5757300 sents of 6327796, batch 5020 of 5477
2021-08-14 17:35:11 INFO     5782300 sents of 6327796, batch 5040 of 5477
2021-08-14 17:35:16 INFO     5807300 sents of 6327796, batch 5060 of 5477
2021-08-14 17:35:21 INFO     5832300 sents of 6327796, batch 5080 of 5477
2021-08-14 17:35:26 INFO     5857300 sents of 6327796, batch 5100 of 5477
2021-08-14 17:35:31 INFO     5882300 sents of 6327796, batch 5120 of 5477
2021-08-14 17:35:36 INFO     5907300 sents of 6327796, batch 5140 of 5477
2021-08-14 17:35:41 INFO     5932300 sents of 6327796, batch 5160 of 5477
2021-08-14 17:35:47 INFO     5957300 sents of 6327796, batch 5180 of 5477
2021-08-14 17:35:51 INFO     5982300 sents of 6327796, batch 5200 of 5477
2021-08-14 17:35:57 INFO     6007300 sents of 6327796, batch 5220 of 5477
2021-08-14 17:36:02 INFO     6032300 sents of 6327796, batch 5240 of 5477
2021-08-14 17:36:07 INFO     6057300 sents of 6327796, batch 5260 of 5477
2021-08-14 17:36:12 INFO     6082300 sents of 6327796, batch 5280 of 5477
2021-08-14 17:36:17 INFO     6107300 sents of 6327796, batch 5300 of 5477
2021-08-14 17:36:22 INFO     6132300 sents of 6327796, batch 5320 of 5477
2021-08-14 17:36:27 INFO     6157300 sents of 6327796, batch 5340 of 5477
2021-08-14 17:36:32 INFO     6182300 sents of 6327796, batch 5360 of 5477
2021-08-14 17:36:37 INFO     6207300 sents of 6327796, batch 5380 of 5477
2021-08-14 17:36:42 INFO     6232300 sents of 6327796, batch 5400 of 5477
2021-08-14 17:36:47 INFO     6257300 sents of 6327796, batch 5420 of 5477
2021-08-14 17:36:52 INFO     6282300 sents of 6327796, batch 5440 of 5477
2021-08-14 17:36:57 INFO     6307300 sents of 6327796, batch 5460 of 5477
2021-08-14 17:37:08 WARNING  # words: 4987418
2021-08-14 17:37:08 WARNING  longest sentence: 19
2021-08-14 17:37:08 WARNING  # tokens: 6327796
2021-08-14 17:37:08 WARNING  Token-level (P)PPL: 968.0438163598167
2021-08-14 17:37:08 WARNING  Word-normalized (P)PPL: 6142.708910940049
../../../../keskustelu2020/experiments/am/converse_fin/exp/chain/tdnn7q_sp_ensemble_vc/100best_momaf-movies-with-sub_word_web_dsp_os_nosp
rescoring /scratch/work/moisioa3/conv_lm/finbert-finetune/TurkuNLP/bert-base-finnish-cased-v1-finetuned-opensubtitles_all/checkpoint-10000
ac scale 0.083
/home/moisioa3/.conda/envs/mlm-scoring/lib/python3.9/site-packages/mxnet/optimizer/optimizer.py:163: UserWarning: WARNING: New optimizer gluonnlp.optimizer.lamb.LAMB is overriding existing optimizer mxnet.optimizer.optimizer.LAMB
  warnings.warn('WARNING: New optimizer %s.%s is overriding '
2021-08-14 17:37:23 WARNING  Model '/scratch/work/moisioa3/conv_lm/finbert-finetune/TurkuNLP/bert-base-finnish-cased-v1-finetuned-opensubtitles_all/checkpoint-10000' not recognized as an MXNet model; treating as PyTorch model
2021-08-14 17:37:33 WARNING  11517 shared keys found, rescoring these...
2021-08-14 17:37:45 WARNING  11517 predictions to compute total WER on...
2021-08-14 17:37:45 WARNING  WER: 78.14356858060412%
using 100-best list from ../../../../keskustelu2020/experiments/am/converse_fin/exp/chain/tdnn7q_sp_ensemble_vc/100best_momaf-movies-with-sub_word_web_dsp_os_nosp
scoring 100-best list using /scratch/work/moisioa3/conv_lm/finbert-finetune/TurkuNLP/bert-base-finnish-cased-v1-finetuned-opensubtitles_all/checkpoint-20000
write output to scored/tdnn7q_sp_ensemble_vc_word_web_dsp_os_nosp/100best_momaf-movies-with-sub_finbert_ft_cased_opensubtitles_all-checkpoint-20000.combined.ac0.083.json
/home/moisioa3/.conda/envs/mlm-scoring/lib/python3.9/site-packages/mxnet/optimizer/optimizer.py:163: UserWarning: WARNING: New optimizer gluonnlp.optimizer.lamb.LAMB is overriding existing optimizer mxnet.optimizer.optimizer.LAMB
  warnings.warn('WARNING: New optimizer %s.%s is overriding '
2021-08-14 17:37:48 WARNING  Model '/scratch/work/moisioa3/conv_lm/finbert-finetune/TurkuNLP/bert-base-finnish-cased-v1-finetuned-opensubtitles_all/checkpoint-20000' not recognized as an MXNet model; treating as PyTorch model
2021-08-14 17:37:54 WARNING  Created scorer of class 'MLMScorerPT'.
2021-08-14 17:37:54 WARNING  Language was set but this model does not use language embeddings!
2021-08-14 17:38:01 WARNING  # of input sequences: 11517
2021-08-14 17:38:01 WARNING  # of hypotheses: 1080200
2021-08-14 17:41:41 INFO     FixedBucketSampler:
  sample_num=6327796, batch_num=5477
  key=[12, 14, 16, 18, 20, 22, 24, 26, 28, 30]
  cnt=[4710496, 782689, 460071, 225752, 92263, 36920, 10604, 6176, 2419, 406]
  batch_size=[1250, 1071, 937, 833, 750, 681, 625, 576, 535, 500]
2021-08-14 17:41:47 INFO     10876 sents of 6327796, batch 20 of 5477
2021-08-14 17:41:52 INFO     23691 sents of 6327796, batch 40 of 5477
2021-08-14 17:41:57 INFO     37311 sents of 6327796, batch 60 of 5477
2021-08-14 17:42:02 INFO     50931 sents of 6327796, batch 80 of 5477
2021-08-14 17:42:07 INFO     64775 sents of 6327796, batch 100 of 5477
2021-08-14 17:42:12 INFO     79775 sents of 6327796, batch 120 of 5477
2021-08-14 17:42:17 INFO     94775 sents of 6327796, batch 140 of 5477
2021-08-14 17:42:23 INFO     109775 sents of 6327796, batch 160 of 5477
2021-08-14 17:42:28 INFO     124775 sents of 6327796, batch 180 of 5477
2021-08-14 17:42:33 INFO     139775 sents of 6327796, batch 200 of 5477
2021-08-14 17:42:38 INFO     154619 sents of 6327796, batch 220 of 5477
2021-08-14 17:42:43 INFO     171279 sents of 6327796, batch 240 of 5477
2021-08-14 17:42:48 INFO     187939 sents of 6327796, batch 260 of 5477
2021-08-14 17:42:53 INFO     204599 sents of 6327796, batch 280 of 5477
2021-08-14 17:42:58 INFO     221259 sents of 6327796, batch 300 of 5477
2021-08-14 17:43:04 INFO     237919 sents of 6327796, batch 320 of 5477
2021-08-14 17:43:09 INFO     254579 sents of 6327796, batch 340 of 5477
2021-08-14 17:43:14 INFO     271239 sents of 6327796, batch 360 of 5477
2021-08-14 17:43:19 INFO     287899 sents of 6327796, batch 380 of 5477
2021-08-14 17:43:24 INFO     304559 sents of 6327796, batch 400 of 5477
2021-08-14 17:43:30 INFO     321219 sents of 6327796, batch 420 of 5477
2021-08-14 17:43:35 INFO     337879 sents of 6327796, batch 440 of 5477
2021-08-14 17:43:40 INFO     354539 sents of 6327796, batch 460 of 5477
2021-08-14 17:43:45 INFO     371199 sents of 6327796, batch 480 of 5477
2021-08-14 17:43:50 INFO     388595 sents of 6327796, batch 500 of 5477
2021-08-14 17:43:55 INFO     407335 sents of 6327796, batch 520 of 5477
2021-08-14 17:44:00 INFO     426075 sents of 6327796, batch 540 of 5477
2021-08-14 17:44:05 INFO     444815 sents of 6327796, batch 560 of 5477
2021-08-14 17:44:11 INFO     463555 sents of 6327796, batch 580 of 5477
2021-08-14 17:44:16 INFO     482295 sents of 6327796, batch 600 of 5477
2021-08-14 17:44:21 INFO     501035 sents of 6327796, batch 620 of 5477
2021-08-14 17:44:26 INFO     519775 sents of 6327796, batch 640 of 5477
2021-08-14 17:44:31 INFO     538515 sents of 6327796, batch 660 of 5477
2021-08-14 17:44:36 INFO     557255 sents of 6327796, batch 680 of 5477
2021-08-14 17:44:41 INFO     575995 sents of 6327796, batch 700 of 5477
2021-08-14 17:44:46 INFO     594735 sents of 6327796, batch 720 of 5477
2021-08-14 17:44:51 INFO     613475 sents of 6327796, batch 740 of 5477
2021-08-14 17:44:56 INFO     632215 sents of 6327796, batch 760 of 5477
2021-08-14 17:45:01 INFO     650955 sents of 6327796, batch 780 of 5477
2021-08-14 17:45:06 INFO     669695 sents of 6327796, batch 800 of 5477
2021-08-14 17:45:12 INFO     688435 sents of 6327796, batch 820 of 5477
2021-08-14 17:45:17 INFO     707175 sents of 6327796, batch 840 of 5477
2021-08-14 17:45:22 INFO     725915 sents of 6327796, batch 860 of 5477
2021-08-14 17:45:27 INFO     744655 sents of 6327796, batch 880 of 5477
2021-08-14 17:45:32 INFO     763395 sents of 6327796, batch 900 of 5477
2021-08-14 17:45:37 INFO     782135 sents of 6327796, batch 920 of 5477
2021-08-14 17:45:42 INFO     800875 sents of 6327796, batch 940 of 5477
2021-08-14 17:45:47 INFO     819615 sents of 6327796, batch 960 of 5477
2021-08-14 17:45:52 INFO     837824 sents of 6327796, batch 980 of 5477
2021-08-14 17:45:57 INFO     859244 sents of 6327796, batch 1000 of 5477
2021-08-14 17:46:02 INFO     880664 sents of 6327796, batch 1020 of 5477
2021-08-14 17:46:07 INFO     902084 sents of 6327796, batch 1040 of 5477
2021-08-14 17:46:12 INFO     923504 sents of 6327796, batch 1060 of 5477
2021-08-14 17:46:18 INFO     944924 sents of 6327796, batch 1080 of 5477
2021-08-14 17:46:23 INFO     966344 sents of 6327796, batch 1100 of 5477
2021-08-14 17:46:28 INFO     987764 sents of 6327796, batch 1120 of 5477
2021-08-14 17:46:33 INFO     1009184 sents of 6327796, batch 1140 of 5477
2021-08-14 17:46:38 INFO     1030604 sents of 6327796, batch 1160 of 5477
2021-08-14 17:46:43 INFO     1052024 sents of 6327796, batch 1180 of 5477
2021-08-14 17:46:48 INFO     1073444 sents of 6327796, batch 1200 of 5477
2021-08-14 17:46:53 INFO     1094864 sents of 6327796, batch 1220 of 5477
2021-08-14 17:46:59 INFO     1116284 sents of 6327796, batch 1240 of 5477
2021-08-14 17:47:04 INFO     1137704 sents of 6327796, batch 1260 of 5477
2021-08-14 17:47:09 INFO     1159124 sents of 6327796, batch 1280 of 5477
2021-08-14 17:47:14 INFO     1180544 sents of 6327796, batch 1300 of 5477
2021-08-14 17:47:19 INFO     1201964 sents of 6327796, batch 1320 of 5477
2021-08-14 17:47:24 INFO     1223384 sents of 6327796, batch 1340 of 5477
2021-08-14 17:47:29 INFO     1244804 sents of 6327796, batch 1360 of 5477
2021-08-14 17:47:35 INFO     1266224 sents of 6327796, batch 1380 of 5477
2021-08-14 17:47:41 INFO     1287644 sents of 6327796, batch 1400 of 5477
2021-08-14 17:47:46 INFO     1309064 sents of 6327796, batch 1420 of 5477
2021-08-14 17:47:51 INFO     1330484 sents of 6327796, batch 1440 of 5477
2021-08-14 17:47:56 INFO     1351904 sents of 6327796, batch 1460 of 5477
2021-08-14 17:48:01 INFO     1373324 sents of 6327796, batch 1480 of 5477
2021-08-14 17:48:06 INFO     1394744 sents of 6327796, batch 1500 of 5477
2021-08-14 17:48:11 INFO     1416164 sents of 6327796, batch 1520 of 5477
2021-08-14 17:48:16 INFO     1437584 sents of 6327796, batch 1540 of 5477
2021-08-14 17:48:22 INFO     1459004 sents of 6327796, batch 1560 of 5477
2021-08-14 17:48:27 INFO     1480424 sents of 6327796, batch 1580 of 5477
2021-08-14 17:48:32 INFO     1501844 sents of 6327796, batch 1600 of 5477
2021-08-14 17:48:37 INFO     1523264 sents of 6327796, batch 1620 of 5477
2021-08-14 17:48:42 INFO     1544684 sents of 6327796, batch 1640 of 5477
2021-08-14 17:48:47 INFO     1566104 sents of 6327796, batch 1660 of 5477
2021-08-14 17:48:52 INFO     1587524 sents of 6327796, batch 1680 of 5477
2021-08-14 17:48:57 INFO     1608944 sents of 6327796, batch 1700 of 5477
2021-08-14 17:49:03 INFO     1632300 sents of 6327796, batch 1720 of 5477
2021-08-14 17:49:07 INFO     1657300 sents of 6327796, batch 1740 of 5477
2021-08-14 17:49:13 INFO     1682300 sents of 6327796, batch 1760 of 5477
2021-08-14 17:49:18 INFO     1707300 sents of 6327796, batch 1780 of 5477
2021-08-14 17:49:23 INFO     1732300 sents of 6327796, batch 1800 of 5477
2021-08-14 17:49:28 INFO     1757300 sents of 6327796, batch 1820 of 5477
2021-08-14 17:49:33 INFO     1782300 sents of 6327796, batch 1840 of 5477
2021-08-14 17:49:38 INFO     1807300 sents of 6327796, batch 1860 of 5477
2021-08-14 17:49:43 INFO     1832300 sents of 6327796, batch 1880 of 5477
2021-08-14 17:49:48 INFO     1857300 sents of 6327796, batch 1900 of 5477
2021-08-14 17:49:53 INFO     1882300 sents of 6327796, batch 1920 of 5477
2021-08-14 17:49:58 INFO     1907300 sents of 6327796, batch 1940 of 5477
2021-08-14 17:50:03 INFO     1932300 sents of 6327796, batch 1960 of 5477
2021-08-14 17:50:08 INFO     1957300 sents of 6327796, batch 1980 of 5477
2021-08-14 17:50:13 INFO     1982300 sents of 6327796, batch 2000 of 5477
2021-08-14 17:50:17 INFO     2007300 sents of 6327796, batch 2020 of 5477
2021-08-14 17:50:22 INFO     2032300 sents of 6327796, batch 2040 of 5477
2021-08-14 17:50:27 INFO     2057300 sents of 6327796, batch 2060 of 5477
2021-08-14 17:50:32 INFO     2082300 sents of 6327796, batch 2080 of 5477
2021-08-14 17:50:37 INFO     2107300 sents of 6327796, batch 2100 of 5477
2021-08-14 17:50:42 INFO     2132300 sents of 6327796, batch 2120 of 5477
2021-08-14 17:50:47 INFO     2157300 sents of 6327796, batch 2140 of 5477
2021-08-14 17:50:52 INFO     2182300 sents of 6327796, batch 2160 of 5477
2021-08-14 17:50:57 INFO     2207300 sents of 6327796, batch 2180 of 5477
2021-08-14 17:51:02 INFO     2232300 sents of 6327796, batch 2200 of 5477
2021-08-14 17:51:07 INFO     2257300 sents of 6327796, batch 2220 of 5477
2021-08-14 17:51:12 INFO     2282300 sents of 6327796, batch 2240 of 5477
2021-08-14 17:51:17 INFO     2307300 sents of 6327796, batch 2260 of 5477
2021-08-14 17:51:21 INFO     2332300 sents of 6327796, batch 2280 of 5477
2021-08-14 17:51:26 INFO     2357300 sents of 6327796, batch 2300 of 5477
2021-08-14 17:51:31 INFO     2382300 sents of 6327796, batch 2320 of 5477
2021-08-14 17:51:36 INFO     2407300 sents of 6327796, batch 2340 of 5477
2021-08-14 17:51:40 INFO     2432300 sents of 6327796, batch 2360 of 5477
2021-08-14 17:51:44 INFO     2457300 sents of 6327796, batch 2380 of 5477
2021-08-14 17:51:48 INFO     2482300 sents of 6327796, batch 2400 of 5477
2021-08-14 17:51:53 INFO     2507300 sents of 6327796, batch 2420 of 5477
2021-08-14 17:51:58 INFO     2532300 sents of 6327796, batch 2440 of 5477
2021-08-14 17:52:03 INFO     2557300 sents of 6327796, batch 2460 of 5477
2021-08-14 17:52:07 INFO     2582300 sents of 6327796, batch 2480 of 5477
2021-08-14 17:52:12 INFO     2607300 sents of 6327796, batch 2500 of 5477
2021-08-14 17:52:16 INFO     2632300 sents of 6327796, batch 2520 of 5477
2021-08-14 17:52:21 INFO     2657300 sents of 6327796, batch 2540 of 5477
2021-08-14 17:52:26 INFO     2682300 sents of 6327796, batch 2560 of 5477
2021-08-14 17:52:30 INFO     2707300 sents of 6327796, batch 2580 of 5477
2021-08-14 17:52:35 INFO     2732300 sents of 6327796, batch 2600 of 5477
2021-08-14 17:52:40 INFO     2757300 sents of 6327796, batch 2620 of 5477
2021-08-14 17:52:45 INFO     2782300 sents of 6327796, batch 2640 of 5477
2021-08-14 17:52:50 INFO     2807300 sents of 6327796, batch 2660 of 5477
2021-08-14 17:52:55 INFO     2832300 sents of 6327796, batch 2680 of 5477
2021-08-14 17:53:01 INFO     2857300 sents of 6327796, batch 2700 of 5477
2021-08-14 17:53:05 INFO     2882300 sents of 6327796, batch 2720 of 5477
2021-08-14 17:53:11 INFO     2907300 sents of 6327796, batch 2740 of 5477
2021-08-14 17:53:15 INFO     2932300 sents of 6327796, batch 2760 of 5477
2021-08-14 17:53:20 INFO     2957300 sents of 6327796, batch 2780 of 5477
2021-08-14 17:53:25 INFO     2982300 sents of 6327796, batch 2800 of 5477
2021-08-14 17:53:30 INFO     3007300 sents of 6327796, batch 2820 of 5477
2021-08-14 17:53:36 INFO     3032300 sents of 6327796, batch 2840 of 5477
2021-08-14 17:53:40 INFO     3057300 sents of 6327796, batch 2860 of 5477
2021-08-14 17:53:46 INFO     3082300 sents of 6327796, batch 2880 of 5477
2021-08-14 17:53:51 INFO     3107300 sents of 6327796, batch 2900 of 5477
2021-08-14 17:53:56 INFO     3132300 sents of 6327796, batch 2920 of 5477
2021-08-14 17:54:01 INFO     3157300 sents of 6327796, batch 2940 of 5477
2021-08-14 17:54:06 INFO     3182300 sents of 6327796, batch 2960 of 5477
2021-08-14 17:54:11 INFO     3207300 sents of 6327796, batch 2980 of 5477
2021-08-14 17:54:15 INFO     3232300 sents of 6327796, batch 3000 of 5477
2021-08-14 17:54:20 INFO     3257300 sents of 6327796, batch 3020 of 5477
2021-08-14 17:54:25 INFO     3282300 sents of 6327796, batch 3040 of 5477
2021-08-14 17:54:30 INFO     3307300 sents of 6327796, batch 3060 of 5477
2021-08-14 17:54:35 INFO     3332300 sents of 6327796, batch 3080 of 5477
2021-08-14 17:54:40 INFO     3357300 sents of 6327796, batch 3100 of 5477
2021-08-14 17:54:45 INFO     3382300 sents of 6327796, batch 3120 of 5477
2021-08-14 17:54:50 INFO     3407300 sents of 6327796, batch 3140 of 5477
2021-08-14 17:54:55 INFO     3432300 sents of 6327796, batch 3160 of 5477
2021-08-14 17:55:00 INFO     3457300 sents of 6327796, batch 3180 of 5477
2021-08-14 17:55:05 INFO     3482300 sents of 6327796, batch 3200 of 5477
2021-08-14 17:55:10 INFO     3507300 sents of 6327796, batch 3220 of 5477
2021-08-14 17:55:15 INFO     3532300 sents of 6327796, batch 3240 of 5477
2021-08-14 17:55:21 INFO     3557300 sents of 6327796, batch 3260 of 5477
2021-08-14 17:55:26 INFO     3582300 sents of 6327796, batch 3280 of 5477
2021-08-14 17:55:31 INFO     3607300 sents of 6327796, batch 3300 of 5477
2021-08-14 17:55:36 INFO     3632300 sents of 6327796, batch 3320 of 5477
2021-08-14 17:55:41 INFO     3657300 sents of 6327796, batch 3340 of 5477
2021-08-14 17:55:46 INFO     3682300 sents of 6327796, batch 3360 of 5477
2021-08-14 17:55:51 INFO     3707300 sents of 6327796, batch 3380 of 5477
2021-08-14 17:55:56 INFO     3732300 sents of 6327796, batch 3400 of 5477
2021-08-14 17:56:01 INFO     3757300 sents of 6327796, batch 3420 of 5477
2021-08-14 17:56:06 INFO     3782300 sents of 6327796, batch 3440 of 5477
2021-08-14 17:56:11 INFO     3807300 sents of 6327796, batch 3460 of 5477
2021-08-14 17:56:16 INFO     3832300 sents of 6327796, batch 3480 of 5477
2021-08-14 17:56:22 INFO     3857300 sents of 6327796, batch 3500 of 5477
2021-08-14 17:56:27 INFO     3882300 sents of 6327796, batch 3520 of 5477
2021-08-14 17:56:32 INFO     3907300 sents of 6327796, batch 3540 of 5477
2021-08-14 17:56:37 INFO     3932300 sents of 6327796, batch 3560 of 5477
2021-08-14 17:56:42 INFO     3957300 sents of 6327796, batch 3580 of 5477
2021-08-14 17:56:47 INFO     3982300 sents of 6327796, batch 3600 of 5477
2021-08-14 17:56:52 INFO     4007300 sents of 6327796, batch 3620 of 5477
2021-08-14 17:56:58 INFO     4032300 sents of 6327796, batch 3640 of 5477
2021-08-14 17:57:03 INFO     4057300 sents of 6327796, batch 3660 of 5477
2021-08-14 17:57:08 INFO     4082300 sents of 6327796, batch 3680 of 5477
2021-08-14 17:57:13 INFO     4107300 sents of 6327796, batch 3700 of 5477
2021-08-14 17:57:18 INFO     4132300 sents of 6327796, batch 3720 of 5477
2021-08-14 17:57:23 INFO     4157300 sents of 6327796, batch 3740 of 5477
2021-08-14 17:57:28 INFO     4182300 sents of 6327796, batch 3760 of 5477
2021-08-14 17:57:33 INFO     4207300 sents of 6327796, batch 3780 of 5477
2021-08-14 17:57:38 INFO     4232300 sents of 6327796, batch 3800 of 5477
2021-08-14 17:57:43 INFO     4257300 sents of 6327796, batch 3820 of 5477
2021-08-14 17:57:48 INFO     4282300 sents of 6327796, batch 3840 of 5477
2021-08-14 17:57:53 INFO     4307300 sents of 6327796, batch 3860 of 5477
2021-08-14 17:57:58 INFO     4332300 sents of 6327796, batch 3880 of 5477
2021-08-14 17:58:03 INFO     4357300 sents of 6327796, batch 3900 of 5477
2021-08-14 17:58:09 INFO     4382300 sents of 6327796, batch 3920 of 5477
2021-08-14 17:58:14 INFO     4407300 sents of 6327796, batch 3940 of 5477
2021-08-14 17:58:19 INFO     4432300 sents of 6327796, batch 3960 of 5477
2021-08-14 17:58:24 INFO     4457300 sents of 6327796, batch 3980 of 5477
2021-08-14 17:58:29 INFO     4482300 sents of 6327796, batch 4000 of 5477
2021-08-14 17:58:34 INFO     4507300 sents of 6327796, batch 4020 of 5477
2021-08-14 17:58:39 INFO     4532300 sents of 6327796, batch 4040 of 5477
2021-08-14 17:58:44 INFO     4557300 sents of 6327796, batch 4060 of 5477
2021-08-14 17:58:49 INFO     4582300 sents of 6327796, batch 4080 of 5477
2021-08-14 17:58:54 INFO     4607300 sents of 6327796, batch 4100 of 5477
2021-08-14 17:58:59 INFO     4632300 sents of 6327796, batch 4120 of 5477
2021-08-14 17:59:04 INFO     4657300 sents of 6327796, batch 4140 of 5477
2021-08-14 17:59:09 INFO     4682300 sents of 6327796, batch 4160 of 5477
2021-08-14 17:59:14 INFO     4707300 sents of 6327796, batch 4180 of 5477
2021-08-14 17:59:18 INFO     4732300 sents of 6327796, batch 4200 of 5477
2021-08-14 17:59:23 INFO     4757300 sents of 6327796, batch 4220 of 5477
2021-08-14 17:59:28 INFO     4782300 sents of 6327796, batch 4240 of 5477
2021-08-14 17:59:33 INFO     4807300 sents of 6327796, batch 4260 of 5477
2021-08-14 17:59:38 INFO     4832300 sents of 6327796, batch 4280 of 5477
2021-08-14 17:59:43 INFO     4857300 sents of 6327796, batch 4300 of 5477
2021-08-14 17:59:48 INFO     4882300 sents of 6327796, batch 4320 of 5477
2021-08-14 17:59:53 INFO     4907300 sents of 6327796, batch 4340 of 5477
2021-08-14 17:59:58 INFO     4932300 sents of 6327796, batch 4360 of 5477
2021-08-14 18:00:03 INFO     4957300 sents of 6327796, batch 4380 of 5477
2021-08-14 18:00:08 INFO     4982300 sents of 6327796, batch 4400 of 5477
2021-08-14 18:00:13 INFO     5007300 sents of 6327796, batch 4420 of 5477
2021-08-14 18:00:18 INFO     5032300 sents of 6327796, batch 4440 of 5477
2021-08-14 18:00:23 INFO     5057300 sents of 6327796, batch 4460 of 5477
2021-08-14 18:00:28 INFO     5082300 sents of 6327796, batch 4480 of 5477
2021-08-14 18:00:33 INFO     5107300 sents of 6327796, batch 4500 of 5477
2021-08-14 18:00:38 INFO     5132300 sents of 6327796, batch 4520 of 5477
2021-08-14 18:00:42 INFO     5157300 sents of 6327796, batch 4540 of 5477
2021-08-14 18:00:47 INFO     5182300 sents of 6327796, batch 4560 of 5477
2021-08-14 18:00:52 INFO     5207300 sents of 6327796, batch 4580 of 5477
2021-08-14 18:00:57 INFO     5232300 sents of 6327796, batch 4600 of 5477
2021-08-14 18:01:02 INFO     5257300 sents of 6327796, batch 4620 of 5477
2021-08-14 18:01:08 INFO     5282300 sents of 6327796, batch 4640 of 5477
2021-08-14 18:01:12 INFO     5307300 sents of 6327796, batch 4660 of 5477
2021-08-14 18:01:17 INFO     5332300 sents of 6327796, batch 4680 of 5477
2021-08-14 18:01:22 INFO     5357300 sents of 6327796, batch 4700 of 5477
2021-08-14 18:01:27 INFO     5382300 sents of 6327796, batch 4720 of 5477
2021-08-14 18:01:32 INFO     5407300 sents of 6327796, batch 4740 of 5477
2021-08-14 18:01:37 INFO     5432300 sents of 6327796, batch 4760 of 5477
2021-08-14 18:01:42 INFO     5457300 sents of 6327796, batch 4780 of 5477
2021-08-14 18:01:47 INFO     5482300 sents of 6327796, batch 4800 of 5477
2021-08-14 18:01:52 INFO     5507300 sents of 6327796, batch 4820 of 5477
2021-08-14 18:01:57 INFO     5532300 sents of 6327796, batch 4840 of 5477
2021-08-14 18:02:02 INFO     5557300 sents of 6327796, batch 4860 of 5477
2021-08-14 18:02:06 INFO     5582300 sents of 6327796, batch 4880 of 5477
2021-08-14 18:02:11 INFO     5607300 sents of 6327796, batch 4900 of 5477
2021-08-14 18:02:16 INFO     5632300 sents of 6327796, batch 4920 of 5477
2021-08-14 18:02:21 INFO     5657300 sents of 6327796, batch 4940 of 5477
2021-08-14 18:02:27 INFO     5682300 sents of 6327796, batch 4960 of 5477
2021-08-14 18:02:32 INFO     5707300 sents of 6327796, batch 4980 of 5477
2021-08-14 18:02:37 INFO     5732300 sents of 6327796, batch 5000 of 5477
2021-08-14 18:02:42 INFO     5757300 sents of 6327796, batch 5020 of 5477
2021-08-14 18:02:47 INFO     5782300 sents of 6327796, batch 5040 of 5477
2021-08-14 18:02:52 INFO     5807300 sents of 6327796, batch 5060 of 5477
2021-08-14 18:02:57 INFO     5832300 sents of 6327796, batch 5080 of 5477
2021-08-14 18:03:02 INFO     5857300 sents of 6327796, batch 5100 of 5477
2021-08-14 18:03:07 INFO     5882300 sents of 6327796, batch 5120 of 5477
2021-08-14 18:03:12 INFO     5907300 sents of 6327796, batch 5140 of 5477
2021-08-14 18:03:17 INFO     5932300 sents of 6327796, batch 5160 of 5477
2021-08-14 18:03:22 INFO     5957300 sents of 6327796, batch 5180 of 5477
2021-08-14 18:03:27 INFO     5982300 sents of 6327796, batch 5200 of 5477
2021-08-14 18:03:32 INFO     6007300 sents of 6327796, batch 5220 of 5477
2021-08-14 18:03:38 INFO     6032300 sents of 6327796, batch 5240 of 5477
2021-08-14 18:03:43 INFO     6057300 sents of 6327796, batch 5260 of 5477
2021-08-14 18:03:48 INFO     6082300 sents of 6327796, batch 5280 of 5477
2021-08-14 18:03:53 INFO     6107300 sents of 6327796, batch 5300 of 5477
2021-08-14 18:03:58 INFO     6132300 sents of 6327796, batch 5320 of 5477
2021-08-14 18:04:03 INFO     6157300 sents of 6327796, batch 5340 of 5477
2021-08-14 18:04:08 INFO     6182300 sents of 6327796, batch 5360 of 5477
2021-08-14 18:04:13 INFO     6207300 sents of 6327796, batch 5380 of 5477
2021-08-14 18:04:18 INFO     6232300 sents of 6327796, batch 5400 of 5477
2021-08-14 18:04:23 INFO     6257300 sents of 6327796, batch 5420 of 5477
2021-08-14 18:04:28 INFO     6282300 sents of 6327796, batch 5440 of 5477
2021-08-14 18:04:33 INFO     6307300 sents of 6327796, batch 5460 of 5477
2021-08-14 18:04:44 WARNING  # words: 4987418
2021-08-14 18:04:44 WARNING  longest sentence: 19
2021-08-14 18:04:44 WARNING  # tokens: 6327796
2021-08-14 18:04:44 WARNING  Token-level (P)PPL: 996.613957879156
2021-08-14 18:04:44 WARNING  Word-normalized (P)PPL: 6373.628500936573
../../../../keskustelu2020/experiments/am/converse_fin/exp/chain/tdnn7q_sp_ensemble_vc/100best_momaf-movies-with-sub_word_web_dsp_os_nosp
rescoring /scratch/work/moisioa3/conv_lm/finbert-finetune/TurkuNLP/bert-base-finnish-cased-v1-finetuned-opensubtitles_all/checkpoint-20000
ac scale 0.083
/home/moisioa3/.conda/envs/mlm-scoring/lib/python3.9/site-packages/mxnet/optimizer/optimizer.py:163: UserWarning: WARNING: New optimizer gluonnlp.optimizer.lamb.LAMB is overriding existing optimizer mxnet.optimizer.optimizer.LAMB
  warnings.warn('WARNING: New optimizer %s.%s is overriding '
2021-08-14 18:05:09 WARNING  Model '/scratch/work/moisioa3/conv_lm/finbert-finetune/TurkuNLP/bert-base-finnish-cased-v1-finetuned-opensubtitles_all/checkpoint-20000' not recognized as an MXNet model; treating as PyTorch model
2021-08-14 18:05:19 WARNING  11517 shared keys found, rescoring these...
2021-08-14 18:05:32 WARNING  11517 predictions to compute total WER on...
2021-08-14 18:05:32 WARNING  WER: 78.20562545573017%
using 100-best list from ../../../../keskustelu2020/experiments/am/converse_fin/exp/chain/tdnn7q_sp_ensemble_vc/100best_momaf-movies-with-sub_word_web_dsp_os_nosp
scoring 100-best list using /scratch/work/moisioa3/conv_lm/finbert-finetune/TurkuNLP/bert-base-finnish-cased-v1-finetuned-opensubtitles_all/checkpoint-50000
write output to scored/tdnn7q_sp_ensemble_vc_word_web_dsp_os_nosp/100best_momaf-movies-with-sub_finbert_ft_cased_opensubtitles_all-checkpoint-50000.combined.ac0.083.json
/home/moisioa3/.conda/envs/mlm-scoring/lib/python3.9/site-packages/mxnet/optimizer/optimizer.py:163: UserWarning: WARNING: New optimizer gluonnlp.optimizer.lamb.LAMB is overriding existing optimizer mxnet.optimizer.optimizer.LAMB
  warnings.warn('WARNING: New optimizer %s.%s is overriding '
2021-08-14 18:05:35 WARNING  Model '/scratch/work/moisioa3/conv_lm/finbert-finetune/TurkuNLP/bert-base-finnish-cased-v1-finetuned-opensubtitles_all/checkpoint-50000' not recognized as an MXNet model; treating as PyTorch model
2021-08-14 18:05:41 WARNING  Created scorer of class 'MLMScorerPT'.
2021-08-14 18:05:41 WARNING  Language was set but this model does not use language embeddings!
2021-08-14 18:06:13 WARNING  # of input sequences: 11517
2021-08-14 18:06:13 WARNING  # of hypotheses: 1080200
2021-08-14 18:09:59 INFO     FixedBucketSampler:
  sample_num=6327796, batch_num=5477
  key=[12, 14, 16, 18, 20, 22, 24, 26, 28, 30]
  cnt=[4710496, 782689, 460071, 225752, 92263, 36920, 10604, 6176, 2419, 406]
  batch_size=[1250, 1071, 937, 833, 750, 681, 625, 576, 535, 500]
2021-08-14 18:10:06 INFO     10876 sents of 6327796, batch 20 of 5477
2021-08-14 18:10:11 INFO     23691 sents of 6327796, batch 40 of 5477
2021-08-14 18:10:16 INFO     37311 sents of 6327796, batch 60 of 5477
2021-08-14 18:10:21 INFO     50931 sents of 6327796, batch 80 of 5477
2021-08-14 18:10:26 INFO     64775 sents of 6327796, batch 100 of 5477
2021-08-14 18:10:31 INFO     79775 sents of 6327796, batch 120 of 5477
2021-08-14 18:10:36 INFO     94775 sents of 6327796, batch 140 of 5477
2021-08-14 18:10:41 INFO     109775 sents of 6327796, batch 160 of 5477
2021-08-14 18:10:46 INFO     124775 sents of 6327796, batch 180 of 5477
2021-08-14 18:10:51 INFO     139775 sents of 6327796, batch 200 of 5477
2021-08-14 18:10:56 INFO     154619 sents of 6327796, batch 220 of 5477
2021-08-14 18:11:02 INFO     171279 sents of 6327796, batch 240 of 5477
2021-08-14 18:11:07 INFO     187939 sents of 6327796, batch 260 of 5477
2021-08-14 18:11:12 INFO     204599 sents of 6327796, batch 280 of 5477
2021-08-14 18:11:17 INFO     221259 sents of 6327796, batch 300 of 5477
2021-08-14 18:11:22 INFO     237919 sents of 6327796, batch 320 of 5477
2021-08-14 18:11:28 INFO     254579 sents of 6327796, batch 340 of 5477
2021-08-14 18:11:33 INFO     271239 sents of 6327796, batch 360 of 5477
2021-08-14 18:11:38 INFO     287899 sents of 6327796, batch 380 of 5477
2021-08-14 18:11:43 INFO     304559 sents of 6327796, batch 400 of 5477
2021-08-14 18:11:49 INFO     321219 sents of 6327796, batch 420 of 5477
2021-08-14 18:11:54 INFO     337879 sents of 6327796, batch 440 of 5477
2021-08-14 18:11:59 INFO     354539 sents of 6327796, batch 460 of 5477
2021-08-14 18:12:04 INFO     371199 sents of 6327796, batch 480 of 5477
2021-08-14 18:12:09 INFO     388595 sents of 6327796, batch 500 of 5477
2021-08-14 18:12:14 INFO     407335 sents of 6327796, batch 520 of 5477
2021-08-14 18:12:19 INFO     426075 sents of 6327796, batch 540 of 5477
2021-08-14 18:12:24 INFO     444815 sents of 6327796, batch 560 of 5477
2021-08-14 18:12:30 INFO     463555 sents of 6327796, batch 580 of 5477
2021-08-14 18:12:35 INFO     482295 sents of 6327796, batch 600 of 5477
2021-08-14 18:12:40 INFO     501035 sents of 6327796, batch 620 of 5477
2021-08-14 18:12:45 INFO     519775 sents of 6327796, batch 640 of 5477
2021-08-14 18:12:50 INFO     538515 sents of 6327796, batch 660 of 5477
2021-08-14 18:12:55 INFO     557255 sents of 6327796, batch 680 of 5477
2021-08-14 18:13:00 INFO     575995 sents of 6327796, batch 700 of 5477
2021-08-14 18:13:05 INFO     594735 sents of 6327796, batch 720 of 5477
2021-08-14 18:13:10 INFO     613475 sents of 6327796, batch 740 of 5477
2021-08-14 18:13:15 INFO     632215 sents of 6327796, batch 760 of 5477
2021-08-14 18:13:20 INFO     650955 sents of 6327796, batch 780 of 5477
2021-08-14 18:13:26 INFO     669695 sents of 6327796, batch 800 of 5477
2021-08-14 18:13:31 INFO     688435 sents of 6327796, batch 820 of 5477
2021-08-14 18:13:36 INFO     707175 sents of 6327796, batch 840 of 5477
2021-08-14 18:13:41 INFO     725915 sents of 6327796, batch 860 of 5477
2021-08-14 18:13:46 INFO     744655 sents of 6327796, batch 880 of 5477
2021-08-14 18:13:51 INFO     763395 sents of 6327796, batch 900 of 5477
2021-08-14 18:13:56 INFO     782135 sents of 6327796, batch 920 of 5477
2021-08-14 18:14:01 INFO     800875 sents of 6327796, batch 940 of 5477
2021-08-14 18:14:06 INFO     819615 sents of 6327796, batch 960 of 5477
2021-08-14 18:14:11 INFO     837824 sents of 6327796, batch 980 of 5477
2021-08-14 18:14:16 INFO     859244 sents of 6327796, batch 1000 of 5477
2021-08-14 18:14:21 INFO     880664 sents of 6327796, batch 1020 of 5477
2021-08-14 18:14:27 INFO     902084 sents of 6327796, batch 1040 of 5477
2021-08-14 18:14:32 INFO     923504 sents of 6327796, batch 1060 of 5477
2021-08-14 18:14:37 INFO     944924 sents of 6327796, batch 1080 of 5477
2021-08-14 18:14:42 INFO     966344 sents of 6327796, batch 1100 of 5477
2021-08-14 18:14:47 INFO     987764 sents of 6327796, batch 1120 of 5477
2021-08-14 18:14:52 INFO     1009184 sents of 6327796, batch 1140 of 5477
2021-08-14 18:14:57 INFO     1030604 sents of 6327796, batch 1160 of 5477
2021-08-14 18:15:02 INFO     1052024 sents of 6327796, batch 1180 of 5477
2021-08-14 18:15:08 INFO     1073444 sents of 6327796, batch 1200 of 5477
2021-08-14 18:15:13 INFO     1094864 sents of 6327796, batch 1220 of 5477
2021-08-14 18:15:18 INFO     1116284 sents of 6327796, batch 1240 of 5477
2021-08-14 18:15:23 INFO     1137704 sents of 6327796, batch 1260 of 5477
2021-08-14 18:15:28 INFO     1159124 sents of 6327796, batch 1280 of 5477
2021-08-14 18:15:33 INFO     1180544 sents of 6327796, batch 1300 of 5477
2021-08-14 18:15:38 INFO     1201964 sents of 6327796, batch 1320 of 5477
2021-08-14 18:15:44 INFO     1223384 sents of 6327796, batch 1340 of 5477
2021-08-14 18:15:49 INFO     1244804 sents of 6327796, batch 1360 of 5477
2021-08-14 18:15:54 INFO     1266224 sents of 6327796, batch 1380 of 5477
2021-08-14 18:15:59 INFO     1287644 sents of 6327796, batch 1400 of 5477
2021-08-14 18:16:04 INFO     1309064 sents of 6327796, batch 1420 of 5477
2021-08-14 18:16:09 INFO     1330484 sents of 6327796, batch 1440 of 5477
2021-08-14 18:16:14 INFO     1351904 sents of 6327796, batch 1460 of 5477
2021-08-14 18:16:19 INFO     1373324 sents of 6327796, batch 1480 of 5477
2021-08-14 18:16:25 INFO     1394744 sents of 6327796, batch 1500 of 5477
2021-08-14 18:16:30 INFO     1416164 sents of 6327796, batch 1520 of 5477
2021-08-14 18:16:35 INFO     1437584 sents of 6327796, batch 1540 of 5477
2021-08-14 18:16:40 INFO     1459004 sents of 6327796, batch 1560 of 5477
2021-08-14 18:16:45 INFO     1480424 sents of 6327796, batch 1580 of 5477
2021-08-14 18:16:50 INFO     1501844 sents of 6327796, batch 1600 of 5477
2021-08-14 18:16:55 INFO     1523264 sents of 6327796, batch 1620 of 5477
2021-08-14 18:17:00 INFO     1544684 sents of 6327796, batch 1640 of 5477
2021-08-14 18:17:06 INFO     1566104 sents of 6327796, batch 1660 of 5477
2021-08-14 18:17:11 INFO     1587524 sents of 6327796, batch 1680 of 5477
2021-08-14 18:17:16 INFO     1608944 sents of 6327796, batch 1700 of 5477
2021-08-14 18:17:21 INFO     1632300 sents of 6327796, batch 1720 of 5477
2021-08-14 18:17:26 INFO     1657300 sents of 6327796, batch 1740 of 5477
2021-08-14 18:17:31 INFO     1682300 sents of 6327796, batch 1760 of 5477
2021-08-14 18:17:36 INFO     1707300 sents of 6327796, batch 1780 of 5477
2021-08-14 18:17:41 INFO     1732300 sents of 6327796, batch 1800 of 5477
2021-08-14 18:17:46 INFO     1757300 sents of 6327796, batch 1820 of 5477
2021-08-14 18:17:51 INFO     1782300 sents of 6327796, batch 1840 of 5477
2021-08-14 18:17:56 INFO     1807300 sents of 6327796, batch 1860 of 5477
2021-08-14 18:18:01 INFO     1832300 sents of 6327796, batch 1880 of 5477
2021-08-14 18:18:06 INFO     1857300 sents of 6327796, batch 1900 of 5477
2021-08-14 18:18:11 INFO     1882300 sents of 6327796, batch 1920 of 5477
2021-08-14 18:18:16 INFO     1907300 sents of 6327796, batch 1940 of 5477
2021-08-14 18:18:21 INFO     1932300 sents of 6327796, batch 1960 of 5477
2021-08-14 18:18:26 INFO     1957300 sents of 6327796, batch 1980 of 5477
2021-08-14 18:18:31 INFO     1982300 sents of 6327796, batch 2000 of 5477
2021-08-14 18:18:36 INFO     2007300 sents of 6327796, batch 2020 of 5477
2021-08-14 18:18:41 INFO     2032300 sents of 6327796, batch 2040 of 5477
2021-08-14 18:18:45 INFO     2057300 sents of 6327796, batch 2060 of 5477
2021-08-14 18:18:51 INFO     2082300 sents of 6327796, batch 2080 of 5477
2021-08-14 18:18:55 INFO     2107300 sents of 6327796, batch 2100 of 5477
2021-08-14 18:19:00 INFO     2132300 sents of 6327796, batch 2120 of 5477
2021-08-14 18:19:06 INFO     2157300 sents of 6327796, batch 2140 of 5477
2021-08-14 18:19:11 INFO     2182300 sents of 6327796, batch 2160 of 5477
2021-08-14 18:19:15 INFO     2207300 sents of 6327796, batch 2180 of 5477
2021-08-14 18:19:20 INFO     2232300 sents of 6327796, batch 2200 of 5477
2021-08-14 18:19:25 INFO     2257300 sents of 6327796, batch 2220 of 5477
2021-08-14 18:19:30 INFO     2282300 sents of 6327796, batch 2240 of 5477
2021-08-14 18:19:35 INFO     2307300 sents of 6327796, batch 2260 of 5477
2021-08-14 18:19:40 INFO     2332300 sents of 6327796, batch 2280 of 5477
2021-08-14 18:19:45 INFO     2357300 sents of 6327796, batch 2300 of 5477
2021-08-14 18:19:50 INFO     2382300 sents of 6327796, batch 2320 of 5477
2021-08-14 18:19:54 INFO     2407300 sents of 6327796, batch 2340 of 5477
2021-08-14 18:19:59 INFO     2432300 sents of 6327796, batch 2360 of 5477
2021-08-14 18:20:03 INFO     2457300 sents of 6327796, batch 2380 of 5477
2021-08-14 18:20:07 INFO     2482300 sents of 6327796, batch 2400 of 5477
2021-08-14 18:20:12 INFO     2507300 sents of 6327796, batch 2420 of 5477
2021-08-14 18:20:16 INFO     2532300 sents of 6327796, batch 2440 of 5477
2021-08-14 18:20:21 INFO     2557300 sents of 6327796, batch 2460 of 5477
2021-08-14 18:20:26 INFO     2582300 sents of 6327796, batch 2480 of 5477
2021-08-14 18:20:31 INFO     2607300 sents of 6327796, batch 2500 of 5477
2021-08-14 18:20:35 INFO     2632300 sents of 6327796, batch 2520 of 5477
2021-08-14 18:20:40 INFO     2657300 sents of 6327796, batch 2540 of 5477
2021-08-14 18:20:44 INFO     2682300 sents of 6327796, batch 2560 of 5477
2021-08-14 18:20:49 INFO     2707300 sents of 6327796, batch 2580 of 5477
2021-08-14 18:20:54 INFO     2732300 sents of 6327796, batch 2600 of 5477
2021-08-14 18:20:59 INFO     2757300 sents of 6327796, batch 2620 of 5477
2021-08-14 18:21:04 INFO     2782300 sents of 6327796, batch 2640 of 5477
2021-08-14 18:21:09 INFO     2807300 sents of 6327796, batch 2660 of 5477
2021-08-14 18:21:14 INFO     2832300 sents of 6327796, batch 2680 of 5477
2021-08-14 18:21:19 INFO     2857300 sents of 6327796, batch 2700 of 5477
2021-08-14 18:21:24 INFO     2882300 sents of 6327796, batch 2720 of 5477
2021-08-14 18:21:29 INFO     2907300 sents of 6327796, batch 2740 of 5477
2021-08-14 18:21:34 INFO     2932300 sents of 6327796, batch 2760 of 5477
2021-08-14 18:21:39 INFO     2957300 sents of 6327796, batch 2780 of 5477
2021-08-14 18:21:44 INFO     2982300 sents of 6327796, batch 2800 of 5477
2021-08-14 18:21:49 INFO     3007300 sents of 6327796, batch 2820 of 5477
2021-08-14 18:21:54 INFO     3032300 sents of 6327796, batch 2840 of 5477
2021-08-14 18:21:59 INFO     3057300 sents of 6327796, batch 2860 of 5477
2021-08-14 18:22:04 INFO     3082300 sents of 6327796, batch 2880 of 5477
2021-08-14 18:22:10 INFO     3107300 sents of 6327796, batch 2900 of 5477
2021-08-14 18:22:15 INFO     3132300 sents of 6327796, batch 2920 of 5477
2021-08-14 18:22:19 INFO     3157300 sents of 6327796, batch 2940 of 5477
2021-08-14 18:22:24 INFO     3182300 sents of 6327796, batch 2960 of 5477
2021-08-14 18:22:29 INFO     3207300 sents of 6327796, batch 2980 of 5477
2021-08-14 18:22:34 INFO     3232300 sents of 6327796, batch 3000 of 5477
2021-08-14 18:22:39 INFO     3257300 sents of 6327796, batch 3020 of 5477
2021-08-14 18:22:44 INFO     3282300 sents of 6327796, batch 3040 of 5477
2021-08-14 18:22:49 INFO     3307300 sents of 6327796, batch 3060 of 5477
2021-08-14 18:22:54 INFO     3332300 sents of 6327796, batch 3080 of 5477
2021-08-14 18:22:59 INFO     3357300 sents of 6327796, batch 3100 of 5477
2021-08-14 18:23:04 INFO     3382300 sents of 6327796, batch 3120 of 5477
2021-08-14 18:23:09 INFO     3407300 sents of 6327796, batch 3140 of 5477
2021-08-14 18:23:14 INFO     3432300 sents of 6327796, batch 3160 of 5477
2021-08-14 18:23:19 INFO     3457300 sents of 6327796, batch 3180 of 5477
2021-08-14 18:23:24 INFO     3482300 sents of 6327796, batch 3200 of 5477
2021-08-14 18:23:29 INFO     3507300 sents of 6327796, batch 3220 of 5477
2021-08-14 18:23:34 INFO     3532300 sents of 6327796, batch 3240 of 5477
2021-08-14 18:23:39 INFO     3557300 sents of 6327796, batch 3260 of 5477
2021-08-14 18:23:44 INFO     3582300 sents of 6327796, batch 3280 of 5477
2021-08-14 18:23:50 INFO     3607300 sents of 6327796, batch 3300 of 5477
2021-08-14 18:23:55 INFO     3632300 sents of 6327796, batch 3320 of 5477
2021-08-14 18:24:00 INFO     3657300 sents of 6327796, batch 3340 of 5477
2021-08-14 18:24:05 INFO     3682300 sents of 6327796, batch 3360 of 5477
2021-08-14 18:24:10 INFO     3707300 sents of 6327796, batch 3380 of 5477
2021-08-14 18:24:15 INFO     3732300 sents of 6327796, batch 3400 of 5477
2021-08-14 18:24:20 INFO     3757300 sents of 6327796, batch 3420 of 5477
2021-08-14 18:24:25 INFO     3782300 sents of 6327796, batch 3440 of 5477
2021-08-14 18:24:30 INFO     3807300 sents of 6327796, batch 3460 of 5477
2021-08-14 18:24:35 INFO     3832300 sents of 6327796, batch 3480 of 5477
2021-08-14 18:24:40 INFO     3857300 sents of 6327796, batch 3500 of 5477
2021-08-14 18:24:45 INFO     3882300 sents of 6327796, batch 3520 of 5477
2021-08-14 18:24:51 INFO     3907300 sents of 6327796, batch 3540 of 5477
2021-08-14 18:24:56 INFO     3932300 sents of 6327796, batch 3560 of 5477
2021-08-14 18:25:01 INFO     3957300 sents of 6327796, batch 3580 of 5477
2021-08-14 18:25:06 INFO     3982300 sents of 6327796, batch 3600 of 5477
2021-08-14 18:25:11 INFO     4007300 sents of 6327796, batch 3620 of 5477
2021-08-14 18:25:16 INFO     4032300 sents of 6327796, batch 3640 of 5477
2021-08-14 18:25:22 INFO     4057300 sents of 6327796, batch 3660 of 5477
2021-08-14 18:25:27 INFO     4082300 sents of 6327796, batch 3680 of 5477
2021-08-14 18:25:32 INFO     4107300 sents of 6327796, batch 3700 of 5477
2021-08-14 18:25:37 INFO     4132300 sents of 6327796, batch 3720 of 5477
2021-08-14 18:25:42 INFO     4157300 sents of 6327796, batch 3740 of 5477
2021-08-14 18:25:47 INFO     4182300 sents of 6327796, batch 3760 of 5477
2021-08-14 18:25:52 INFO     4207300 sents of 6327796, batch 3780 of 5477
2021-08-14 18:25:57 INFO     4232300 sents of 6327796, batch 3800 of 5477
2021-08-14 18:26:02 INFO     4257300 sents of 6327796, batch 3820 of 5477
2021-08-14 18:26:07 INFO     4282300 sents of 6327796, batch 3840 of 5477
2021-08-14 18:26:12 INFO     4307300 sents of 6327796, batch 3860 of 5477
2021-08-14 18:26:17 INFO     4332300 sents of 6327796, batch 3880 of 5477
2021-08-14 18:26:22 INFO     4357300 sents of 6327796, batch 3900 of 5477
2021-08-14 18:26:28 INFO     4382300 sents of 6327796, batch 3920 of 5477
2021-08-14 18:26:33 INFO     4407300 sents of 6327796, batch 3940 of 5477
2021-08-14 18:26:38 INFO     4432300 sents of 6327796, batch 3960 of 5477
2021-08-14 18:26:43 INFO     4457300 sents of 6327796, batch 3980 of 5477
2021-08-14 18:26:48 INFO     4482300 sents of 6327796, batch 4000 of 5477
2021-08-14 18:26:53 INFO     4507300 sents of 6327796, batch 4020 of 5477
2021-08-14 18:26:58 INFO     4532300 sents of 6327796, batch 4040 of 5477
2021-08-14 18:27:03 INFO     4557300 sents of 6327796, batch 4060 of 5477
2021-08-14 18:27:08 INFO     4582300 sents of 6327796, batch 4080 of 5477
2021-08-14 18:27:13 INFO     4607300 sents of 6327796, batch 4100 of 5477
2021-08-14 18:27:18 INFO     4632300 sents of 6327796, batch 4120 of 5477
2021-08-14 18:27:23 INFO     4657300 sents of 6327796, batch 4140 of 5477
2021-08-14 18:27:28 INFO     4682300 sents of 6327796, batch 4160 of 5477
2021-08-14 18:27:33 INFO     4707300 sents of 6327796, batch 4180 of 5477
2021-08-14 18:27:37 INFO     4732300 sents of 6327796, batch 4200 of 5477
2021-08-14 18:27:42 INFO     4757300 sents of 6327796, batch 4220 of 5477
2021-08-14 18:27:48 INFO     4782300 sents of 6327796, batch 4240 of 5477
2021-08-14 18:27:52 INFO     4807300 sents of 6327796, batch 4260 of 5477
2021-08-14 18:27:57 INFO     4832300 sents of 6327796, batch 4280 of 5477
2021-08-14 18:28:02 INFO     4857300 sents of 6327796, batch 4300 of 5477
2021-08-14 18:28:07 INFO     4882300 sents of 6327796, batch 4320 of 5477
2021-08-14 18:28:12 INFO     4907300 sents of 6327796, batch 4340 of 5477
2021-08-14 18:28:17 INFO     4932300 sents of 6327796, batch 4360 of 5477
2021-08-14 18:28:22 INFO     4957300 sents of 6327796, batch 4380 of 5477
2021-08-14 18:28:27 INFO     4982300 sents of 6327796, batch 4400 of 5477
2021-08-14 18:28:32 INFO     5007300 sents of 6327796, batch 4420 of 5477
2021-08-14 18:28:37 INFO     5032300 sents of 6327796, batch 4440 of 5477
2021-08-14 18:28:42 INFO     5057300 sents of 6327796, batch 4460 of 5477
2021-08-14 18:28:47 INFO     5082300 sents of 6327796, batch 4480 of 5477
2021-08-14 18:28:52 INFO     5107300 sents of 6327796, batch 4500 of 5477
2021-08-14 18:28:57 INFO     5132300 sents of 6327796, batch 4520 of 5477
2021-08-14 18:29:02 INFO     5157300 sents of 6327796, batch 4540 of 5477
2021-08-14 18:29:07 INFO     5182300 sents of 6327796, batch 4560 of 5477
2021-08-14 18:29:12 INFO     5207300 sents of 6327796, batch 4580 of 5477
2021-08-14 18:29:17 INFO     5232300 sents of 6327796, batch 4600 of 5477
2021-08-14 18:29:22 INFO     5257300 sents of 6327796, batch 4620 of 5477
2021-08-14 18:29:27 INFO     5282300 sents of 6327796, batch 4640 of 5477
2021-08-14 18:29:31 INFO     5307300 sents of 6327796, batch 4660 of 5477
2021-08-14 18:29:36 INFO     5332300 sents of 6327796, batch 4680 of 5477
2021-08-14 18:29:41 INFO     5357300 sents of 6327796, batch 4700 of 5477
2021-08-14 18:29:46 INFO     5382300 sents of 6327796, batch 4720 of 5477
2021-08-14 18:29:51 INFO     5407300 sents of 6327796, batch 4740 of 5477
2021-08-14 18:29:56 INFO     5432300 sents of 6327796, batch 4760 of 5477
2021-08-14 18:30:01 INFO     5457300 sents of 6327796, batch 4780 of 5477
2021-08-14 18:30:06 INFO     5482300 sents of 6327796, batch 4800 of 5477
2021-08-14 18:30:11 INFO     5507300 sents of 6327796, batch 4820 of 5477
2021-08-14 18:30:16 INFO     5532300 sents of 6327796, batch 4840 of 5477
2021-08-14 18:30:21 INFO     5557300 sents of 6327796, batch 4860 of 5477
2021-08-14 18:30:26 INFO     5582300 sents of 6327796, batch 4880 of 5477
2021-08-14 18:30:31 INFO     5607300 sents of 6327796, batch 4900 of 5477
2021-08-14 18:30:36 INFO     5632300 sents of 6327796, batch 4920 of 5477
2021-08-14 18:30:41 INFO     5657300 sents of 6327796, batch 4940 of 5477
2021-08-14 18:30:46 INFO     5682300 sents of 6327796, batch 4960 of 5477
2021-08-14 18:30:51 INFO     5707300 sents of 6327796, batch 4980 of 5477
2021-08-14 18:30:56 INFO     5732300 sents of 6327796, batch 5000 of 5477
2021-08-14 18:31:01 INFO     5757300 sents of 6327796, batch 5020 of 5477
2021-08-14 18:31:06 INFO     5782300 sents of 6327796, batch 5040 of 5477
2021-08-14 18:31:11 INFO     5807300 sents of 6327796, batch 5060 of 5477
2021-08-14 18:31:16 INFO     5832300 sents of 6327796, batch 5080 of 5477
2021-08-14 18:31:21 INFO     5857300 sents of 6327796, batch 5100 of 5477
2021-08-14 18:31:26 INFO     5882300 sents of 6327796, batch 5120 of 5477
2021-08-14 18:31:31 INFO     5907300 sents of 6327796, batch 5140 of 5477
2021-08-14 18:31:37 INFO     5932300 sents of 6327796, batch 5160 of 5477
2021-08-14 18:31:42 INFO     5957300 sents of 6327796, batch 5180 of 5477
2021-08-14 18:31:47 INFO     5982300 sents of 6327796, batch 5200 of 5477
2021-08-14 18:31:52 INFO     6007300 sents of 6327796, batch 5220 of 5477
2021-08-14 18:31:57 INFO     6032300 sents of 6327796, batch 5240 of 5477
2021-08-14 18:32:02 INFO     6057300 sents of 6327796, batch 5260 of 5477
2021-08-14 18:32:07 INFO     6082300 sents of 6327796, batch 5280 of 5477
2021-08-14 18:32:12 INFO     6107300 sents of 6327796, batch 5300 of 5477
2021-08-14 18:32:17 INFO     6132300 sents of 6327796, batch 5320 of 5477
2021-08-14 18:32:22 INFO     6157300 sents of 6327796, batch 5340 of 5477
2021-08-14 18:32:27 INFO     6182300 sents of 6327796, batch 5360 of 5477
2021-08-14 18:32:32 INFO     6207300 sents of 6327796, batch 5380 of 5477
2021-08-14 18:32:37 INFO     6232300 sents of 6327796, batch 5400 of 5477
2021-08-14 18:32:42 INFO     6257300 sents of 6327796, batch 5420 of 5477
2021-08-14 18:32:48 INFO     6282300 sents of 6327796, batch 5440 of 5477
2021-08-14 18:32:52 INFO     6307300 sents of 6327796, batch 5460 of 5477
2021-08-14 18:33:03 WARNING  # words: 4987418
2021-08-14 18:33:03 WARNING  longest sentence: 19
2021-08-14 18:33:03 WARNING  # tokens: 6327796
2021-08-14 18:33:03 WARNING  Token-level (P)PPL: 890.3802413545426
2021-08-14 18:33:03 WARNING  Word-normalized (P)PPL: 5524.328553125571
../../../../keskustelu2020/experiments/am/converse_fin/exp/chain/tdnn7q_sp_ensemble_vc/100best_momaf-movies-with-sub_word_web_dsp_os_nosp
rescoring /scratch/work/moisioa3/conv_lm/finbert-finetune/TurkuNLP/bert-base-finnish-cased-v1-finetuned-opensubtitles_all/checkpoint-50000
ac scale 0.083
/home/moisioa3/.conda/envs/mlm-scoring/lib/python3.9/site-packages/mxnet/optimizer/optimizer.py:163: UserWarning: WARNING: New optimizer gluonnlp.optimizer.lamb.LAMB is overriding existing optimizer mxnet.optimizer.optimizer.LAMB
  warnings.warn('WARNING: New optimizer %s.%s is overriding '
2021-08-14 18:33:22 WARNING  Model '/scratch/work/moisioa3/conv_lm/finbert-finetune/TurkuNLP/bert-base-finnish-cased-v1-finetuned-opensubtitles_all/checkpoint-50000' not recognized as an MXNet model; treating as PyTorch model
2021-08-14 18:33:32 WARNING  11517 shared keys found, rescoring these...
2021-08-14 18:33:44 WARNING  11517 predictions to compute total WER on...
2021-08-14 18:33:44 WARNING  WER: 78.01480056471758%
