
Currently Loaded Modules:
  1) CUDA/9.0.176   2) cuDNN/7-CUDA-9.0.176   3) miniconda/4.9.2

 

/scratch/work/moisioa3/conv_lm/experiments/theanolm-morph-42k/expt2-sampled-seq40/lstm_rescored_100best_eval_tdnn7q_sp_ensemble2_morph_nosp_4-gram
rescoring /scratch/work/moisioa3/conv_lm/finbert-finetune/TurkuNLP/bert-base-finnish-cased-v1-finetuned-web-dsp/checkpoint-40000
ac scale 0.01
/home/moisioa3/.conda/envs/mlm-scoring/lib/python3.9/site-packages/mxnet/optimizer/optimizer.py:163: UserWarning: WARNING: New optimizer gluonnlp.optimizer.lamb.LAMB is overriding existing optimizer mxnet.optimizer.optimizer.LAMB
  warnings.warn('WARNING: New optimizer %s.%s is overriding '
2021-08-10 18:31:03 WARNING  Model '/scratch/work/moisioa3/conv_lm/finbert-finetune/TurkuNLP/bert-base-finnish-cased-v1-finetuned-web-dsp/checkpoint-40000' not recognized as an MXNet model; treating as PyTorch model
2021-08-10 18:31:09 WARNING  541 shared keys found, rescoring these...
2021-08-10 18:31:10 WARNING  541 predictions to compute total WER on...
2021-08-10 18:31:10 WARNING  WER: 37.5748031496063%
ac scale 0.03
/home/moisioa3/.conda/envs/mlm-scoring/lib/python3.9/site-packages/mxnet/optimizer/optimizer.py:163: UserWarning: WARNING: New optimizer gluonnlp.optimizer.lamb.LAMB is overriding existing optimizer mxnet.optimizer.optimizer.LAMB
  warnings.warn('WARNING: New optimizer %s.%s is overriding '
2021-08-10 18:31:12 WARNING  Model '/scratch/work/moisioa3/conv_lm/finbert-finetune/TurkuNLP/bert-base-finnish-cased-v1-finetuned-web-dsp/checkpoint-40000' not recognized as an MXNet model; treating as PyTorch model
2021-08-10 18:31:16 WARNING  541 shared keys found, rescoring these...
2021-08-10 18:31:17 WARNING  541 predictions to compute total WER on...
2021-08-10 18:31:17 WARNING  WER: 36.61417322834646%
ac scale 0.08
/home/moisioa3/.conda/envs/mlm-scoring/lib/python3.9/site-packages/mxnet/optimizer/optimizer.py:163: UserWarning: WARNING: New optimizer gluonnlp.optimizer.lamb.LAMB is overriding existing optimizer mxnet.optimizer.optimizer.LAMB
  warnings.warn('WARNING: New optimizer %s.%s is overriding '
2021-08-10 18:31:19 WARNING  Model '/scratch/work/moisioa3/conv_lm/finbert-finetune/TurkuNLP/bert-base-finnish-cased-v1-finetuned-web-dsp/checkpoint-40000' not recognized as an MXNet model; treating as PyTorch model
2021-08-10 18:31:23 WARNING  541 shared keys found, rescoring these...
2021-08-10 18:31:23 WARNING  541 predictions to compute total WER on...
2021-08-10 18:31:23 WARNING  WER: 35.55905511811024%
ac scale 0.1
/home/moisioa3/.conda/envs/mlm-scoring/lib/python3.9/site-packages/mxnet/optimizer/optimizer.py:163: UserWarning: WARNING: New optimizer gluonnlp.optimizer.lamb.LAMB is overriding existing optimizer mxnet.optimizer.optimizer.LAMB
  warnings.warn('WARNING: New optimizer %s.%s is overriding '
2021-08-10 18:31:26 WARNING  Model '/scratch/work/moisioa3/conv_lm/finbert-finetune/TurkuNLP/bert-base-finnish-cased-v1-finetuned-web-dsp/checkpoint-40000' not recognized as an MXNet model; treating as PyTorch model
2021-08-10 18:31:30 WARNING  541 shared keys found, rescoring these...
2021-08-10 18:31:30 WARNING  541 predictions to compute total WER on...
2021-08-10 18:31:30 WARNING  WER: 35.59055118110236%
ac scale 0.13
/home/moisioa3/.conda/envs/mlm-scoring/lib/python3.9/site-packages/mxnet/optimizer/optimizer.py:163: UserWarning: WARNING: New optimizer gluonnlp.optimizer.lamb.LAMB is overriding existing optimizer mxnet.optimizer.optimizer.LAMB
  warnings.warn('WARNING: New optimizer %s.%s is overriding '
2021-08-10 18:31:33 WARNING  Model '/scratch/work/moisioa3/conv_lm/finbert-finetune/TurkuNLP/bert-base-finnish-cased-v1-finetuned-web-dsp/checkpoint-40000' not recognized as an MXNet model; treating as PyTorch model
2021-08-10 18:31:37 WARNING  541 shared keys found, rescoring these...
2021-08-10 18:31:37 WARNING  541 predictions to compute total WER on...
2021-08-10 18:31:37 WARNING  WER: 35.44881889763779%
ac scale 0.2
/home/moisioa3/.conda/envs/mlm-scoring/lib/python3.9/site-packages/mxnet/optimizer/optimizer.py:163: UserWarning: WARNING: New optimizer gluonnlp.optimizer.lamb.LAMB is overriding existing optimizer mxnet.optimizer.optimizer.LAMB
  warnings.warn('WARNING: New optimizer %s.%s is overriding '
2021-08-10 18:31:40 WARNING  Model '/scratch/work/moisioa3/conv_lm/finbert-finetune/TurkuNLP/bert-base-finnish-cased-v1-finetuned-web-dsp/checkpoint-40000' not recognized as an MXNet model; treating as PyTorch model
2021-08-10 18:31:44 WARNING  541 shared keys found, rescoring these...
2021-08-10 18:31:44 WARNING  541 predictions to compute total WER on...
2021-08-10 18:31:44 WARNING  WER: 35.653543307086615%
ac scale 0.3
/home/moisioa3/.conda/envs/mlm-scoring/lib/python3.9/site-packages/mxnet/optimizer/optimizer.py:163: UserWarning: WARNING: New optimizer gluonnlp.optimizer.lamb.LAMB is overriding existing optimizer mxnet.optimizer.optimizer.LAMB
  warnings.warn('WARNING: New optimizer %s.%s is overriding '
2021-08-10 18:31:46 WARNING  Model '/scratch/work/moisioa3/conv_lm/finbert-finetune/TurkuNLP/bert-base-finnish-cased-v1-finetuned-web-dsp/checkpoint-40000' not recognized as an MXNet model; treating as PyTorch model
2021-08-10 18:31:50 WARNING  541 shared keys found, rescoring these...
2021-08-10 18:31:51 WARNING  541 predictions to compute total WER on...
2021-08-10 18:31:51 WARNING  WER: 36.83464566929134%

Currently Loaded Modules:
  1) cuDNN/7-CUDA-9.0.176
  2) miniconda/4.9.2
  3) GCCcore/6.4.0                              (H)
  4) binutils/2.28-GCCcore-6.4.0
  5) GCC/6.4.0-2.28                             (H)
  6) openfst/1.6.6-GCC-6.4.0
  7) OpenBLAS/0.2.20-GCC-6.4.0-2.28             (H)
  8) CUDA/9.0.176
  9) CUB/1.8.0
 10) sctk/2.4.10
 11) sph2pipe/2.5
 12) kaldi-2020/5968b4c-GCC-6.4.0-2.28-OPENBLAS

  Where:
   H:  Hidden Module

 

Traceback (most recent call last):
  File "/scratch/work/moisioa3/keskustelu2020/scripts/convert-nbest-mlm2kaldi.py", line 31, in <module>
    with open(args.output_file, 'w', encoding='utf-8') as f:
FileNotFoundError: [Errno 2] No such file or directory: ''
WER output file scored/rescored_lstm_lstm_rescored_100best_eval_tdnn7q_sp_ensemble2_morph_nosp_4-gram_bert-base-finnish-cased-v1-finetuned-web-dsp-checkpoint-40000.combined.ac0.01.1-wer.txt exists, not calculating WER
Traceback (most recent call last):
  File "/scratch/work/moisioa3/keskustelu2020/scripts/convert-nbest-mlm2kaldi.py", line 31, in <module>
    with open(args.output_file, 'w', encoding='utf-8') as f:
FileNotFoundError: [Errno 2] No such file or directory: ''
WER output file scored/rescored_lstm_lstm_rescored_100best_eval_tdnn7q_sp_ensemble2_morph_nosp_4-gram_bert-base-finnish-cased-v1-finetuned-web-dsp-checkpoint-40000.combined.ac0.03.1-wer.txt exists, not calculating WER
Traceback (most recent call last):
  File "/scratch/work/moisioa3/keskustelu2020/scripts/convert-nbest-mlm2kaldi.py", line 31, in <module>
    with open(args.output_file, 'w', encoding='utf-8') as f:
FileNotFoundError: [Errno 2] No such file or directory: ''
WER output file scored/rescored_lstm_lstm_rescored_100best_eval_tdnn7q_sp_ensemble2_morph_nosp_4-gram_bert-base-finnish-cased-v1-finetuned-web-dsp-checkpoint-40000.combined.ac0.08.1-wer.txt exists, not calculating WER
Traceback (most recent call last):
  File "/scratch/work/moisioa3/keskustelu2020/scripts/convert-nbest-mlm2kaldi.py", line 31, in <module>
    with open(args.output_file, 'w', encoding='utf-8') as f:
FileNotFoundError: [Errno 2] No such file or directory: ''
WER output file scored/rescored_lstm_lstm_rescored_100best_eval_tdnn7q_sp_ensemble2_morph_nosp_4-gram_bert-base-finnish-cased-v1-finetuned-web-dsp-checkpoint-40000.combined.ac0.1.1-wer.txt exists, not calculating WER
Traceback (most recent call last):
  File "/scratch/work/moisioa3/keskustelu2020/scripts/convert-nbest-mlm2kaldi.py", line 31, in <module>
    with open(args.output_file, 'w', encoding='utf-8') as f:
FileNotFoundError: [Errno 2] No such file or directory: ''
WER output file scored/rescored_lstm_lstm_rescored_100best_eval_tdnn7q_sp_ensemble2_morph_nosp_4-gram_bert-base-finnish-cased-v1-finetuned-web-dsp-checkpoint-40000.combined.ac0.13.1-wer.txt exists, not calculating WER
Traceback (most recent call last):
  File "/scratch/work/moisioa3/keskustelu2020/scripts/convert-nbest-mlm2kaldi.py", line 31, in <module>
    with open(args.output_file, 'w', encoding='utf-8') as f:
FileNotFoundError: [Errno 2] No such file or directory: ''
WER output file scored/rescored_lstm_lstm_rescored_100best_eval_tdnn7q_sp_ensemble2_morph_nosp_4-gram_bert-base-finnish-cased-v1-finetuned-web-dsp-checkpoint-40000.combined.ac0.2.1-wer.txt exists, not calculating WER
Traceback (most recent call last):
  File "/scratch/work/moisioa3/keskustelu2020/scripts/convert-nbest-mlm2kaldi.py", line 31, in <module>
    with open(args.output_file, 'w', encoding='utf-8') as f:
FileNotFoundError: [Errno 2] No such file or directory: ''
WER output file scored/rescored_lstm_lstm_rescored_100best_eval_tdnn7q_sp_ensemble2_morph_nosp_4-gram_bert-base-finnish-cased-v1-finetuned-web-dsp-checkpoint-40000.combined.ac0.3.1-wer.txt exists, not calculating WER
/scratch/work/moisioa3/conv_lm/experiments/theanolm-morph-42k/expt2-sampled-seq40/lstm_rescored_100best_eval_tdnn7q_sp_ensemble2_morph_nosp_4-gram
rescoring /scratch/work/moisioa3/conv_lm/finbert-finetune/TurkuNLP/bert-base-finnish-cased-v1-finetuned-web-dsp/checkpoint-60000
ac scale 0.01
/home/moisioa3/.conda/envs/mlm-scoring/lib/python3.9/site-packages/mxnet/optimizer/optimizer.py:163: UserWarning: WARNING: New optimizer gluonnlp.optimizer.lamb.LAMB is overriding existing optimizer mxnet.optimizer.optimizer.LAMB
  warnings.warn('WARNING: New optimizer %s.%s is overriding '
2021-08-10 18:31:55 WARNING  Model '/scratch/work/moisioa3/conv_lm/finbert-finetune/TurkuNLP/bert-base-finnish-cased-v1-finetuned-web-dsp/checkpoint-60000' not recognized as an MXNet model; treating as PyTorch model
2021-08-10 18:32:00 WARNING  541 shared keys found, rescoring these...
2021-08-10 18:32:01 WARNING  541 predictions to compute total WER on...
2021-08-10 18:32:01 WARNING  WER: 37.62204724409449%
ac scale 0.03
/home/moisioa3/.conda/envs/mlm-scoring/lib/python3.9/site-packages/mxnet/optimizer/optimizer.py:163: UserWarning: WARNING: New optimizer gluonnlp.optimizer.lamb.LAMB is overriding existing optimizer mxnet.optimizer.optimizer.LAMB
  warnings.warn('WARNING: New optimizer %s.%s is overriding '
2021-08-10 18:32:04 WARNING  Model '/scratch/work/moisioa3/conv_lm/finbert-finetune/TurkuNLP/bert-base-finnish-cased-v1-finetuned-web-dsp/checkpoint-60000' not recognized as an MXNet model; treating as PyTorch model
2021-08-10 18:32:07 WARNING  541 shared keys found, rescoring these...
2021-08-10 18:32:08 WARNING  541 predictions to compute total WER on...
2021-08-10 18:32:08 WARNING  WER: 36.56692913385827%
ac scale 0.08
/home/moisioa3/.conda/envs/mlm-scoring/lib/python3.9/site-packages/mxnet/optimizer/optimizer.py:163: UserWarning: WARNING: New optimizer gluonnlp.optimizer.lamb.LAMB is overriding existing optimizer mxnet.optimizer.optimizer.LAMB
  warnings.warn('WARNING: New optimizer %s.%s is overriding '
2021-08-10 18:32:10 WARNING  Model '/scratch/work/moisioa3/conv_lm/finbert-finetune/TurkuNLP/bert-base-finnish-cased-v1-finetuned-web-dsp/checkpoint-60000' not recognized as an MXNet model; treating as PyTorch model
2021-08-10 18:32:14 WARNING  541 shared keys found, rescoring these...
2021-08-10 18:32:15 WARNING  541 predictions to compute total WER on...
2021-08-10 18:32:15 WARNING  WER: 35.338582677165356%
ac scale 0.1
/home/moisioa3/.conda/envs/mlm-scoring/lib/python3.9/site-packages/mxnet/optimizer/optimizer.py:163: UserWarning: WARNING: New optimizer gluonnlp.optimizer.lamb.LAMB is overriding existing optimizer mxnet.optimizer.optimizer.LAMB
  warnings.warn('WARNING: New optimizer %s.%s is overriding '
2021-08-10 18:32:17 WARNING  Model '/scratch/work/moisioa3/conv_lm/finbert-finetune/TurkuNLP/bert-base-finnish-cased-v1-finetuned-web-dsp/checkpoint-60000' not recognized as an MXNet model; treating as PyTorch model
2021-08-10 18:32:21 WARNING  541 shared keys found, rescoring these...
2021-08-10 18:32:21 WARNING  541 predictions to compute total WER on...
2021-08-10 18:32:21 WARNING  WER: 35.55905511811024%
ac scale 0.13
/home/moisioa3/.conda/envs/mlm-scoring/lib/python3.9/site-packages/mxnet/optimizer/optimizer.py:163: UserWarning: WARNING: New optimizer gluonnlp.optimizer.lamb.LAMB is overriding existing optimizer mxnet.optimizer.optimizer.LAMB
  warnings.warn('WARNING: New optimizer %s.%s is overriding '
2021-08-10 18:32:24 WARNING  Model '/scratch/work/moisioa3/conv_lm/finbert-finetune/TurkuNLP/bert-base-finnish-cased-v1-finetuned-web-dsp/checkpoint-60000' not recognized as an MXNet model; treating as PyTorch model
2021-08-10 18:32:28 WARNING  541 shared keys found, rescoring these...
2021-08-10 18:32:28 WARNING  541 predictions to compute total WER on...
2021-08-10 18:32:28 WARNING  WER: 35.669291338582674%
ac scale 0.2
/home/moisioa3/.conda/envs/mlm-scoring/lib/python3.9/site-packages/mxnet/optimizer/optimizer.py:163: UserWarning: WARNING: New optimizer gluonnlp.optimizer.lamb.LAMB is overriding existing optimizer mxnet.optimizer.optimizer.LAMB
  warnings.warn('WARNING: New optimizer %s.%s is overriding '
2021-08-10 18:32:31 WARNING  Model '/scratch/work/moisioa3/conv_lm/finbert-finetune/TurkuNLP/bert-base-finnish-cased-v1-finetuned-web-dsp/checkpoint-60000' not recognized as an MXNet model; treating as PyTorch model
2021-08-10 18:32:35 WARNING  541 shared keys found, rescoring these...
2021-08-10 18:32:35 WARNING  541 predictions to compute total WER on...
2021-08-10 18:32:35 WARNING  WER: 35.90551181102362%
ac scale 0.3
/home/moisioa3/.conda/envs/mlm-scoring/lib/python3.9/site-packages/mxnet/optimizer/optimizer.py:163: UserWarning: WARNING: New optimizer gluonnlp.optimizer.lamb.LAMB is overriding existing optimizer mxnet.optimizer.optimizer.LAMB
  warnings.warn('WARNING: New optimizer %s.%s is overriding '
2021-08-10 18:32:38 WARNING  Model '/scratch/work/moisioa3/conv_lm/finbert-finetune/TurkuNLP/bert-base-finnish-cased-v1-finetuned-web-dsp/checkpoint-60000' not recognized as an MXNet model; treating as PyTorch model
2021-08-10 18:32:42 WARNING  541 shared keys found, rescoring these...
2021-08-10 18:32:42 WARNING  541 predictions to compute total WER on...
2021-08-10 18:32:42 WARNING  WER: 36.83464566929134%

Currently Loaded Modules:
  1) cuDNN/7-CUDA-9.0.176
  2) miniconda/4.9.2
  3) GCCcore/6.4.0                              (H)
  4) binutils/2.28-GCCcore-6.4.0
  5) GCC/6.4.0-2.28                             (H)
  6) openfst/1.6.6-GCC-6.4.0
  7) OpenBLAS/0.2.20-GCC-6.4.0-2.28             (H)
  8) CUDA/9.0.176
  9) CUB/1.8.0
 10) sctk/2.4.10
 11) sph2pipe/2.5
 12) kaldi-2020/5968b4c-GCC-6.4.0-2.28-OPENBLAS

  Where:
   H:  Hidden Module

 

Traceback (most recent call last):
  File "/scratch/work/moisioa3/keskustelu2020/scripts/convert-nbest-mlm2kaldi.py", line 31, in <module>
    with open(args.output_file, 'w', encoding='utf-8') as f:
FileNotFoundError: [Errno 2] No such file or directory: ''
WER output file scored/rescored_lstm_lstm_rescored_100best_eval_tdnn7q_sp_ensemble2_morph_nosp_4-gram_bert-base-finnish-cased-v1-finetuned-web-dsp-checkpoint-60000.combined.ac0.01.1-wer.txt exists, not calculating WER
Traceback (most recent call last):
  File "/scratch/work/moisioa3/keskustelu2020/scripts/convert-nbest-mlm2kaldi.py", line 31, in <module>
    with open(args.output_file, 'w', encoding='utf-8') as f:
FileNotFoundError: [Errno 2] No such file or directory: ''
WER output file scored/rescored_lstm_lstm_rescored_100best_eval_tdnn7q_sp_ensemble2_morph_nosp_4-gram_bert-base-finnish-cased-v1-finetuned-web-dsp-checkpoint-60000.combined.ac0.03.1-wer.txt exists, not calculating WER
Traceback (most recent call last):
  File "/scratch/work/moisioa3/keskustelu2020/scripts/convert-nbest-mlm2kaldi.py", line 31, in <module>
    with open(args.output_file, 'w', encoding='utf-8') as f:
FileNotFoundError: [Errno 2] No such file or directory: ''
WER output file scored/rescored_lstm_lstm_rescored_100best_eval_tdnn7q_sp_ensemble2_morph_nosp_4-gram_bert-base-finnish-cased-v1-finetuned-web-dsp-checkpoint-60000.combined.ac0.08.1-wer.txt exists, not calculating WER
Traceback (most recent call last):
  File "/scratch/work/moisioa3/keskustelu2020/scripts/convert-nbest-mlm2kaldi.py", line 31, in <module>
    with open(args.output_file, 'w', encoding='utf-8') as f:
FileNotFoundError: [Errno 2] No such file or directory: ''
WER output file scored/rescored_lstm_lstm_rescored_100best_eval_tdnn7q_sp_ensemble2_morph_nosp_4-gram_bert-base-finnish-cased-v1-finetuned-web-dsp-checkpoint-60000.combined.ac0.1.1-wer.txt exists, not calculating WER
Traceback (most recent call last):
  File "/scratch/work/moisioa3/keskustelu2020/scripts/convert-nbest-mlm2kaldi.py", line 31, in <module>
    with open(args.output_file, 'w', encoding='utf-8') as f:
FileNotFoundError: [Errno 2] No such file or directory: ''
WER output file scored/rescored_lstm_lstm_rescored_100best_eval_tdnn7q_sp_ensemble2_morph_nosp_4-gram_bert-base-finnish-cased-v1-finetuned-web-dsp-checkpoint-60000.combined.ac0.13.1-wer.txt exists, not calculating WER
Traceback (most recent call last):
  File "/scratch/work/moisioa3/keskustelu2020/scripts/convert-nbest-mlm2kaldi.py", line 31, in <module>
    with open(args.output_file, 'w', encoding='utf-8') as f:
FileNotFoundError: [Errno 2] No such file or directory: ''
WER output file scored/rescored_lstm_lstm_rescored_100best_eval_tdnn7q_sp_ensemble2_morph_nosp_4-gram_bert-base-finnish-cased-v1-finetuned-web-dsp-checkpoint-60000.combined.ac0.2.1-wer.txt exists, not calculating WER
Traceback (most recent call last):
  File "/scratch/work/moisioa3/keskustelu2020/scripts/convert-nbest-mlm2kaldi.py", line 31, in <module>
    with open(args.output_file, 'w', encoding='utf-8') as f:
FileNotFoundError: [Errno 2] No such file or directory: ''
WER output file scored/rescored_lstm_lstm_rescored_100best_eval_tdnn7q_sp_ensemble2_morph_nosp_4-gram_bert-base-finnish-cased-v1-finetuned-web-dsp-checkpoint-60000.combined.ac0.3.1-wer.txt exists, not calculating WER
/scratch/work/moisioa3/conv_lm/experiments/theanolm-morph-42k/expt2-sampled-seq40/lstm_rescored_100best_eval_tdnn7q_sp_ensemble2_morph_nosp_4-gram
rescoring /scratch/work/moisioa3/conv_lm/finbert-finetune/TurkuNLP/bert-base-finnish-cased-v1-finetuned-web-dsp/checkpoint-82000
ac scale 0.01
/home/moisioa3/.conda/envs/mlm-scoring/lib/python3.9/site-packages/mxnet/optimizer/optimizer.py:163: UserWarning: WARNING: New optimizer gluonnlp.optimizer.lamb.LAMB is overriding existing optimizer mxnet.optimizer.optimizer.LAMB
  warnings.warn('WARNING: New optimizer %s.%s is overriding '
2021-08-10 18:32:46 WARNING  Model '/scratch/work/moisioa3/conv_lm/finbert-finetune/TurkuNLP/bert-base-finnish-cased-v1-finetuned-web-dsp/checkpoint-82000' not recognized as an MXNet model; treating as PyTorch model
2021-08-10 18:32:52 WARNING  541 shared keys found, rescoring these...
2021-08-10 18:32:52 WARNING  541 predictions to compute total WER on...
2021-08-10 18:32:52 WARNING  WER: 37.76377952755905%
ac scale 0.03
/home/moisioa3/.conda/envs/mlm-scoring/lib/python3.9/site-packages/mxnet/optimizer/optimizer.py:163: UserWarning: WARNING: New optimizer gluonnlp.optimizer.lamb.LAMB is overriding existing optimizer mxnet.optimizer.optimizer.LAMB
  warnings.warn('WARNING: New optimizer %s.%s is overriding '
2021-08-10 18:32:55 WARNING  Model '/scratch/work/moisioa3/conv_lm/finbert-finetune/TurkuNLP/bert-base-finnish-cased-v1-finetuned-web-dsp/checkpoint-82000' not recognized as an MXNet model; treating as PyTorch model
2021-08-10 18:32:58 WARNING  541 shared keys found, rescoring these...
2021-08-10 18:32:59 WARNING  541 predictions to compute total WER on...
2021-08-10 18:32:59 WARNING  WER: 36.803149606299215%
ac scale 0.08
/home/moisioa3/.conda/envs/mlm-scoring/lib/python3.9/site-packages/mxnet/optimizer/optimizer.py:163: UserWarning: WARNING: New optimizer gluonnlp.optimizer.lamb.LAMB is overriding existing optimizer mxnet.optimizer.optimizer.LAMB
  warnings.warn('WARNING: New optimizer %s.%s is overriding '
2021-08-10 18:33:01 WARNING  Model '/scratch/work/moisioa3/conv_lm/finbert-finetune/TurkuNLP/bert-base-finnish-cased-v1-finetuned-web-dsp/checkpoint-82000' not recognized as an MXNet model; treating as PyTorch model
2021-08-10 18:33:05 WARNING  541 shared keys found, rescoring these...
2021-08-10 18:33:05 WARNING  541 predictions to compute total WER on...
2021-08-10 18:33:05 WARNING  WER: 35.48031496062992%
ac scale 0.1
/home/moisioa3/.conda/envs/mlm-scoring/lib/python3.9/site-packages/mxnet/optimizer/optimizer.py:163: UserWarning: WARNING: New optimizer gluonnlp.optimizer.lamb.LAMB is overriding existing optimizer mxnet.optimizer.optimizer.LAMB
  warnings.warn('WARNING: New optimizer %s.%s is overriding '
2021-08-10 18:33:08 WARNING  Model '/scratch/work/moisioa3/conv_lm/finbert-finetune/TurkuNLP/bert-base-finnish-cased-v1-finetuned-web-dsp/checkpoint-82000' not recognized as an MXNet model; treating as PyTorch model
2021-08-10 18:33:12 WARNING  541 shared keys found, rescoring these...
2021-08-10 18:33:12 WARNING  541 predictions to compute total WER on...
2021-08-10 18:33:12 WARNING  WER: 35.40157480314961%
ac scale 0.13
/home/moisioa3/.conda/envs/mlm-scoring/lib/python3.9/site-packages/mxnet/optimizer/optimizer.py:163: UserWarning: WARNING: New optimizer gluonnlp.optimizer.lamb.LAMB is overriding existing optimizer mxnet.optimizer.optimizer.LAMB
  warnings.warn('WARNING: New optimizer %s.%s is overriding '
2021-08-10 18:33:15 WARNING  Model '/scratch/work/moisioa3/conv_lm/finbert-finetune/TurkuNLP/bert-base-finnish-cased-v1-finetuned-web-dsp/checkpoint-82000' not recognized as an MXNet model; treating as PyTorch model
2021-08-10 18:33:19 WARNING  541 shared keys found, rescoring these...
2021-08-10 18:33:19 WARNING  541 predictions to compute total WER on...
2021-08-10 18:33:19 WARNING  WER: 35.30708661417323%
ac scale 0.2
/home/moisioa3/.conda/envs/mlm-scoring/lib/python3.9/site-packages/mxnet/optimizer/optimizer.py:163: UserWarning: WARNING: New optimizer gluonnlp.optimizer.lamb.LAMB is overriding existing optimizer mxnet.optimizer.optimizer.LAMB
  warnings.warn('WARNING: New optimizer %s.%s is overriding '
2021-08-10 18:33:21 WARNING  Model '/scratch/work/moisioa3/conv_lm/finbert-finetune/TurkuNLP/bert-base-finnish-cased-v1-finetuned-web-dsp/checkpoint-82000' not recognized as an MXNet model; treating as PyTorch model
2021-08-10 18:33:25 WARNING  541 shared keys found, rescoring these...
2021-08-10 18:33:26 WARNING  541 predictions to compute total WER on...
2021-08-10 18:33:26 WARNING  WER: 35.71653543307087%
ac scale 0.3
/home/moisioa3/.conda/envs/mlm-scoring/lib/python3.9/site-packages/mxnet/optimizer/optimizer.py:163: UserWarning: WARNING: New optimizer gluonnlp.optimizer.lamb.LAMB is overriding existing optimizer mxnet.optimizer.optimizer.LAMB
  warnings.warn('WARNING: New optimizer %s.%s is overriding '
2021-08-10 18:33:28 WARNING  Model '/scratch/work/moisioa3/conv_lm/finbert-finetune/TurkuNLP/bert-base-finnish-cased-v1-finetuned-web-dsp/checkpoint-82000' not recognized as an MXNet model; treating as PyTorch model
2021-08-10 18:33:32 WARNING  541 shared keys found, rescoring these...
2021-08-10 18:33:32 WARNING  541 predictions to compute total WER on...
2021-08-10 18:33:32 WARNING  WER: 36.47244094488189%

Currently Loaded Modules:
  1) cuDNN/7-CUDA-9.0.176
  2) miniconda/4.9.2
  3) GCCcore/6.4.0                              (H)
  4) binutils/2.28-GCCcore-6.4.0
  5) GCC/6.4.0-2.28                             (H)
  6) openfst/1.6.6-GCC-6.4.0
  7) OpenBLAS/0.2.20-GCC-6.4.0-2.28             (H)
  8) CUDA/9.0.176
  9) CUB/1.8.0
 10) sctk/2.4.10
 11) sph2pipe/2.5
 12) kaldi-2020/5968b4c-GCC-6.4.0-2.28-OPENBLAS

  Where:
   H:  Hidden Module

 

Traceback (most recent call last):
  File "/scratch/work/moisioa3/keskustelu2020/scripts/convert-nbest-mlm2kaldi.py", line 31, in <module>
    with open(args.output_file, 'w', encoding='utf-8') as f:
FileNotFoundError: [Errno 2] No such file or directory: ''
WER output file scored/rescored_lstm_lstm_rescored_100best_eval_tdnn7q_sp_ensemble2_morph_nosp_4-gram_bert-base-finnish-cased-v1-finetuned-web-dsp-checkpoint-82000.combined.ac0.01.1-wer.txt exists, not calculating WER
Traceback (most recent call last):
  File "/scratch/work/moisioa3/keskustelu2020/scripts/convert-nbest-mlm2kaldi.py", line 31, in <module>
    with open(args.output_file, 'w', encoding='utf-8') as f:
FileNotFoundError: [Errno 2] No such file or directory: ''
WER output file scored/rescored_lstm_lstm_rescored_100best_eval_tdnn7q_sp_ensemble2_morph_nosp_4-gram_bert-base-finnish-cased-v1-finetuned-web-dsp-checkpoint-82000.combined.ac0.03.1-wer.txt exists, not calculating WER
Traceback (most recent call last):
  File "/scratch/work/moisioa3/keskustelu2020/scripts/convert-nbest-mlm2kaldi.py", line 31, in <module>
    with open(args.output_file, 'w', encoding='utf-8') as f:
FileNotFoundError: [Errno 2] No such file or directory: ''
WER output file scored/rescored_lstm_lstm_rescored_100best_eval_tdnn7q_sp_ensemble2_morph_nosp_4-gram_bert-base-finnish-cased-v1-finetuned-web-dsp-checkpoint-82000.combined.ac0.08.1-wer.txt exists, not calculating WER
Traceback (most recent call last):
  File "/scratch/work/moisioa3/keskustelu2020/scripts/convert-nbest-mlm2kaldi.py", line 31, in <module>
    with open(args.output_file, 'w', encoding='utf-8') as f:
FileNotFoundError: [Errno 2] No such file or directory: ''
WER output file scored/rescored_lstm_lstm_rescored_100best_eval_tdnn7q_sp_ensemble2_morph_nosp_4-gram_bert-base-finnish-cased-v1-finetuned-web-dsp-checkpoint-82000.combined.ac0.1.1-wer.txt exists, not calculating WER
Traceback (most recent call last):
  File "/scratch/work/moisioa3/keskustelu2020/scripts/convert-nbest-mlm2kaldi.py", line 31, in <module>
    with open(args.output_file, 'w', encoding='utf-8') as f:
FileNotFoundError: [Errno 2] No such file or directory: ''
WER output file scored/rescored_lstm_lstm_rescored_100best_eval_tdnn7q_sp_ensemble2_morph_nosp_4-gram_bert-base-finnish-cased-v1-finetuned-web-dsp-checkpoint-82000.combined.ac0.13.1-wer.txt exists, not calculating WER
Traceback (most recent call last):
  File "/scratch/work/moisioa3/keskustelu2020/scripts/convert-nbest-mlm2kaldi.py", line 31, in <module>
    with open(args.output_file, 'w', encoding='utf-8') as f:
FileNotFoundError: [Errno 2] No such file or directory: ''
WER output file scored/rescored_lstm_lstm_rescored_100best_eval_tdnn7q_sp_ensemble2_morph_nosp_4-gram_bert-base-finnish-cased-v1-finetuned-web-dsp-checkpoint-82000.combined.ac0.2.1-wer.txt exists, not calculating WER
Traceback (most recent call last):
  File "/scratch/work/moisioa3/keskustelu2020/scripts/convert-nbest-mlm2kaldi.py", line 31, in <module>
    with open(args.output_file, 'w', encoding='utf-8') as f:
FileNotFoundError: [Errno 2] No such file or directory: ''
WER output file scored/rescored_lstm_lstm_rescored_100best_eval_tdnn7q_sp_ensemble2_morph_nosp_4-gram_bert-base-finnish-cased-v1-finetuned-web-dsp-checkpoint-82000.combined.ac0.3.1-wer.txt exists, not calculating WER
