
Currently Loaded Modules:
  1) CUDA/9.0.176   2) cuDNN/7-CUDA-9.0.176   3) miniconda/4.9.2

 

using 100-best list from ../../../../keskustelu2020/experiments/am/converse_fin/exp/chain/tdnn7q_sp_ensemble_vc/100best_momaf-movies-with-sub_word_web_dsp_os_nosp
scoring 100-best list using /scratch/work/moisioa3/conv_lm/finbert-finetune/TurkuNLP/bert-base-finnish-cased-v1-finetuned-opensubtitles_all/checkpoint-30000
write output to scored/tdnn7q_sp_ensemble_vc_word_web_dsp_os_nosp/100best_momaf-movies-with-sub_finbert_ft_cased_opensubtitles_all-checkpoint-30000.combined.ac0.083.json
/home/moisioa3/.conda/envs/mlm-scoring/lib/python3.9/site-packages/mxnet/optimizer/optimizer.py:163: UserWarning: WARNING: New optimizer gluonnlp.optimizer.lamb.LAMB is overriding existing optimizer mxnet.optimizer.optimizer.LAMB
  warnings.warn('WARNING: New optimizer %s.%s is overriding '
2021-08-14 19:23:37 WARNING  Model '/scratch/work/moisioa3/conv_lm/finbert-finetune/TurkuNLP/bert-base-finnish-cased-v1-finetuned-opensubtitles_all/checkpoint-30000' not recognized as an MXNet model; treating as PyTorch model
2021-08-14 19:23:43 WARNING  Created scorer of class 'MLMScorerPT'.
2021-08-14 19:23:43 WARNING  Language was set but this model does not use language embeddings!
2021-08-14 19:24:17 WARNING  # of input sequences: 11517
2021-08-14 19:24:17 WARNING  # of hypotheses: 1080200
2021-08-14 19:28:06 INFO     FixedBucketSampler:
  sample_num=6327796, batch_num=5477
  key=[12, 14, 16, 18, 20, 22, 24, 26, 28, 30]
  cnt=[4710496, 782689, 460071, 225752, 92263, 36920, 10604, 6176, 2419, 406]
  batch_size=[1250, 1071, 937, 833, 750, 681, 625, 576, 535, 500]
2021-08-14 19:28:14 INFO     10876 sents of 6327796, batch 20 of 5477
2021-08-14 19:28:19 INFO     23691 sents of 6327796, batch 40 of 5477
2021-08-14 19:28:24 INFO     37311 sents of 6327796, batch 60 of 5477
2021-08-14 19:28:29 INFO     50931 sents of 6327796, batch 80 of 5477
2021-08-14 19:28:34 INFO     64775 sents of 6327796, batch 100 of 5477
2021-08-14 19:28:39 INFO     79775 sents of 6327796, batch 120 of 5477
2021-08-14 19:28:44 INFO     94775 sents of 6327796, batch 140 of 5477
2021-08-14 19:28:49 INFO     109775 sents of 6327796, batch 160 of 5477
2021-08-14 19:28:54 INFO     124775 sents of 6327796, batch 180 of 5477
2021-08-14 19:28:59 INFO     139775 sents of 6327796, batch 200 of 5477
2021-08-14 19:29:04 INFO     154619 sents of 6327796, batch 220 of 5477
2021-08-14 19:29:10 INFO     171279 sents of 6327796, batch 240 of 5477
2021-08-14 19:29:15 INFO     187939 sents of 6327796, batch 260 of 5477
2021-08-14 19:29:20 INFO     204599 sents of 6327796, batch 280 of 5477
2021-08-14 19:29:25 INFO     221259 sents of 6327796, batch 300 of 5477
2021-08-14 19:29:30 INFO     237919 sents of 6327796, batch 320 of 5477
2021-08-14 19:29:36 INFO     254579 sents of 6327796, batch 340 of 5477
2021-08-14 19:29:41 INFO     271239 sents of 6327796, batch 360 of 5477
2021-08-14 19:29:46 INFO     287899 sents of 6327796, batch 380 of 5477
2021-08-14 19:29:51 INFO     304559 sents of 6327796, batch 400 of 5477
2021-08-14 19:29:56 INFO     321219 sents of 6327796, batch 420 of 5477
2021-08-14 19:30:02 INFO     337879 sents of 6327796, batch 440 of 5477
2021-08-14 19:30:07 INFO     354539 sents of 6327796, batch 460 of 5477
2021-08-14 19:30:12 INFO     371199 sents of 6327796, batch 480 of 5477
2021-08-14 19:30:17 INFO     388595 sents of 6327796, batch 500 of 5477
2021-08-14 19:30:22 INFO     407335 sents of 6327796, batch 520 of 5477
2021-08-14 19:30:27 INFO     426075 sents of 6327796, batch 540 of 5477
2021-08-14 19:30:32 INFO     444815 sents of 6327796, batch 560 of 5477
2021-08-14 19:30:37 INFO     463555 sents of 6327796, batch 580 of 5477
2021-08-14 19:30:43 INFO     482295 sents of 6327796, batch 600 of 5477
2021-08-14 19:30:48 INFO     501035 sents of 6327796, batch 620 of 5477
2021-08-14 19:30:53 INFO     519775 sents of 6327796, batch 640 of 5477
2021-08-14 19:30:58 INFO     538515 sents of 6327796, batch 660 of 5477
2021-08-14 19:31:03 INFO     557255 sents of 6327796, batch 680 of 5477
2021-08-14 19:31:08 INFO     575995 sents of 6327796, batch 700 of 5477
2021-08-14 19:31:13 INFO     594735 sents of 6327796, batch 720 of 5477
2021-08-14 19:31:18 INFO     613475 sents of 6327796, batch 740 of 5477
2021-08-14 19:31:23 INFO     632215 sents of 6327796, batch 760 of 5477
2021-08-14 19:31:28 INFO     650955 sents of 6327796, batch 780 of 5477
2021-08-14 19:31:33 INFO     669695 sents of 6327796, batch 800 of 5477
2021-08-14 19:31:39 INFO     688435 sents of 6327796, batch 820 of 5477
2021-08-14 19:31:44 INFO     707175 sents of 6327796, batch 840 of 5477
2021-08-14 19:31:49 INFO     725915 sents of 6327796, batch 860 of 5477
2021-08-14 19:31:54 INFO     744655 sents of 6327796, batch 880 of 5477
2021-08-14 19:31:59 INFO     763395 sents of 6327796, batch 900 of 5477
2021-08-14 19:32:04 INFO     782135 sents of 6327796, batch 920 of 5477
2021-08-14 19:32:09 INFO     800875 sents of 6327796, batch 940 of 5477
2021-08-14 19:32:14 INFO     819615 sents of 6327796, batch 960 of 5477
2021-08-14 19:32:19 INFO     837824 sents of 6327796, batch 980 of 5477
2021-08-14 19:32:24 INFO     859244 sents of 6327796, batch 1000 of 5477
2021-08-14 19:32:29 INFO     880664 sents of 6327796, batch 1020 of 5477
2021-08-14 19:32:34 INFO     902084 sents of 6327796, batch 1040 of 5477
2021-08-14 19:32:40 INFO     923504 sents of 6327796, batch 1060 of 5477
2021-08-14 19:32:45 INFO     944924 sents of 6327796, batch 1080 of 5477
2021-08-14 19:32:50 INFO     966344 sents of 6327796, batch 1100 of 5477
2021-08-14 19:32:55 INFO     987764 sents of 6327796, batch 1120 of 5477
2021-08-14 19:33:00 INFO     1009184 sents of 6327796, batch 1140 of 5477
2021-08-14 19:33:05 INFO     1030604 sents of 6327796, batch 1160 of 5477
2021-08-14 19:33:10 INFO     1052024 sents of 6327796, batch 1180 of 5477
2021-08-14 19:33:15 INFO     1073444 sents of 6327796, batch 1200 of 5477
2021-08-14 19:33:21 INFO     1094864 sents of 6327796, batch 1220 of 5477
2021-08-14 19:33:26 INFO     1116284 sents of 6327796, batch 1240 of 5477
2021-08-14 19:33:31 INFO     1137704 sents of 6327796, batch 1260 of 5477
2021-08-14 19:33:36 INFO     1159124 sents of 6327796, batch 1280 of 5477
2021-08-14 19:33:41 INFO     1180544 sents of 6327796, batch 1300 of 5477
2021-08-14 19:33:46 INFO     1201964 sents of 6327796, batch 1320 of 5477
2021-08-14 19:33:51 INFO     1223384 sents of 6327796, batch 1340 of 5477
2021-08-14 19:33:57 INFO     1244804 sents of 6327796, batch 1360 of 5477
2021-08-14 19:34:02 INFO     1266224 sents of 6327796, batch 1380 of 5477
2021-08-14 19:34:07 INFO     1287644 sents of 6327796, batch 1400 of 5477
2021-08-14 19:34:12 INFO     1309064 sents of 6327796, batch 1420 of 5477
2021-08-14 19:34:17 INFO     1330484 sents of 6327796, batch 1440 of 5477
2021-08-14 19:34:22 INFO     1351904 sents of 6327796, batch 1460 of 5477
2021-08-14 19:34:27 INFO     1373324 sents of 6327796, batch 1480 of 5477
2021-08-14 19:34:32 INFO     1394744 sents of 6327796, batch 1500 of 5477
2021-08-14 19:34:38 INFO     1416164 sents of 6327796, batch 1520 of 5477
2021-08-14 19:34:43 INFO     1437584 sents of 6327796, batch 1540 of 5477
2021-08-14 19:34:48 INFO     1459004 sents of 6327796, batch 1560 of 5477
2021-08-14 19:34:53 INFO     1480424 sents of 6327796, batch 1580 of 5477
2021-08-14 19:34:58 INFO     1501844 sents of 6327796, batch 1600 of 5477
2021-08-14 19:35:03 INFO     1523264 sents of 6327796, batch 1620 of 5477
2021-08-14 19:35:08 INFO     1544684 sents of 6327796, batch 1640 of 5477
2021-08-14 19:35:13 INFO     1566104 sents of 6327796, batch 1660 of 5477
2021-08-14 19:35:19 INFO     1587524 sents of 6327796, batch 1680 of 5477
2021-08-14 19:35:24 INFO     1608944 sents of 6327796, batch 1700 of 5477
2021-08-14 19:35:29 INFO     1632300 sents of 6327796, batch 1720 of 5477
2021-08-14 19:35:34 INFO     1657300 sents of 6327796, batch 1740 of 5477
2021-08-14 19:35:39 INFO     1682300 sents of 6327796, batch 1760 of 5477
2021-08-14 19:35:44 INFO     1707300 sents of 6327796, batch 1780 of 5477
2021-08-14 19:35:49 INFO     1732300 sents of 6327796, batch 1800 of 5477
2021-08-14 19:35:54 INFO     1757300 sents of 6327796, batch 1820 of 5477
2021-08-14 19:35:59 INFO     1782300 sents of 6327796, batch 1840 of 5477
2021-08-14 19:36:04 INFO     1807300 sents of 6327796, batch 1860 of 5477
2021-08-14 19:36:09 INFO     1832300 sents of 6327796, batch 1880 of 5477
2021-08-14 19:36:14 INFO     1857300 sents of 6327796, batch 1900 of 5477
2021-08-14 19:36:19 INFO     1882300 sents of 6327796, batch 1920 of 5477
2021-08-14 19:36:24 INFO     1907300 sents of 6327796, batch 1940 of 5477
2021-08-14 19:36:29 INFO     1932300 sents of 6327796, batch 1960 of 5477
2021-08-14 19:36:34 INFO     1957300 sents of 6327796, batch 1980 of 5477
2021-08-14 19:36:39 INFO     1982300 sents of 6327796, batch 2000 of 5477
2021-08-14 19:36:44 INFO     2007300 sents of 6327796, batch 2020 of 5477
2021-08-14 19:36:49 INFO     2032300 sents of 6327796, batch 2040 of 5477
2021-08-14 19:36:53 INFO     2057300 sents of 6327796, batch 2060 of 5477
2021-08-14 19:36:58 INFO     2082300 sents of 6327796, batch 2080 of 5477
2021-08-14 19:37:03 INFO     2107300 sents of 6327796, batch 2100 of 5477
2021-08-14 19:37:08 INFO     2132300 sents of 6327796, batch 2120 of 5477
2021-08-14 19:37:13 INFO     2157300 sents of 6327796, batch 2140 of 5477
2021-08-14 19:37:18 INFO     2182300 sents of 6327796, batch 2160 of 5477
2021-08-14 19:37:23 INFO     2207300 sents of 6327796, batch 2180 of 5477
2021-08-14 19:37:28 INFO     2232300 sents of 6327796, batch 2200 of 5477
2021-08-14 19:37:33 INFO     2257300 sents of 6327796, batch 2220 of 5477
2021-08-14 19:37:38 INFO     2282300 sents of 6327796, batch 2240 of 5477
2021-08-14 19:37:43 INFO     2307300 sents of 6327796, batch 2260 of 5477
2021-08-14 19:37:48 INFO     2332300 sents of 6327796, batch 2280 of 5477
2021-08-14 19:37:53 INFO     2357300 sents of 6327796, batch 2300 of 5477
2021-08-14 19:37:57 INFO     2382300 sents of 6327796, batch 2320 of 5477
2021-08-14 19:38:02 INFO     2407300 sents of 6327796, batch 2340 of 5477
2021-08-14 19:38:07 INFO     2432300 sents of 6327796, batch 2360 of 5477
2021-08-14 19:38:11 INFO     2457300 sents of 6327796, batch 2380 of 5477
2021-08-14 19:38:15 INFO     2482300 sents of 6327796, batch 2400 of 5477
2021-08-14 19:38:19 INFO     2507300 sents of 6327796, batch 2420 of 5477
2021-08-14 19:38:24 INFO     2532300 sents of 6327796, batch 2440 of 5477
2021-08-14 19:38:29 INFO     2557300 sents of 6327796, batch 2460 of 5477
2021-08-14 19:38:34 INFO     2582300 sents of 6327796, batch 2480 of 5477
2021-08-14 19:38:38 INFO     2607300 sents of 6327796, batch 2500 of 5477
2021-08-14 19:38:43 INFO     2632300 sents of 6327796, batch 2520 of 5477
2021-08-14 19:38:48 INFO     2657300 sents of 6327796, batch 2540 of 5477
2021-08-14 19:38:52 INFO     2682300 sents of 6327796, batch 2560 of 5477
2021-08-14 19:38:57 INFO     2707300 sents of 6327796, batch 2580 of 5477
2021-08-14 19:39:02 INFO     2732300 sents of 6327796, batch 2600 of 5477
2021-08-14 19:39:07 INFO     2757300 sents of 6327796, batch 2620 of 5477
2021-08-14 19:39:12 INFO     2782300 sents of 6327796, batch 2640 of 5477
2021-08-14 19:39:17 INFO     2807300 sents of 6327796, batch 2660 of 5477
2021-08-14 19:39:22 INFO     2832300 sents of 6327796, batch 2680 of 5477
2021-08-14 19:39:27 INFO     2857300 sents of 6327796, batch 2700 of 5477
2021-08-14 19:39:32 INFO     2882300 sents of 6327796, batch 2720 of 5477
2021-08-14 19:39:37 INFO     2907300 sents of 6327796, batch 2740 of 5477
2021-08-14 19:39:42 INFO     2932300 sents of 6327796, batch 2760 of 5477
2021-08-14 19:39:47 INFO     2957300 sents of 6327796, batch 2780 of 5477
2021-08-14 19:39:52 INFO     2982300 sents of 6327796, batch 2800 of 5477
2021-08-14 19:39:57 INFO     3007300 sents of 6327796, batch 2820 of 5477
2021-08-14 19:40:02 INFO     3032300 sents of 6327796, batch 2840 of 5477
2021-08-14 19:40:07 INFO     3057300 sents of 6327796, batch 2860 of 5477
2021-08-14 19:40:12 INFO     3082300 sents of 6327796, batch 2880 of 5477
2021-08-14 19:40:17 INFO     3107300 sents of 6327796, batch 2900 of 5477
2021-08-14 19:40:23 INFO     3132300 sents of 6327796, batch 2920 of 5477
2021-08-14 19:40:27 INFO     3157300 sents of 6327796, batch 2940 of 5477
2021-08-14 19:40:32 INFO     3182300 sents of 6327796, batch 2960 of 5477
2021-08-14 19:40:37 INFO     3207300 sents of 6327796, batch 2980 of 5477
2021-08-14 19:40:42 INFO     3232300 sents of 6327796, batch 3000 of 5477
2021-08-14 19:40:47 INFO     3257300 sents of 6327796, batch 3020 of 5477
2021-08-14 19:40:52 INFO     3282300 sents of 6327796, batch 3040 of 5477
2021-08-14 19:40:57 INFO     3307300 sents of 6327796, batch 3060 of 5477
2021-08-14 19:41:02 INFO     3332300 sents of 6327796, batch 3080 of 5477
2021-08-14 19:41:07 INFO     3357300 sents of 6327796, batch 3100 of 5477
2021-08-14 19:41:12 INFO     3382300 sents of 6327796, batch 3120 of 5477
2021-08-14 19:41:17 INFO     3407300 sents of 6327796, batch 3140 of 5477
2021-08-14 19:41:22 INFO     3432300 sents of 6327796, batch 3160 of 5477
2021-08-14 19:41:27 INFO     3457300 sents of 6327796, batch 3180 of 5477
2021-08-14 19:41:32 INFO     3482300 sents of 6327796, batch 3200 of 5477
2021-08-14 19:41:37 INFO     3507300 sents of 6327796, batch 3220 of 5477
2021-08-14 19:41:42 INFO     3532300 sents of 6327796, batch 3240 of 5477
2021-08-14 19:41:47 INFO     3557300 sents of 6327796, batch 3260 of 5477
2021-08-14 19:41:52 INFO     3582300 sents of 6327796, batch 3280 of 5477
2021-08-14 19:41:58 INFO     3607300 sents of 6327796, batch 3300 of 5477
2021-08-14 19:42:03 INFO     3632300 sents of 6327796, batch 3320 of 5477
2021-08-14 19:42:08 INFO     3657300 sents of 6327796, batch 3340 of 5477
2021-08-14 19:42:13 INFO     3682300 sents of 6327796, batch 3360 of 5477
2021-08-14 19:42:18 INFO     3707300 sents of 6327796, batch 3380 of 5477
2021-08-14 19:42:23 INFO     3732300 sents of 6327796, batch 3400 of 5477
2021-08-14 19:42:28 INFO     3757300 sents of 6327796, batch 3420 of 5477
2021-08-14 19:42:33 INFO     3782300 sents of 6327796, batch 3440 of 5477
2021-08-14 19:42:38 INFO     3807300 sents of 6327796, batch 3460 of 5477
2021-08-14 19:42:43 INFO     3832300 sents of 6327796, batch 3480 of 5477
2021-08-14 19:42:48 INFO     3857300 sents of 6327796, batch 3500 of 5477
2021-08-14 19:42:53 INFO     3882300 sents of 6327796, batch 3520 of 5477
2021-08-14 19:42:59 INFO     3907300 sents of 6327796, batch 3540 of 5477
2021-08-14 19:43:04 INFO     3932300 sents of 6327796, batch 3560 of 5477
2021-08-14 19:43:09 INFO     3957300 sents of 6327796, batch 3580 of 5477
2021-08-14 19:43:14 INFO     3982300 sents of 6327796, batch 3600 of 5477
2021-08-14 19:43:19 INFO     4007300 sents of 6327796, batch 3620 of 5477
2021-08-14 19:43:24 INFO     4032300 sents of 6327796, batch 3640 of 5477
2021-08-14 19:43:29 INFO     4057300 sents of 6327796, batch 3660 of 5477
2021-08-14 19:43:35 INFO     4082300 sents of 6327796, batch 3680 of 5477
2021-08-14 19:43:40 INFO     4107300 sents of 6327796, batch 3700 of 5477
2021-08-14 19:43:45 INFO     4132300 sents of 6327796, batch 3720 of 5477
2021-08-14 19:43:50 INFO     4157300 sents of 6327796, batch 3740 of 5477
2021-08-14 19:43:55 INFO     4182300 sents of 6327796, batch 3760 of 5477
2021-08-14 19:44:00 INFO     4207300 sents of 6327796, batch 3780 of 5477
2021-08-14 19:44:05 INFO     4232300 sents of 6327796, batch 3800 of 5477
2021-08-14 19:44:10 INFO     4257300 sents of 6327796, batch 3820 of 5477
2021-08-14 19:44:15 INFO     4282300 sents of 6327796, batch 3840 of 5477
2021-08-14 19:44:20 INFO     4307300 sents of 6327796, batch 3860 of 5477
2021-08-14 19:44:25 INFO     4332300 sents of 6327796, batch 3880 of 5477
2021-08-14 19:44:30 INFO     4357300 sents of 6327796, batch 3900 of 5477
2021-08-14 19:44:36 INFO     4382300 sents of 6327796, batch 3920 of 5477
2021-08-14 19:44:41 INFO     4407300 sents of 6327796, batch 3940 of 5477
2021-08-14 19:44:46 INFO     4432300 sents of 6327796, batch 3960 of 5477
2021-08-14 19:44:51 INFO     4457300 sents of 6327796, batch 3980 of 5477
2021-08-14 19:44:56 INFO     4482300 sents of 6327796, batch 4000 of 5477
2021-08-14 19:45:01 INFO     4507300 sents of 6327796, batch 4020 of 5477
2021-08-14 19:45:06 INFO     4532300 sents of 6327796, batch 4040 of 5477
2021-08-14 19:45:11 INFO     4557300 sents of 6327796, batch 4060 of 5477
2021-08-14 19:45:16 INFO     4582300 sents of 6327796, batch 4080 of 5477
2021-08-14 19:45:21 INFO     4607300 sents of 6327796, batch 4100 of 5477
2021-08-14 19:45:26 INFO     4632300 sents of 6327796, batch 4120 of 5477
2021-08-14 19:45:31 INFO     4657300 sents of 6327796, batch 4140 of 5477
2021-08-14 19:45:36 INFO     4682300 sents of 6327796, batch 4160 of 5477
2021-08-14 19:45:41 INFO     4707300 sents of 6327796, batch 4180 of 5477
2021-08-14 19:45:45 INFO     4732300 sents of 6327796, batch 4200 of 5477
2021-08-14 19:45:50 INFO     4757300 sents of 6327796, batch 4220 of 5477
2021-08-14 19:45:55 INFO     4782300 sents of 6327796, batch 4240 of 5477
2021-08-14 19:46:00 INFO     4807300 sents of 6327796, batch 4260 of 5477
2021-08-14 19:46:05 INFO     4832300 sents of 6327796, batch 4280 of 5477
2021-08-14 19:46:10 INFO     4857300 sents of 6327796, batch 4300 of 5477
2021-08-14 19:46:15 INFO     4882300 sents of 6327796, batch 4320 of 5477
2021-08-14 19:46:20 INFO     4907300 sents of 6327796, batch 4340 of 5477
2021-08-14 19:46:25 INFO     4932300 sents of 6327796, batch 4360 of 5477
2021-08-14 19:46:30 INFO     4957300 sents of 6327796, batch 4380 of 5477
2021-08-14 19:46:35 INFO     4982300 sents of 6327796, batch 4400 of 5477
2021-08-14 19:46:40 INFO     5007300 sents of 6327796, batch 4420 of 5477
2021-08-14 19:46:45 INFO     5032300 sents of 6327796, batch 4440 of 5477
2021-08-14 19:46:50 INFO     5057300 sents of 6327796, batch 4460 of 5477
2021-08-14 19:46:55 INFO     5082300 sents of 6327796, batch 4480 of 5477
2021-08-14 19:47:00 INFO     5107300 sents of 6327796, batch 4500 of 5477
2021-08-14 19:47:05 INFO     5132300 sents of 6327796, batch 4520 of 5477
2021-08-14 19:47:10 INFO     5157300 sents of 6327796, batch 4540 of 5477
2021-08-14 19:47:14 INFO     5182300 sents of 6327796, batch 4560 of 5477
2021-08-14 19:47:19 INFO     5207300 sents of 6327796, batch 4580 of 5477
2021-08-14 19:47:25 INFO     5232300 sents of 6327796, batch 4600 of 5477
2021-08-14 19:47:30 INFO     5257300 sents of 6327796, batch 4620 of 5477
2021-08-14 19:47:35 INFO     5282300 sents of 6327796, batch 4640 of 5477
2021-08-14 19:47:39 INFO     5307300 sents of 6327796, batch 4660 of 5477
2021-08-14 19:47:44 INFO     5332300 sents of 6327796, batch 4680 of 5477
2021-08-14 19:47:49 INFO     5357300 sents of 6327796, batch 4700 of 5477
2021-08-14 19:47:54 INFO     5382300 sents of 6327796, batch 4720 of 5477
2021-08-14 19:47:59 INFO     5407300 sents of 6327796, batch 4740 of 5477
2021-08-14 19:48:04 INFO     5432300 sents of 6327796, batch 4760 of 5477
2021-08-14 19:48:09 INFO     5457300 sents of 6327796, batch 4780 of 5477
2021-08-14 19:48:14 INFO     5482300 sents of 6327796, batch 4800 of 5477
2021-08-14 19:48:19 INFO     5507300 sents of 6327796, batch 4820 of 5477
2021-08-14 19:48:24 INFO     5532300 sents of 6327796, batch 4840 of 5477
2021-08-14 19:48:29 INFO     5557300 sents of 6327796, batch 4860 of 5477
2021-08-14 19:48:34 INFO     5582300 sents of 6327796, batch 4880 of 5477
2021-08-14 19:48:38 INFO     5607300 sents of 6327796, batch 4900 of 5477
2021-08-14 19:48:43 INFO     5632300 sents of 6327796, batch 4920 of 5477
2021-08-14 19:48:48 INFO     5657300 sents of 6327796, batch 4940 of 5477
2021-08-14 19:48:54 INFO     5682300 sents of 6327796, batch 4960 of 5477
2021-08-14 19:48:59 INFO     5707300 sents of 6327796, batch 4980 of 5477
2021-08-14 19:49:04 INFO     5732300 sents of 6327796, batch 5000 of 5477
2021-08-14 19:49:09 INFO     5757300 sents of 6327796, batch 5020 of 5477
2021-08-14 19:49:14 INFO     5782300 sents of 6327796, batch 5040 of 5477
2021-08-14 19:49:19 INFO     5807300 sents of 6327796, batch 5060 of 5477
2021-08-14 19:49:24 INFO     5832300 sents of 6327796, batch 5080 of 5477
2021-08-14 19:49:29 INFO     5857300 sents of 6327796, batch 5100 of 5477
2021-08-14 19:49:34 INFO     5882300 sents of 6327796, batch 5120 of 5477
2021-08-14 19:49:39 INFO     5907300 sents of 6327796, batch 5140 of 5477
2021-08-14 19:49:44 INFO     5932300 sents of 6327796, batch 5160 of 5477
2021-08-14 19:49:50 INFO     5957300 sents of 6327796, batch 5180 of 5477
2021-08-14 19:49:55 INFO     5982300 sents of 6327796, batch 5200 of 5477
2021-08-14 19:50:00 INFO     6007300 sents of 6327796, batch 5220 of 5477
2021-08-14 19:50:05 INFO     6032300 sents of 6327796, batch 5240 of 5477
2021-08-14 19:50:10 INFO     6057300 sents of 6327796, batch 5260 of 5477
2021-08-14 19:50:15 INFO     6082300 sents of 6327796, batch 5280 of 5477
2021-08-14 19:50:20 INFO     6107300 sents of 6327796, batch 5300 of 5477
2021-08-14 19:50:25 INFO     6132300 sents of 6327796, batch 5320 of 5477
2021-08-14 19:50:30 INFO     6157300 sents of 6327796, batch 5340 of 5477
2021-08-14 19:50:35 INFO     6182300 sents of 6327796, batch 5360 of 5477
2021-08-14 19:50:40 INFO     6207300 sents of 6327796, batch 5380 of 5477
2021-08-14 19:50:45 INFO     6232300 sents of 6327796, batch 5400 of 5477
2021-08-14 19:50:50 INFO     6257300 sents of 6327796, batch 5420 of 5477
2021-08-14 19:50:55 INFO     6282300 sents of 6327796, batch 5440 of 5477
2021-08-14 19:51:00 INFO     6307300 sents of 6327796, batch 5460 of 5477
2021-08-14 19:51:11 WARNING  # words: 4987418
2021-08-14 19:51:11 WARNING  longest sentence: 19
2021-08-14 19:51:11 WARNING  # tokens: 6327796
2021-08-14 19:51:11 WARNING  Token-level (P)PPL: 993.6824015853198
2021-08-14 19:51:11 WARNING  Word-normalized (P)PPL: 6349.851181081193
../../../../keskustelu2020/experiments/am/converse_fin/exp/chain/tdnn7q_sp_ensemble_vc/100best_momaf-movies-with-sub_word_web_dsp_os_nosp
rescoring /scratch/work/moisioa3/conv_lm/finbert-finetune/TurkuNLP/bert-base-finnish-cased-v1-finetuned-opensubtitles_all/checkpoint-30000
ac scale 0.083
/home/moisioa3/.conda/envs/mlm-scoring/lib/python3.9/site-packages/mxnet/optimizer/optimizer.py:163: UserWarning: WARNING: New optimizer gluonnlp.optimizer.lamb.LAMB is overriding existing optimizer mxnet.optimizer.optimizer.LAMB
  warnings.warn('WARNING: New optimizer %s.%s is overriding '
2021-08-14 19:51:31 WARNING  Model '/scratch/work/moisioa3/conv_lm/finbert-finetune/TurkuNLP/bert-base-finnish-cased-v1-finetuned-opensubtitles_all/checkpoint-30000' not recognized as an MXNet model; treating as PyTorch model
2021-08-14 19:51:41 WARNING  11517 shared keys found, rescoring these...
2021-08-14 19:51:53 WARNING  11517 predictions to compute total WER on...
2021-08-14 19:51:53 WARNING  WER: 78.18545697131421%
using 100-best list from ../../../../keskustelu2020/experiments/am/converse_fin/exp/chain/tdnn7q_sp_ensemble_vc/100best_momaf-movies-with-sub_word_web_dsp_os_nosp
scoring 100-best list using /scratch/work/moisioa3/conv_lm/finbert-finetune/TurkuNLP/bert-base-finnish-cased-v1-finetuned-opensubtitles_all/checkpoint-40000
write output to scored/tdnn7q_sp_ensemble_vc_word_web_dsp_os_nosp/100best_momaf-movies-with-sub_finbert_ft_cased_opensubtitles_all-checkpoint-40000.combined.ac0.083.json
/home/moisioa3/.conda/envs/mlm-scoring/lib/python3.9/site-packages/mxnet/optimizer/optimizer.py:163: UserWarning: WARNING: New optimizer gluonnlp.optimizer.lamb.LAMB is overriding existing optimizer mxnet.optimizer.optimizer.LAMB
  warnings.warn('WARNING: New optimizer %s.%s is overriding '
2021-08-14 19:51:56 WARNING  Model '/scratch/work/moisioa3/conv_lm/finbert-finetune/TurkuNLP/bert-base-finnish-cased-v1-finetuned-opensubtitles_all/checkpoint-40000' not recognized as an MXNet model; treating as PyTorch model
2021-08-14 19:52:02 WARNING  Created scorer of class 'MLMScorerPT'.
2021-08-14 19:52:02 WARNING  Language was set but this model does not use language embeddings!
2021-08-14 19:52:11 WARNING  # of input sequences: 11517
2021-08-14 19:52:11 WARNING  # of hypotheses: 1080200
2021-08-14 19:55:58 INFO     FixedBucketSampler:
  sample_num=6327796, batch_num=5477
  key=[12, 14, 16, 18, 20, 22, 24, 26, 28, 30]
  cnt=[4710496, 782689, 460071, 225752, 92263, 36920, 10604, 6176, 2419, 406]
  batch_size=[1250, 1071, 937, 833, 750, 681, 625, 576, 535, 500]
2021-08-14 19:56:04 INFO     10876 sents of 6327796, batch 20 of 5477
2021-08-14 19:56:10 INFO     23691 sents of 6327796, batch 40 of 5477
2021-08-14 19:56:15 INFO     37311 sents of 6327796, batch 60 of 5477
2021-08-14 19:56:20 INFO     50931 sents of 6327796, batch 80 of 5477
2021-08-14 19:56:25 INFO     64775 sents of 6327796, batch 100 of 5477
2021-08-14 19:56:30 INFO     79775 sents of 6327796, batch 120 of 5477
2021-08-14 19:56:35 INFO     94775 sents of 6327796, batch 140 of 5477
2021-08-14 19:56:40 INFO     109775 sents of 6327796, batch 160 of 5477
2021-08-14 19:56:45 INFO     124775 sents of 6327796, batch 180 of 5477
2021-08-14 19:56:50 INFO     139775 sents of 6327796, batch 200 of 5477
2021-08-14 19:56:55 INFO     154619 sents of 6327796, batch 220 of 5477
2021-08-14 19:57:01 INFO     171279 sents of 6327796, batch 240 of 5477
2021-08-14 19:57:06 INFO     187939 sents of 6327796, batch 260 of 5477
2021-08-14 19:57:11 INFO     204599 sents of 6327796, batch 280 of 5477
2021-08-14 19:57:16 INFO     221259 sents of 6327796, batch 300 of 5477
2021-08-14 19:57:21 INFO     237919 sents of 6327796, batch 320 of 5477
2021-08-14 19:57:27 INFO     254579 sents of 6327796, batch 340 of 5477
2021-08-14 19:57:32 INFO     271239 sents of 6327796, batch 360 of 5477
2021-08-14 19:57:37 INFO     287899 sents of 6327796, batch 380 of 5477
2021-08-14 19:57:42 INFO     304559 sents of 6327796, batch 400 of 5477
2021-08-14 19:57:48 INFO     321219 sents of 6327796, batch 420 of 5477
2021-08-14 19:57:53 INFO     337879 sents of 6327796, batch 440 of 5477
2021-08-14 19:57:58 INFO     354539 sents of 6327796, batch 460 of 5477
2021-08-14 19:58:03 INFO     371199 sents of 6327796, batch 480 of 5477
2021-08-14 19:58:08 INFO     388595 sents of 6327796, batch 500 of 5477
2021-08-14 19:58:13 INFO     407335 sents of 6327796, batch 520 of 5477
2021-08-14 19:58:18 INFO     426075 sents of 6327796, batch 540 of 5477
2021-08-14 19:58:23 INFO     444815 sents of 6327796, batch 560 of 5477
2021-08-14 19:58:29 INFO     463555 sents of 6327796, batch 580 of 5477
2021-08-14 19:58:34 INFO     482295 sents of 6327796, batch 600 of 5477
2021-08-14 19:58:39 INFO     501035 sents of 6327796, batch 620 of 5477
2021-08-14 19:58:44 INFO     519775 sents of 6327796, batch 640 of 5477
2021-08-14 19:58:49 INFO     538515 sents of 6327796, batch 660 of 5477
2021-08-14 19:58:54 INFO     557255 sents of 6327796, batch 680 of 5477
2021-08-14 19:58:59 INFO     575995 sents of 6327796, batch 700 of 5477
2021-08-14 19:59:04 INFO     594735 sents of 6327796, batch 720 of 5477
2021-08-14 19:59:09 INFO     613475 sents of 6327796, batch 740 of 5477
2021-08-14 19:59:14 INFO     632215 sents of 6327796, batch 760 of 5477
2021-08-14 19:59:19 INFO     650955 sents of 6327796, batch 780 of 5477
2021-08-14 19:59:25 INFO     669695 sents of 6327796, batch 800 of 5477
2021-08-14 19:59:30 INFO     688435 sents of 6327796, batch 820 of 5477
2021-08-14 19:59:35 INFO     707175 sents of 6327796, batch 840 of 5477
2021-08-14 19:59:40 INFO     725915 sents of 6327796, batch 860 of 5477
2021-08-14 19:59:45 INFO     744655 sents of 6327796, batch 880 of 5477
2021-08-14 19:59:50 INFO     763395 sents of 6327796, batch 900 of 5477
2021-08-14 19:59:55 INFO     782135 sents of 6327796, batch 920 of 5477
2021-08-14 20:00:00 INFO     800875 sents of 6327796, batch 940 of 5477
2021-08-14 20:00:05 INFO     819615 sents of 6327796, batch 960 of 5477
2021-08-14 20:00:10 INFO     837824 sents of 6327796, batch 980 of 5477
2021-08-14 20:00:15 INFO     859244 sents of 6327796, batch 1000 of 5477
2021-08-14 20:00:21 INFO     880664 sents of 6327796, batch 1020 of 5477
2021-08-14 20:00:26 INFO     902084 sents of 6327796, batch 1040 of 5477
2021-08-14 20:00:31 INFO     923504 sents of 6327796, batch 1060 of 5477
2021-08-14 20:00:36 INFO     944924 sents of 6327796, batch 1080 of 5477
2021-08-14 20:00:41 INFO     966344 sents of 6327796, batch 1100 of 5477
2021-08-14 20:00:46 INFO     987764 sents of 6327796, batch 1120 of 5477
2021-08-14 20:00:51 INFO     1009184 sents of 6327796, batch 1140 of 5477
2021-08-14 20:00:56 INFO     1030604 sents of 6327796, batch 1160 of 5477
2021-08-14 20:01:02 INFO     1052024 sents of 6327796, batch 1180 of 5477
2021-08-14 20:01:07 INFO     1073444 sents of 6327796, batch 1200 of 5477
2021-08-14 20:01:12 INFO     1094864 sents of 6327796, batch 1220 of 5477
2021-08-14 20:01:17 INFO     1116284 sents of 6327796, batch 1240 of 5477
2021-08-14 20:01:22 INFO     1137704 sents of 6327796, batch 1260 of 5477
2021-08-14 20:01:27 INFO     1159124 sents of 6327796, batch 1280 of 5477
2021-08-14 20:01:32 INFO     1180544 sents of 6327796, batch 1300 of 5477
2021-08-14 20:01:38 INFO     1201964 sents of 6327796, batch 1320 of 5477
2021-08-14 20:01:43 INFO     1223384 sents of 6327796, batch 1340 of 5477
2021-08-14 20:01:48 INFO     1244804 sents of 6327796, batch 1360 of 5477
2021-08-14 20:01:53 INFO     1266224 sents of 6327796, batch 1380 of 5477
2021-08-14 20:01:58 INFO     1287644 sents of 6327796, batch 1400 of 5477
2021-08-14 20:02:03 INFO     1309064 sents of 6327796, batch 1420 of 5477
2021-08-14 20:02:08 INFO     1330484 sents of 6327796, batch 1440 of 5477
2021-08-14 20:02:13 INFO     1351904 sents of 6327796, batch 1460 of 5477
2021-08-14 20:02:19 INFO     1373324 sents of 6327796, batch 1480 of 5477
2021-08-14 20:02:24 INFO     1394744 sents of 6327796, batch 1500 of 5477
2021-08-14 20:02:29 INFO     1416164 sents of 6327796, batch 1520 of 5477
2021-08-14 20:02:34 INFO     1437584 sents of 6327796, batch 1540 of 5477
2021-08-14 20:02:39 INFO     1459004 sents of 6327796, batch 1560 of 5477
2021-08-14 20:02:44 INFO     1480424 sents of 6327796, batch 1580 of 5477
2021-08-14 20:02:49 INFO     1501844 sents of 6327796, batch 1600 of 5477
2021-08-14 20:02:55 INFO     1523264 sents of 6327796, batch 1620 of 5477
2021-08-14 20:03:00 INFO     1544684 sents of 6327796, batch 1640 of 5477
2021-08-14 20:03:05 INFO     1566104 sents of 6327796, batch 1660 of 5477
2021-08-14 20:03:10 INFO     1587524 sents of 6327796, batch 1680 of 5477
2021-08-14 20:03:15 INFO     1608944 sents of 6327796, batch 1700 of 5477
2021-08-14 20:03:20 INFO     1632300 sents of 6327796, batch 1720 of 5477
2021-08-14 20:03:25 INFO     1657300 sents of 6327796, batch 1740 of 5477
2021-08-14 20:03:30 INFO     1682300 sents of 6327796, batch 1760 of 5477
2021-08-14 20:03:35 INFO     1707300 sents of 6327796, batch 1780 of 5477
2021-08-14 20:03:40 INFO     1732300 sents of 6327796, batch 1800 of 5477
2021-08-14 20:03:45 INFO     1757300 sents of 6327796, batch 1820 of 5477
2021-08-14 20:03:50 INFO     1782300 sents of 6327796, batch 1840 of 5477
2021-08-14 20:03:55 INFO     1807300 sents of 6327796, batch 1860 of 5477
2021-08-14 20:04:00 INFO     1832300 sents of 6327796, batch 1880 of 5477
2021-08-14 20:04:05 INFO     1857300 sents of 6327796, batch 1900 of 5477
2021-08-14 20:04:10 INFO     1882300 sents of 6327796, batch 1920 of 5477
2021-08-14 20:04:15 INFO     1907300 sents of 6327796, batch 1940 of 5477
2021-08-14 20:04:21 INFO     1932300 sents of 6327796, batch 1960 of 5477
2021-08-14 20:04:25 INFO     1957300 sents of 6327796, batch 1980 of 5477
2021-08-14 20:04:30 INFO     1982300 sents of 6327796, batch 2000 of 5477
2021-08-14 20:04:35 INFO     2007300 sents of 6327796, batch 2020 of 5477
2021-08-14 20:04:40 INFO     2032300 sents of 6327796, batch 2040 of 5477
2021-08-14 20:04:45 INFO     2057300 sents of 6327796, batch 2060 of 5477
2021-08-14 20:04:50 INFO     2082300 sents of 6327796, batch 2080 of 5477
2021-08-14 20:04:55 INFO     2107300 sents of 6327796, batch 2100 of 5477
2021-08-14 20:05:00 INFO     2132300 sents of 6327796, batch 2120 of 5477
2021-08-14 20:05:05 INFO     2157300 sents of 6327796, batch 2140 of 5477
2021-08-14 20:05:10 INFO     2182300 sents of 6327796, batch 2160 of 5477
2021-08-14 20:05:15 INFO     2207300 sents of 6327796, batch 2180 of 5477
2021-08-14 20:05:19 INFO     2232300 sents of 6327796, batch 2200 of 5477
2021-08-14 20:05:25 INFO     2257300 sents of 6327796, batch 2220 of 5477
2021-08-14 20:05:29 INFO     2282300 sents of 6327796, batch 2240 of 5477
2021-08-14 20:05:34 INFO     2307300 sents of 6327796, batch 2260 of 5477
2021-08-14 20:05:39 INFO     2332300 sents of 6327796, batch 2280 of 5477
2021-08-14 20:05:44 INFO     2357300 sents of 6327796, batch 2300 of 5477
2021-08-14 20:05:49 INFO     2382300 sents of 6327796, batch 2320 of 5477
2021-08-14 20:05:54 INFO     2407300 sents of 6327796, batch 2340 of 5477
2021-08-14 20:05:58 INFO     2432300 sents of 6327796, batch 2360 of 5477
2021-08-14 20:06:02 INFO     2457300 sents of 6327796, batch 2380 of 5477
2021-08-14 20:06:06 INFO     2482300 sents of 6327796, batch 2400 of 5477
2021-08-14 20:06:11 INFO     2507300 sents of 6327796, batch 2420 of 5477
2021-08-14 20:06:16 INFO     2532300 sents of 6327796, batch 2440 of 5477
2021-08-14 20:06:21 INFO     2557300 sents of 6327796, batch 2460 of 5477
2021-08-14 20:06:25 INFO     2582300 sents of 6327796, batch 2480 of 5477
2021-08-14 20:06:30 INFO     2607300 sents of 6327796, batch 2500 of 5477
2021-08-14 20:06:34 INFO     2632300 sents of 6327796, batch 2520 of 5477
2021-08-14 20:06:39 INFO     2657300 sents of 6327796, batch 2540 of 5477
2021-08-14 20:06:44 INFO     2682300 sents of 6327796, batch 2560 of 5477
2021-08-14 20:06:48 INFO     2707300 sents of 6327796, batch 2580 of 5477
2021-08-14 20:06:53 INFO     2732300 sents of 6327796, batch 2600 of 5477
2021-08-14 20:06:58 INFO     2757300 sents of 6327796, batch 2620 of 5477
2021-08-14 20:07:03 INFO     2782300 sents of 6327796, batch 2640 of 5477
2021-08-14 20:07:08 INFO     2807300 sents of 6327796, batch 2660 of 5477
2021-08-14 20:07:14 INFO     2832300 sents of 6327796, batch 2680 of 5477
2021-08-14 20:07:19 INFO     2857300 sents of 6327796, batch 2700 of 5477
2021-08-14 20:07:24 INFO     2882300 sents of 6327796, batch 2720 of 5477
2021-08-14 20:07:29 INFO     2907300 sents of 6327796, batch 2740 of 5477
2021-08-14 20:07:34 INFO     2932300 sents of 6327796, batch 2760 of 5477
2021-08-14 20:07:39 INFO     2957300 sents of 6327796, batch 2780 of 5477
2021-08-14 20:07:44 INFO     2982300 sents of 6327796, batch 2800 of 5477
2021-08-14 20:07:49 INFO     3007300 sents of 6327796, batch 2820 of 5477
2021-08-14 20:07:54 INFO     3032300 sents of 6327796, batch 2840 of 5477
2021-08-14 20:07:59 INFO     3057300 sents of 6327796, batch 2860 of 5477
2021-08-14 20:08:04 INFO     3082300 sents of 6327796, batch 2880 of 5477
2021-08-14 20:08:09 INFO     3107300 sents of 6327796, batch 2900 of 5477
2021-08-14 20:08:14 INFO     3132300 sents of 6327796, batch 2920 of 5477
2021-08-14 20:08:19 INFO     3157300 sents of 6327796, batch 2940 of 5477
2021-08-14 20:08:24 INFO     3182300 sents of 6327796, batch 2960 of 5477
2021-08-14 20:08:29 INFO     3207300 sents of 6327796, batch 2980 of 5477
2021-08-14 20:08:34 INFO     3232300 sents of 6327796, batch 3000 of 5477
2021-08-14 20:08:38 INFO     3257300 sents of 6327796, batch 3020 of 5477
2021-08-14 20:08:43 INFO     3282300 sents of 6327796, batch 3040 of 5477
2021-08-14 20:08:48 INFO     3307300 sents of 6327796, batch 3060 of 5477
2021-08-14 20:08:53 INFO     3332300 sents of 6327796, batch 3080 of 5477
2021-08-14 20:08:58 INFO     3357300 sents of 6327796, batch 3100 of 5477
2021-08-14 20:09:03 INFO     3382300 sents of 6327796, batch 3120 of 5477
2021-08-14 20:09:08 INFO     3407300 sents of 6327796, batch 3140 of 5477
2021-08-14 20:09:13 INFO     3432300 sents of 6327796, batch 3160 of 5477
2021-08-14 20:09:18 INFO     3457300 sents of 6327796, batch 3180 of 5477
2021-08-14 20:09:23 INFO     3482300 sents of 6327796, batch 3200 of 5477
2021-08-14 20:09:29 INFO     3507300 sents of 6327796, batch 3220 of 5477
2021-08-14 20:09:34 INFO     3532300 sents of 6327796, batch 3240 of 5477
2021-08-14 20:09:39 INFO     3557300 sents of 6327796, batch 3260 of 5477
2021-08-14 20:09:44 INFO     3582300 sents of 6327796, batch 3280 of 5477
2021-08-14 20:09:49 INFO     3607300 sents of 6327796, batch 3300 of 5477
2021-08-14 20:09:54 INFO     3632300 sents of 6327796, batch 3320 of 5477
2021-08-14 20:09:59 INFO     3657300 sents of 6327796, batch 3340 of 5477
2021-08-14 20:10:04 INFO     3682300 sents of 6327796, batch 3360 of 5477
2021-08-14 20:10:09 INFO     3707300 sents of 6327796, batch 3380 of 5477
2021-08-14 20:10:14 INFO     3732300 sents of 6327796, batch 3400 of 5477
2021-08-14 20:10:19 INFO     3757300 sents of 6327796, batch 3420 of 5477
2021-08-14 20:10:25 INFO     3782300 sents of 6327796, batch 3440 of 5477
2021-08-14 20:10:30 INFO     3807300 sents of 6327796, batch 3460 of 5477
2021-08-14 20:10:35 INFO     3832300 sents of 6327796, batch 3480 of 5477
2021-08-14 20:10:40 INFO     3857300 sents of 6327796, batch 3500 of 5477
2021-08-14 20:10:45 INFO     3882300 sents of 6327796, batch 3520 of 5477
2021-08-14 20:10:50 INFO     3907300 sents of 6327796, batch 3540 of 5477
2021-08-14 20:10:55 INFO     3932300 sents of 6327796, batch 3560 of 5477
2021-08-14 20:11:00 INFO     3957300 sents of 6327796, batch 3580 of 5477
2021-08-14 20:11:06 INFO     3982300 sents of 6327796, batch 3600 of 5477
2021-08-14 20:11:11 INFO     4007300 sents of 6327796, batch 3620 of 5477
2021-08-14 20:11:16 INFO     4032300 sents of 6327796, batch 3640 of 5477
2021-08-14 20:11:21 INFO     4057300 sents of 6327796, batch 3660 of 5477
2021-08-14 20:11:26 INFO     4082300 sents of 6327796, batch 3680 of 5477
2021-08-14 20:11:31 INFO     4107300 sents of 6327796, batch 3700 of 5477
2021-08-14 20:11:36 INFO     4132300 sents of 6327796, batch 3720 of 5477
2021-08-14 20:11:41 INFO     4157300 sents of 6327796, batch 3740 of 5477
2021-08-14 20:11:46 INFO     4182300 sents of 6327796, batch 3760 of 5477
2021-08-14 20:11:52 INFO     4207300 sents of 6327796, batch 3780 of 5477
2021-08-14 20:11:56 INFO     4232300 sents of 6327796, batch 3800 of 5477
2021-08-14 20:12:02 INFO     4257300 sents of 6327796, batch 3820 of 5477
2021-08-14 20:12:07 INFO     4282300 sents of 6327796, batch 3840 of 5477
2021-08-14 20:12:12 INFO     4307300 sents of 6327796, batch 3860 of 5477
2021-08-14 20:12:17 INFO     4332300 sents of 6327796, batch 3880 of 5477
2021-08-14 20:12:22 INFO     4357300 sents of 6327796, batch 3900 of 5477
2021-08-14 20:12:27 INFO     4382300 sents of 6327796, batch 3920 of 5477
2021-08-14 20:12:32 INFO     4407300 sents of 6327796, batch 3940 of 5477
2021-08-14 20:12:37 INFO     4432300 sents of 6327796, batch 3960 of 5477
2021-08-14 20:12:42 INFO     4457300 sents of 6327796, batch 3980 of 5477
2021-08-14 20:12:47 INFO     4482300 sents of 6327796, batch 4000 of 5477
2021-08-14 20:12:52 INFO     4507300 sents of 6327796, batch 4020 of 5477
2021-08-14 20:12:57 INFO     4532300 sents of 6327796, batch 4040 of 5477
2021-08-14 20:13:02 INFO     4557300 sents of 6327796, batch 4060 of 5477
2021-08-14 20:13:07 INFO     4582300 sents of 6327796, batch 4080 of 5477
2021-08-14 20:13:12 INFO     4607300 sents of 6327796, batch 4100 of 5477
2021-08-14 20:13:17 INFO     4632300 sents of 6327796, batch 4120 of 5477
2021-08-14 20:13:22 INFO     4657300 sents of 6327796, batch 4140 of 5477
2021-08-14 20:13:27 INFO     4682300 sents of 6327796, batch 4160 of 5477
2021-08-14 20:13:32 INFO     4707300 sents of 6327796, batch 4180 of 5477
2021-08-14 20:13:37 INFO     4732300 sents of 6327796, batch 4200 of 5477
2021-08-14 20:13:42 INFO     4757300 sents of 6327796, batch 4220 of 5477
2021-08-14 20:13:47 INFO     4782300 sents of 6327796, batch 4240 of 5477
2021-08-14 20:13:52 INFO     4807300 sents of 6327796, batch 4260 of 5477
2021-08-14 20:13:57 INFO     4832300 sents of 6327796, batch 4280 of 5477
2021-08-14 20:14:02 INFO     4857300 sents of 6327796, batch 4300 of 5477
2021-08-14 20:14:07 INFO     4882300 sents of 6327796, batch 4320 of 5477
2021-08-14 20:14:12 INFO     4907300 sents of 6327796, batch 4340 of 5477
2021-08-14 20:14:17 INFO     4932300 sents of 6327796, batch 4360 of 5477
2021-08-14 20:14:22 INFO     4957300 sents of 6327796, batch 4380 of 5477
2021-08-14 20:14:27 INFO     4982300 sents of 6327796, batch 4400 of 5477
2021-08-14 20:14:32 INFO     5007300 sents of 6327796, batch 4420 of 5477
2021-08-14 20:14:37 INFO     5032300 sents of 6327796, batch 4440 of 5477
2021-08-14 20:14:42 INFO     5057300 sents of 6327796, batch 4460 of 5477
2021-08-14 20:14:46 INFO     5082300 sents of 6327796, batch 4480 of 5477
2021-08-14 20:14:51 INFO     5107300 sents of 6327796, batch 4500 of 5477
2021-08-14 20:14:56 INFO     5132300 sents of 6327796, batch 4520 of 5477
2021-08-14 20:15:01 INFO     5157300 sents of 6327796, batch 4540 of 5477
2021-08-14 20:15:06 INFO     5182300 sents of 6327796, batch 4560 of 5477
2021-08-14 20:15:11 INFO     5207300 sents of 6327796, batch 4580 of 5477
2021-08-14 20:15:16 INFO     5232300 sents of 6327796, batch 4600 of 5477
2021-08-14 20:15:21 INFO     5257300 sents of 6327796, batch 4620 of 5477
2021-08-14 20:15:26 INFO     5282300 sents of 6327796, batch 4640 of 5477
2021-08-14 20:15:31 INFO     5307300 sents of 6327796, batch 4660 of 5477
2021-08-14 20:15:36 INFO     5332300 sents of 6327796, batch 4680 of 5477
2021-08-14 20:15:41 INFO     5357300 sents of 6327796, batch 4700 of 5477
2021-08-14 20:15:46 INFO     5382300 sents of 6327796, batch 4720 of 5477
2021-08-14 20:15:51 INFO     5407300 sents of 6327796, batch 4740 of 5477
2021-08-14 20:15:55 INFO     5432300 sents of 6327796, batch 4760 of 5477
2021-08-14 20:16:00 INFO     5457300 sents of 6327796, batch 4780 of 5477
2021-08-14 20:16:05 INFO     5482300 sents of 6327796, batch 4800 of 5477
2021-08-14 20:16:10 INFO     5507300 sents of 6327796, batch 4820 of 5477
2021-08-14 20:16:15 INFO     5532300 sents of 6327796, batch 4840 of 5477
2021-08-14 20:16:20 INFO     5557300 sents of 6327796, batch 4860 of 5477
2021-08-14 20:16:25 INFO     5582300 sents of 6327796, batch 4880 of 5477
2021-08-14 20:16:30 INFO     5607300 sents of 6327796, batch 4900 of 5477
2021-08-14 20:16:35 INFO     5632300 sents of 6327796, batch 4920 of 5477
2021-08-14 20:16:40 INFO     5657300 sents of 6327796, batch 4940 of 5477
2021-08-14 20:16:45 INFO     5682300 sents of 6327796, batch 4960 of 5477
2021-08-14 20:16:50 INFO     5707300 sents of 6327796, batch 4980 of 5477
2021-08-14 20:16:55 INFO     5732300 sents of 6327796, batch 5000 of 5477
2021-08-14 20:17:00 INFO     5757300 sents of 6327796, batch 5020 of 5477
2021-08-14 20:17:05 INFO     5782300 sents of 6327796, batch 5040 of 5477
2021-08-14 20:17:10 INFO     5807300 sents of 6327796, batch 5060 of 5477
2021-08-14 20:17:15 INFO     5832300 sents of 6327796, batch 5080 of 5477
2021-08-14 20:17:20 INFO     5857300 sents of 6327796, batch 5100 of 5477
2021-08-14 20:17:26 INFO     5882300 sents of 6327796, batch 5120 of 5477
2021-08-14 20:17:31 INFO     5907300 sents of 6327796, batch 5140 of 5477
2021-08-14 20:17:36 INFO     5932300 sents of 6327796, batch 5160 of 5477
2021-08-14 20:17:41 INFO     5957300 sents of 6327796, batch 5180 of 5477
2021-08-14 20:17:46 INFO     5982300 sents of 6327796, batch 5200 of 5477
2021-08-14 20:17:51 INFO     6007300 sents of 6327796, batch 5220 of 5477
2021-08-14 20:17:56 INFO     6032300 sents of 6327796, batch 5240 of 5477
2021-08-14 20:18:01 INFO     6057300 sents of 6327796, batch 5260 of 5477
2021-08-14 20:18:06 INFO     6082300 sents of 6327796, batch 5280 of 5477
2021-08-14 20:18:11 INFO     6107300 sents of 6327796, batch 5300 of 5477
2021-08-14 20:18:16 INFO     6132300 sents of 6327796, batch 5320 of 5477
2021-08-14 20:18:21 INFO     6157300 sents of 6327796, batch 5340 of 5477
2021-08-14 20:18:27 INFO     6182300 sents of 6327796, batch 5360 of 5477
2021-08-14 20:18:32 INFO     6207300 sents of 6327796, batch 5380 of 5477
2021-08-14 20:18:37 INFO     6232300 sents of 6327796, batch 5400 of 5477
2021-08-14 20:18:42 INFO     6257300 sents of 6327796, batch 5420 of 5477
2021-08-14 20:18:47 INFO     6282300 sents of 6327796, batch 5440 of 5477
2021-08-14 20:18:52 INFO     6307300 sents of 6327796, batch 5460 of 5477
2021-08-14 20:19:02 WARNING  # words: 4987418
2021-08-14 20:19:02 WARNING  longest sentence: 19
2021-08-14 20:19:02 WARNING  # tokens: 6327796
2021-08-14 20:19:03 WARNING  Token-level (P)PPL: 914.9779386210661
2021-08-14 20:19:03 WARNING  Word-normalized (P)PPL: 5718.673694170271
../../../../keskustelu2020/experiments/am/converse_fin/exp/chain/tdnn7q_sp_ensemble_vc/100best_momaf-movies-with-sub_word_web_dsp_os_nosp
rescoring /scratch/work/moisioa3/conv_lm/finbert-finetune/TurkuNLP/bert-base-finnish-cased-v1-finetuned-opensubtitles_all/checkpoint-40000
ac scale 0.083
/home/moisioa3/.conda/envs/mlm-scoring/lib/python3.9/site-packages/mxnet/optimizer/optimizer.py:163: UserWarning: WARNING: New optimizer gluonnlp.optimizer.lamb.LAMB is overriding existing optimizer mxnet.optimizer.optimizer.LAMB
  warnings.warn('WARNING: New optimizer %s.%s is overriding '
2021-08-14 20:19:20 WARNING  Model '/scratch/work/moisioa3/conv_lm/finbert-finetune/TurkuNLP/bert-base-finnish-cased-v1-finetuned-opensubtitles_all/checkpoint-40000' not recognized as an MXNet model; treating as PyTorch model
2021-08-14 20:19:30 WARNING  11517 shared keys found, rescoring these...
2021-08-14 20:19:41 WARNING  11517 predictions to compute total WER on...
2021-08-14 20:19:42 WARNING  WER: 78.03807189288983%
