
Currently Loaded Modules:
  1) CUDA/9.0.176   2) cuDNN/7-CUDA-9.0.176   3) anaconda/2021-03-tf2

 

2021-07-23 12:50:00.026766: I tensorflow/stream_executor/platform/default/dso_loader.cc:49] Successfully opened dynamic library libcudart.so.10.1
2021-07-23 12:50:03 WARNING  Model 'TurkuNLP/bert-base-finnish-cased-v1' not recognized as an MXNet model; treating as PyTorch model
Some weights of the model checkpoint at TurkuNLP/bert-base-finnish-cased-v1 were not used when initializing BertForMaskedLMOptimized: ['cls.seq_relationship.weight', 'cls.seq_relationship.bias']
- This IS expected if you are initializing BertForMaskedLMOptimized from the checkpoint of a model trained on another task or with another architecture (e.g. initializing a BertForSequenceClassification model from a BertForPretraining model).
- This IS NOT expected if you are initializing BertForMaskedLMOptimized from the checkpoint of a model that you expect to be exactly identical (initializing a BertForSequenceClassification model from a BertForSequenceClassification model).
2021-07-23 12:50:08 WARNING  Created scorer of class 'MLMScorerPT'.
2021-07-23 12:50:08 WARNING  Language was set but this model does not use language embeddings!
2021-07-23 12:50:15 WARNING  # of input sequences: 989
2021-07-23 12:50:15 WARNING  # of hypotheses: 876564
2021-07-23 12:55:29 INFO     FixedBucketSampler:
  sample_num=20048482, batch_num=11645
  key=[26, 42, 58, 74, 90, 106, 122, 138, 154, 170]
  cnt=[8517906, 5045648, 2629114, 1103995, 1019115, 635775, 341994, 218891, 48032, 488012]
  batch_size=[3269, 2023, 1465, 1148, 944, 801, 696, 615, 551, 500]
2021-07-23 12:56:02 INFO     10000 sents of 20048482, batch 20 of 11645
2021-07-23 12:56:31 INFO     20000 sents of 20048482, batch 40 of 11645
2021-07-23 12:57:01 INFO     30000 sents of 20048482, batch 60 of 11645
2021-07-23 12:57:31 INFO     40000 sents of 20048482, batch 80 of 11645
2021-07-23 12:58:01 INFO     50000 sents of 20048482, batch 100 of 11645
2021-07-23 12:58:30 INFO     60000 sents of 20048482, batch 120 of 11645
2021-07-23 12:59:00 INFO     70000 sents of 20048482, batch 140 of 11645
2021-07-23 12:59:30 INFO     80000 sents of 20048482, batch 160 of 11645
2021-07-23 13:00:00 INFO     90000 sents of 20048482, batch 180 of 11645
2021-07-23 13:00:30 INFO     100000 sents of 20048482, batch 200 of 11645
2021-07-23 13:01:00 INFO     110000 sents of 20048482, batch 220 of 11645
2021-07-23 13:01:30 INFO     120000 sents of 20048482, batch 240 of 11645
2021-07-23 13:02:00 INFO     130000 sents of 20048482, batch 260 of 11645
2021-07-23 13:02:30 INFO     140000 sents of 20048482, batch 280 of 11645
2021-07-23 13:03:00 INFO     150000 sents of 20048482, batch 300 of 11645
2021-07-23 13:03:30 INFO     160000 sents of 20048482, batch 320 of 11645
2021-07-23 13:04:00 INFO     170000 sents of 20048482, batch 340 of 11645
2021-07-23 13:04:31 INFO     180000 sents of 20048482, batch 360 of 11645
2021-07-23 13:05:02 INFO     190000 sents of 20048482, batch 380 of 11645
2021-07-23 13:05:32 INFO     200000 sents of 20048482, batch 400 of 11645
2021-07-23 13:06:03 INFO     210000 sents of 20048482, batch 420 of 11645
2021-07-23 13:06:34 INFO     220000 sents of 20048482, batch 440 of 11645
2021-07-23 13:07:04 INFO     230000 sents of 20048482, batch 460 of 11645
2021-07-23 13:07:35 INFO     240000 sents of 20048482, batch 480 of 11645
2021-07-23 13:08:06 INFO     250000 sents of 20048482, batch 500 of 11645
2021-07-23 13:08:37 INFO     260000 sents of 20048482, batch 520 of 11645
2021-07-23 13:09:07 INFO     270000 sents of 20048482, batch 540 of 11645
2021-07-23 13:09:38 INFO     280000 sents of 20048482, batch 560 of 11645
2021-07-23 13:10:09 INFO     290000 sents of 20048482, batch 580 of 11645
2021-07-23 13:10:40 INFO     300000 sents of 20048482, batch 600 of 11645
2021-07-23 13:11:10 INFO     310000 sents of 20048482, batch 620 of 11645
2021-07-23 13:11:41 INFO     320000 sents of 20048482, batch 640 of 11645
2021-07-23 13:12:12 INFO     330000 sents of 20048482, batch 660 of 11645
2021-07-23 13:12:42 INFO     340000 sents of 20048482, batch 680 of 11645
2021-07-23 13:13:13 INFO     350000 sents of 20048482, batch 700 of 11645
2021-07-23 13:13:44 INFO     360000 sents of 20048482, batch 720 of 11645
2021-07-23 13:14:14 INFO     370000 sents of 20048482, batch 740 of 11645
2021-07-23 13:14:45 INFO     380000 sents of 20048482, batch 760 of 11645
2021-07-23 13:15:16 INFO     390000 sents of 20048482, batch 780 of 11645
2021-07-23 13:15:47 INFO     400000 sents of 20048482, batch 800 of 11645
2021-07-23 13:16:17 INFO     410000 sents of 20048482, batch 820 of 11645
2021-07-23 13:16:48 INFO     420000 sents of 20048482, batch 840 of 11645
2021-07-23 13:17:19 INFO     430000 sents of 20048482, batch 860 of 11645
2021-07-23 13:17:50 INFO     440000 sents of 20048482, batch 880 of 11645
2021-07-23 13:18:20 INFO     450000 sents of 20048482, batch 900 of 11645
2021-07-23 13:18:51 INFO     460000 sents of 20048482, batch 920 of 11645
2021-07-23 13:19:22 INFO     470000 sents of 20048482, batch 940 of 11645
2021-07-23 13:19:53 INFO     480000 sents of 20048482, batch 960 of 11645
2021-07-23 13:20:22 INFO     489665 sents of 20048482, batch 980 of 11645
2021-07-23 13:20:50 INFO     500685 sents of 20048482, batch 1000 of 11645
2021-07-23 13:21:18 INFO     511705 sents of 20048482, batch 1020 of 11645
2021-07-23 13:21:47 INFO     522725 sents of 20048482, batch 1040 of 11645
2021-07-23 13:22:15 INFO     533745 sents of 20048482, batch 1060 of 11645
2021-07-23 13:22:44 INFO     545269 sents of 20048482, batch 1080 of 11645
2021-07-23 13:23:14 INFO     557569 sents of 20048482, batch 1100 of 11645
2021-07-23 13:23:45 INFO     569869 sents of 20048482, batch 1120 of 11645
2021-07-23 13:24:15 INFO     582169 sents of 20048482, batch 1140 of 11645
2021-07-23 13:24:45 INFO     594469 sents of 20048482, batch 1160 of 11645
2021-07-23 13:25:16 INFO     606769 sents of 20048482, batch 1180 of 11645
2021-07-23 13:25:46 INFO     619069 sents of 20048482, batch 1200 of 11645
2021-07-23 13:26:17 INFO     631369 sents of 20048482, batch 1220 of 11645
2021-07-23 13:26:47 INFO     643669 sents of 20048482, batch 1240 of 11645
2021-07-23 13:27:17 INFO     655969 sents of 20048482, batch 1260 of 11645
2021-07-23 13:27:48 INFO     668269 sents of 20048482, batch 1280 of 11645
2021-07-23 13:28:19 INFO     680569 sents of 20048482, batch 1300 of 11645
2021-07-23 13:28:50 INFO     692869 sents of 20048482, batch 1320 of 11645
2021-07-23 13:29:21 INFO     705169 sents of 20048482, batch 1340 of 11645
2021-07-23 13:29:52 INFO     717469 sents of 20048482, batch 1360 of 11645
2021-07-23 13:30:24 INFO     729769 sents of 20048482, batch 1380 of 11645
2021-07-23 13:30:55 INFO     742069 sents of 20048482, batch 1400 of 11645
2021-07-23 13:31:26 INFO     754369 sents of 20048482, batch 1420 of 11645
2021-07-23 13:31:53 INFO     768159 sents of 20048482, batch 1440 of 11645
2021-07-23 13:32:21 INFO     782079 sents of 20048482, batch 1460 of 11645
2021-07-23 13:32:49 INFO     795999 sents of 20048482, batch 1480 of 11645
2021-07-23 13:33:16 INFO     809919 sents of 20048482, batch 1500 of 11645
2021-07-23 13:33:44 INFO     823839 sents of 20048482, batch 1520 of 11645
2021-07-23 13:34:12 INFO     837759 sents of 20048482, batch 1540 of 11645
2021-07-23 13:34:39 INFO     851679 sents of 20048482, batch 1560 of 11645
2021-07-23 13:35:07 INFO     865599 sents of 20048482, batch 1580 of 11645
2021-07-23 13:35:35 INFO     879519 sents of 20048482, batch 1600 of 11645
2021-07-23 13:36:03 INFO     893439 sents of 20048482, batch 1620 of 11645
2021-07-23 13:36:32 INFO     907359 sents of 20048482, batch 1640 of 11645
2021-07-23 13:37:01 INFO     921279 sents of 20048482, batch 1660 of 11645
2021-07-23 13:37:30 INFO     935199 sents of 20048482, batch 1680 of 11645
2021-07-23 13:37:58 INFO     949119 sents of 20048482, batch 1700 of 11645
2021-07-23 13:38:27 INFO     963039 sents of 20048482, batch 1720 of 11645
2021-07-23 13:38:56 INFO     976959 sents of 20048482, batch 1740 of 11645
2021-07-23 13:39:25 INFO     990879 sents of 20048482, batch 1760 of 11645
2021-07-23 13:39:53 INFO     1004799 sents of 20048482, batch 1780 of 11645
2021-07-23 13:40:22 INFO     1018719 sents of 20048482, batch 1800 of 11645
2021-07-23 13:40:50 INFO     1032639 sents of 20048482, batch 1820 of 11645
2021-07-23 13:41:19 INFO     1046559 sents of 20048482, batch 1840 of 11645
2021-07-23 13:41:47 INFO     1060479 sents of 20048482, batch 1860 of 11645
2021-07-23 13:42:16 INFO     1074399 sents of 20048482, batch 1880 of 11645
2021-07-23 13:42:44 INFO     1088319 sents of 20048482, batch 1900 of 11645
2021-07-23 13:43:11 INFO     1102536 sents of 20048482, batch 1920 of 11645
2021-07-23 13:43:37 INFO     1118556 sents of 20048482, batch 1940 of 11645
2021-07-23 13:44:04 INFO     1134576 sents of 20048482, batch 1960 of 11645
2021-07-23 13:44:32 INFO     1150596 sents of 20048482, batch 1980 of 11645
2021-07-23 13:44:59 INFO     1166616 sents of 20048482, batch 2000 of 11645
2021-07-23 13:45:27 INFO     1182636 sents of 20048482, batch 2020 of 11645
2021-07-23 13:45:55 INFO     1198656 sents of 20048482, batch 2040 of 11645
2021-07-23 13:46:22 INFO     1214676 sents of 20048482, batch 2060 of 11645
2021-07-23 13:46:48 INFO     1230696 sents of 20048482, batch 2080 of 11645
2021-07-23 13:47:15 INFO     1246716 sents of 20048482, batch 2100 of 11645
2021-07-23 13:47:44 INFO     1262736 sents of 20048482, batch 2120 of 11645
2021-07-23 13:48:14 INFO     1278756 sents of 20048482, batch 2140 of 11645
2021-07-23 13:48:43 INFO     1294776 sents of 20048482, batch 2160 of 11645
2021-07-23 13:49:13 INFO     1310796 sents of 20048482, batch 2180 of 11645
2021-07-23 13:49:42 INFO     1326816 sents of 20048482, batch 2200 of 11645
2021-07-23 13:50:12 INFO     1342836 sents of 20048482, batch 2220 of 11645
2021-07-23 13:50:40 INFO     1358856 sents of 20048482, batch 2240 of 11645
2021-07-23 13:51:07 INFO     1374876 sents of 20048482, batch 2260 of 11645
2021-07-23 13:51:34 INFO     1390896 sents of 20048482, batch 2280 of 11645
2021-07-23 13:52:02 INFO     1406916 sents of 20048482, batch 2300 of 11645
2021-07-23 13:52:29 INFO     1422936 sents of 20048482, batch 2320 of 11645
2021-07-23 13:52:57 INFO     1438956 sents of 20048482, batch 2340 of 11645
2021-07-23 13:53:25 INFO     1454976 sents of 20048482, batch 2360 of 11645
2021-07-23 13:53:53 INFO     1470996 sents of 20048482, batch 2380 of 11645
2021-07-23 13:54:22 INFO     1487016 sents of 20048482, batch 2400 of 11645
2021-07-23 13:54:50 INFO     1503036 sents of 20048482, batch 2420 of 11645
2021-07-23 13:55:18 INFO     1519056 sents of 20048482, batch 2440 of 11645
2021-07-23 13:55:47 INFO     1535076 sents of 20048482, batch 2460 of 11645
2021-07-23 13:56:13 INFO     1551096 sents of 20048482, batch 2480 of 11645
2021-07-23 13:56:40 INFO     1567116 sents of 20048482, batch 2500 of 11645
2021-07-23 13:57:07 INFO     1583136 sents of 20048482, batch 2520 of 11645
2021-07-23 13:57:34 INFO     1599156 sents of 20048482, batch 2540 of 11645
2021-07-23 13:58:01 INFO     1615176 sents of 20048482, batch 2560 of 11645
2021-07-23 13:58:29 INFO     1631196 sents of 20048482, batch 2580 of 11645
2021-07-23 13:58:59 INFO     1647216 sents of 20048482, batch 2600 of 11645
2021-07-23 13:59:30 INFO     1663236 sents of 20048482, batch 2620 of 11645
2021-07-23 14:00:00 INFO     1679256 sents of 20048482, batch 2640 of 11645
2021-07-23 14:00:30 INFO     1695276 sents of 20048482, batch 2660 of 11645
2021-07-23 14:01:00 INFO     1711296 sents of 20048482, batch 2680 of 11645
2021-07-23 14:01:28 INFO     1727316 sents of 20048482, batch 2700 of 11645
2021-07-23 14:01:54 INFO     1744976 sents of 20048482, batch 2720 of 11645
2021-07-23 14:02:22 INFO     1763856 sents of 20048482, batch 2740 of 11645
2021-07-23 14:02:50 INFO     1782736 sents of 20048482, batch 2760 of 11645
2021-07-23 14:03:18 INFO     1801616 sents of 20048482, batch 2780 of 11645
2021-07-23 14:03:47 INFO     1820496 sents of 20048482, batch 2800 of 11645
2021-07-23 14:04:17 INFO     1839376 sents of 20048482, batch 2820 of 11645
2021-07-23 14:04:47 INFO     1858256 sents of 20048482, batch 2840 of 11645
2021-07-23 14:05:17 INFO     1877136 sents of 20048482, batch 2860 of 11645
2021-07-23 14:05:43 INFO     1896016 sents of 20048482, batch 2880 of 11645
2021-07-23 14:06:10 INFO     1914896 sents of 20048482, batch 2900 of 11645
2021-07-23 14:06:39 INFO     1933776 sents of 20048482, batch 2920 of 11645
2021-07-23 14:07:09 INFO     1952656 sents of 20048482, batch 2940 of 11645
2021-07-23 14:07:39 INFO     1971536 sents of 20048482, batch 2960 of 11645
2021-07-23 14:08:09 INFO     1990416 sents of 20048482, batch 2980 of 11645
2021-07-23 14:08:39 INFO     2009296 sents of 20048482, batch 3000 of 11645
2021-07-23 14:09:06 INFO     2028176 sents of 20048482, batch 3020 of 11645
2021-07-23 14:09:33 INFO     2047056 sents of 20048482, batch 3040 of 11645
2021-07-23 14:10:00 INFO     2065936 sents of 20048482, batch 3060 of 11645
2021-07-23 14:10:28 INFO     2084816 sents of 20048482, batch 3080 of 11645
2021-07-23 14:10:58 INFO     2103696 sents of 20048482, batch 3100 of 11645
2021-07-23 14:11:28 INFO     2122576 sents of 20048482, batch 3120 of 11645
2021-07-23 14:11:56 INFO     2141456 sents of 20048482, batch 3140 of 11645
2021-07-23 14:12:24 INFO     2160336 sents of 20048482, batch 3160 of 11645
2021-07-23 14:12:52 INFO     2179216 sents of 20048482, batch 3180 of 11645
2021-07-23 14:13:20 INFO     2198096 sents of 20048482, batch 3200 of 11645
2021-07-23 14:13:48 INFO     2216976 sents of 20048482, batch 3220 of 11645
2021-07-23 14:14:16 INFO     2235856 sents of 20048482, batch 3240 of 11645
2021-07-23 14:14:44 INFO     2254736 sents of 20048482, batch 3260 of 11645
2021-07-23 14:15:12 INFO     2273616 sents of 20048482, batch 3280 of 11645
2021-07-23 14:15:40 INFO     2292496 sents of 20048482, batch 3300 of 11645
2021-07-23 14:16:07 INFO     2311376 sents of 20048482, batch 3320 of 11645
2021-07-23 14:16:35 INFO     2330256 sents of 20048482, batch 3340 of 11645
2021-07-23 14:17:02 INFO     2349136 sents of 20048482, batch 3360 of 11645
2021-07-23 14:17:30 INFO     2368016 sents of 20048482, batch 3380 of 11645
2021-07-23 14:17:56 INFO     2386896 sents of 20048482, batch 3400 of 11645
2021-07-23 14:18:22 INFO     2405776 sents of 20048482, batch 3420 of 11645
2021-07-23 14:18:48 INFO     2424656 sents of 20048482, batch 3440 of 11645
2021-07-23 14:19:14 INFO     2443536 sents of 20048482, batch 3460 of 11645
2021-07-23 14:19:41 INFO     2462416 sents of 20048482, batch 3480 of 11645
2021-07-23 14:20:08 INFO     2481296 sents of 20048482, batch 3500 of 11645
2021-07-23 14:20:35 INFO     2500176 sents of 20048482, batch 3520 of 11645
2021-07-23 14:21:01 INFO     2519056 sents of 20048482, batch 3540 of 11645
2021-07-23 14:21:29 INFO     2537936 sents of 20048482, batch 3560 of 11645
2021-07-23 14:21:58 INFO     2556816 sents of 20048482, batch 3580 of 11645
2021-07-23 14:22:26 INFO     2575696 sents of 20048482, batch 3600 of 11645
2021-07-23 14:22:54 INFO     2594576 sents of 20048482, batch 3620 of 11645
2021-07-23 14:23:24 INFO     2613456 sents of 20048482, batch 3640 of 11645
2021-07-23 14:23:54 INFO     2632336 sents of 20048482, batch 3660 of 11645
2021-07-23 14:24:24 INFO     2651216 sents of 20048482, batch 3680 of 11645
2021-07-23 14:24:54 INFO     2670096 sents of 20048482, batch 3700 of 11645
2021-07-23 14:25:22 INFO     2688976 sents of 20048482, batch 3720 of 11645
2021-07-23 14:25:51 INFO     2707856 sents of 20048482, batch 3740 of 11645
2021-07-23 14:26:19 INFO     2726736 sents of 20048482, batch 3760 of 11645
2021-07-23 14:26:48 INFO     2745616 sents of 20048482, batch 3780 of 11645
2021-07-23 14:27:14 INFO     2766743 sents of 20048482, batch 3800 of 11645
2021-07-23 14:27:40 INFO     2789703 sents of 20048482, batch 3820 of 11645
2021-07-23 14:28:06 INFO     2812663 sents of 20048482, batch 3840 of 11645
2021-07-23 14:28:31 INFO     2835623 sents of 20048482, batch 3860 of 11645
2021-07-23 14:28:57 INFO     2858583 sents of 20048482, batch 3880 of 11645
2021-07-23 14:29:24 INFO     2881543 sents of 20048482, batch 3900 of 11645
2021-07-23 14:29:52 INFO     2904503 sents of 20048482, batch 3920 of 11645
2021-07-23 14:30:21 INFO     2927463 sents of 20048482, batch 3940 of 11645
2021-07-23 14:30:51 INFO     2950423 sents of 20048482, batch 3960 of 11645
2021-07-23 14:31:22 INFO     2973383 sents of 20048482, batch 3980 of 11645
2021-07-23 14:31:52 INFO     2996343 sents of 20048482, batch 4000 of 11645
2021-07-23 14:32:22 INFO     3019303 sents of 20048482, batch 4020 of 11645
2021-07-23 14:32:48 INFO     3042263 sents of 20048482, batch 4040 of 11645
2021-07-23 14:33:13 INFO     3065223 sents of 20048482, batch 4060 of 11645
2021-07-23 14:33:38 INFO     3088183 sents of 20048482, batch 4080 of 11645
2021-07-23 14:34:03 INFO     3111143 sents of 20048482, batch 4100 of 11645
2021-07-23 14:34:30 INFO     3134103 sents of 20048482, batch 4120 of 11645
2021-07-23 14:34:58 INFO     3157063 sents of 20048482, batch 4140 of 11645
2021-07-23 14:35:23 INFO     3180023 sents of 20048482, batch 4160 of 11645
2021-07-23 14:35:47 INFO     3202983 sents of 20048482, batch 4180 of 11645
2021-07-23 14:36:12 INFO     3225943 sents of 20048482, batch 4200 of 11645
2021-07-23 14:36:37 INFO     3248903 sents of 20048482, batch 4220 of 11645
2021-07-23 14:37:03 INFO     3271863 sents of 20048482, batch 4240 of 11645
2021-07-23 14:37:30 INFO     3294823 sents of 20048482, batch 4260 of 11645
2021-07-23 14:37:57 INFO     3317783 sents of 20048482, batch 4280 of 11645
2021-07-23 14:38:21 INFO     3340743 sents of 20048482, batch 4300 of 11645
2021-07-23 14:38:48 INFO     3363703 sents of 20048482, batch 4320 of 11645
2021-07-23 14:39:16 INFO     3386663 sents of 20048482, batch 4340 of 11645
2021-07-23 14:39:43 INFO     3409623 sents of 20048482, batch 4360 of 11645
2021-07-23 14:40:08 INFO     3432583 sents of 20048482, batch 4380 of 11645
2021-07-23 14:40:33 INFO     3455543 sents of 20048482, batch 4400 of 11645
2021-07-23 14:41:00 INFO     3478503 sents of 20048482, batch 4420 of 11645
2021-07-23 14:41:27 INFO     3501463 sents of 20048482, batch 4440 of 11645
2021-07-23 14:41:55 INFO     3524423 sents of 20048482, batch 4460 of 11645
2021-07-23 14:42:24 INFO     3547383 sents of 20048482, batch 4480 of 11645
2021-07-23 14:42:54 INFO     3570343 sents of 20048482, batch 4500 of 11645
2021-07-23 14:43:24 INFO     3593303 sents of 20048482, batch 4520 of 11645
2021-07-23 14:43:52 INFO     3616263 sents of 20048482, batch 4540 of 11645
2021-07-23 14:44:19 INFO     3639223 sents of 20048482, batch 4560 of 11645
2021-07-23 14:44:46 INFO     3662183 sents of 20048482, batch 4580 of 11645
2021-07-23 14:45:11 INFO     3685143 sents of 20048482, batch 4600 of 11645
2021-07-23 14:45:36 INFO     3708103 sents of 20048482, batch 4620 of 11645
2021-07-23 14:46:02 INFO     3731063 sents of 20048482, batch 4640 of 11645
2021-07-23 14:46:29 INFO     3754023 sents of 20048482, batch 4660 of 11645
2021-07-23 14:46:57 INFO     3776983 sents of 20048482, batch 4680 of 11645
2021-07-23 14:47:23 INFO     3799943 sents of 20048482, batch 4700 of 11645
2021-07-23 14:47:49 INFO     3822903 sents of 20048482, batch 4720 of 11645
2021-07-23 14:48:14 INFO     3845863 sents of 20048482, batch 4740 of 11645
2021-07-23 14:48:40 INFO     3871929 sents of 20048482, batch 4760 of 11645
2021-07-23 14:49:07 INFO     3901229 sents of 20048482, batch 4780 of 11645
2021-07-23 14:49:34 INFO     3930529 sents of 20048482, batch 4800 of 11645
2021-07-23 14:50:00 INFO     3959829 sents of 20048482, batch 4820 of 11645
2021-07-23 14:50:28 INFO     3989129 sents of 20048482, batch 4840 of 11645
2021-07-23 14:50:56 INFO     4018429 sents of 20048482, batch 4860 of 11645
2021-07-23 14:51:24 INFO     4047729 sents of 20048482, batch 4880 of 11645
2021-07-23 14:51:52 INFO     4077029 sents of 20048482, batch 4900 of 11645
2021-07-23 14:52:20 INFO     4106329 sents of 20048482, batch 4920 of 11645
2021-07-23 14:52:49 INFO     4135629 sents of 20048482, batch 4940 of 11645
2021-07-23 14:53:16 INFO     4164929 sents of 20048482, batch 4960 of 11645
2021-07-23 14:53:41 INFO     4194229 sents of 20048482, batch 4980 of 11645
2021-07-23 14:54:07 INFO     4223529 sents of 20048482, batch 5000 of 11645
2021-07-23 14:54:32 INFO     4252829 sents of 20048482, batch 5020 of 11645
2021-07-23 14:54:56 INFO     4282129 sents of 20048482, batch 5040 of 11645
2021-07-23 14:55:23 INFO     4311429 sents of 20048482, batch 5060 of 11645
2021-07-23 14:55:48 INFO     4340729 sents of 20048482, batch 5080 of 11645
2021-07-23 14:56:14 INFO     4370029 sents of 20048482, batch 5100 of 11645
2021-07-23 14:56:40 INFO     4399329 sents of 20048482, batch 5120 of 11645
2021-07-23 14:57:07 INFO     4428629 sents of 20048482, batch 5140 of 11645
2021-07-23 14:57:36 INFO     4457929 sents of 20048482, batch 5160 of 11645
2021-07-23 14:58:03 INFO     4487229 sents of 20048482, batch 5180 of 11645
2021-07-23 14:58:29 INFO     4516529 sents of 20048482, batch 5200 of 11645
2021-07-23 14:58:54 INFO     4545829 sents of 20048482, batch 5220 of 11645
2021-07-23 14:59:21 INFO     4575129 sents of 20048482, batch 5240 of 11645
2021-07-23 14:59:46 INFO     4604429 sents of 20048482, batch 5260 of 11645
2021-07-23 15:00:10 INFO     4633729 sents of 20048482, batch 5280 of 11645
2021-07-23 15:00:34 INFO     4663029 sents of 20048482, batch 5300 of 11645
2021-07-23 15:00:57 INFO     4692329 sents of 20048482, batch 5320 of 11645
2021-07-23 15:01:25 INFO     4721629 sents of 20048482, batch 5340 of 11645
2021-07-23 15:01:53 INFO     4750929 sents of 20048482, batch 5360 of 11645
2021-07-23 15:02:23 INFO     4780229 sents of 20048482, batch 5380 of 11645
2021-07-23 15:02:52 INFO     4809529 sents of 20048482, batch 5400 of 11645
2021-07-23 15:03:17 INFO     4838829 sents of 20048482, batch 5420 of 11645
2021-07-23 15:03:42 INFO     4868129 sents of 20048482, batch 5440 of 11645
2021-07-23 15:04:06 INFO     4897429 sents of 20048482, batch 5460 of 11645
2021-07-23 15:04:30 INFO     4926729 sents of 20048482, batch 5480 of 11645
2021-07-23 15:04:54 INFO     4956029 sents of 20048482, batch 5500 of 11645
2021-07-23 15:05:19 INFO     4985329 sents of 20048482, batch 5520 of 11645
2021-07-23 15:05:44 INFO     5014629 sents of 20048482, batch 5540 of 11645
2021-07-23 15:06:12 INFO     5043929 sents of 20048482, batch 5560 of 11645
2021-07-23 15:06:39 INFO     5073229 sents of 20048482, batch 5580 of 11645
2021-07-23 15:07:03 INFO     5102529 sents of 20048482, batch 5600 of 11645
2021-07-23 15:07:27 INFO     5131829 sents of 20048482, batch 5620 of 11645
2021-07-23 15:07:50 INFO     5161129 sents of 20048482, batch 5640 of 11645
2021-07-23 15:08:13 INFO     5190429 sents of 20048482, batch 5660 of 11645
2021-07-23 15:08:37 INFO     5219729 sents of 20048482, batch 5680 of 11645
2021-07-23 15:09:03 INFO     5249029 sents of 20048482, batch 5700 of 11645
2021-07-23 15:09:29 INFO     5278329 sents of 20048482, batch 5720 of 11645
2021-07-23 15:09:56 INFO     5307629 sents of 20048482, batch 5740 of 11645
2021-07-23 15:10:22 INFO     5336929 sents of 20048482, batch 5760 of 11645
2021-07-23 15:10:46 INFO     5366229 sents of 20048482, batch 5780 of 11645
2021-07-23 15:11:11 INFO     5395529 sents of 20048482, batch 5800 of 11645
2021-07-23 15:11:40 INFO     5424829 sents of 20048482, batch 5820 of 11645
2021-07-23 15:12:08 INFO     5454129 sents of 20048482, batch 5840 of 11645
2021-07-23 15:12:35 INFO     5483429 sents of 20048482, batch 5860 of 11645
2021-07-23 15:12:58 INFO     5512729 sents of 20048482, batch 5880 of 11645
2021-07-23 15:13:27 INFO     5542029 sents of 20048482, batch 5900 of 11645
2021-07-23 15:13:56 INFO     5571329 sents of 20048482, batch 5920 of 11645
2021-07-23 15:14:20 INFO     5600629 sents of 20048482, batch 5940 of 11645
2021-07-23 15:14:44 INFO     5629929 sents of 20048482, batch 5960 of 11645
2021-07-23 15:15:08 INFO     5659229 sents of 20048482, batch 5980 of 11645
2021-07-23 15:15:36 INFO     5688529 sents of 20048482, batch 6000 of 11645
2021-07-23 15:16:03 INFO     5717829 sents of 20048482, batch 6020 of 11645
2021-07-23 15:16:27 INFO     5747129 sents of 20048482, batch 6040 of 11645
2021-07-23 15:16:55 INFO     5776429 sents of 20048482, batch 6060 of 11645
2021-07-23 15:17:22 INFO     5805729 sents of 20048482, batch 6080 of 11645
2021-07-23 15:17:47 INFO     5835029 sents of 20048482, batch 6100 of 11645
2021-07-23 15:18:11 INFO     5864329 sents of 20048482, batch 6120 of 11645
2021-07-23 15:18:35 INFO     5893629 sents of 20048482, batch 6140 of 11645
2021-07-23 15:18:59 INFO     5922929 sents of 20048482, batch 6160 of 11645
2021-07-23 15:19:23 INFO     5952229 sents of 20048482, batch 6180 of 11645
2021-07-23 15:19:46 INFO     5981529 sents of 20048482, batch 6200 of 11645
2021-07-23 15:20:10 INFO     6010829 sents of 20048482, batch 6220 of 11645
2021-07-23 15:20:35 INFO     6040129 sents of 20048482, batch 6240 of 11645
2021-07-23 15:21:00 INFO     6069429 sents of 20048482, batch 6260 of 11645
2021-07-23 15:21:26 INFO     6098729 sents of 20048482, batch 6280 of 11645
2021-07-23 15:21:54 INFO     6128029 sents of 20048482, batch 6300 of 11645
2021-07-23 15:22:18 INFO     6157329 sents of 20048482, batch 6320 of 11645
2021-07-23 15:22:42 INFO     6186629 sents of 20048482, batch 6340 of 11645
2021-07-23 15:23:09 INFO     6215929 sents of 20048482, batch 6360 of 11645
2021-07-23 15:23:38 INFO     6245229 sents of 20048482, batch 6380 of 11645
2021-07-23 15:24:03 INFO     6274529 sents of 20048482, batch 6400 of 11645
2021-07-23 15:24:29 INFO     6303829 sents of 20048482, batch 6420 of 11645
2021-07-23 15:24:56 INFO     6333129 sents of 20048482, batch 6440 of 11645
2021-07-23 15:25:26 INFO     6362429 sents of 20048482, batch 6460 of 11645
2021-07-23 15:25:51 INFO     6391729 sents of 20048482, batch 6480 of 11645
2021-07-23 15:26:15 INFO     6421029 sents of 20048482, batch 6500 of 11645
2021-07-23 15:26:41 INFO     6450329 sents of 20048482, batch 6520 of 11645
2021-07-23 15:27:08 INFO     6479629 sents of 20048482, batch 6540 of 11645
2021-07-23 15:27:33 INFO     6517296 sents of 20048482, batch 6560 of 11645
2021-07-23 15:27:57 INFO     6557756 sents of 20048482, batch 6580 of 11645
2021-07-23 15:28:22 INFO     6598216 sents of 20048482, batch 6600 of 11645
2021-07-23 15:28:51 INFO     6638676 sents of 20048482, batch 6620 of 11645
2021-07-23 15:29:17 INFO     6679136 sents of 20048482, batch 6640 of 11645
2021-07-23 15:29:46 INFO     6719596 sents of 20048482, batch 6660 of 11645
2021-07-23 15:30:12 INFO     6760056 sents of 20048482, batch 6680 of 11645
2021-07-23 15:30:38 INFO     6800516 sents of 20048482, batch 6700 of 11645
2021-07-23 15:31:04 INFO     6840976 sents of 20048482, batch 6720 of 11645
2021-07-23 15:31:32 INFO     6881436 sents of 20048482, batch 6740 of 11645
2021-07-23 15:31:58 INFO     6921896 sents of 20048482, batch 6760 of 11645
2021-07-23 15:32:21 INFO     6962356 sents of 20048482, batch 6780 of 11645
2021-07-23 15:32:49 INFO     7002816 sents of 20048482, batch 6800 of 11645
2021-07-23 15:33:12 INFO     7043276 sents of 20048482, batch 6820 of 11645
2021-07-23 15:33:35 INFO     7083736 sents of 20048482, batch 6840 of 11645
2021-07-23 15:34:00 INFO     7124196 sents of 20048482, batch 6860 of 11645
2021-07-23 15:34:23 INFO     7164656 sents of 20048482, batch 6880 of 11645
2021-07-23 15:34:49 INFO     7205116 sents of 20048482, batch 6900 of 11645
2021-07-23 15:35:17 INFO     7245576 sents of 20048482, batch 6920 of 11645
2021-07-23 15:35:47 INFO     7286036 sents of 20048482, batch 6940 of 11645
2021-07-23 15:36:17 INFO     7326496 sents of 20048482, batch 6960 of 11645
2021-07-23 15:36:46 INFO     7366956 sents of 20048482, batch 6980 of 11645
2021-07-23 15:37:13 INFO     7407416 sents of 20048482, batch 7000 of 11645
2021-07-23 15:37:38 INFO     7447876 sents of 20048482, batch 7020 of 11645
2021-07-23 15:38:02 INFO     7488336 sents of 20048482, batch 7040 of 11645
2021-07-23 15:38:24 INFO     7528796 sents of 20048482, batch 7060 of 11645
2021-07-23 15:38:49 INFO     7569256 sents of 20048482, batch 7080 of 11645
2021-07-23 15:39:15 INFO     7609716 sents of 20048482, batch 7100 of 11645
2021-07-23 15:39:40 INFO     7650176 sents of 20048482, batch 7120 of 11645
2021-07-23 15:40:04 INFO     7690636 sents of 20048482, batch 7140 of 11645
2021-07-23 15:40:31 INFO     7731096 sents of 20048482, batch 7160 of 11645
2021-07-23 15:40:54 INFO     7771556 sents of 20048482, batch 7180 of 11645
2021-07-23 15:41:19 INFO     7812016 sents of 20048482, batch 7200 of 11645
2021-07-23 15:41:45 INFO     7852476 sents of 20048482, batch 7220 of 11645
2021-07-23 15:42:10 INFO     7892936 sents of 20048482, batch 7240 of 11645
2021-07-23 15:42:39 INFO     7933396 sents of 20048482, batch 7260 of 11645
2021-07-23 15:43:08 INFO     7973856 sents of 20048482, batch 7280 of 11645
2021-07-23 15:43:34 INFO     8014316 sents of 20048482, batch 7300 of 11645
2021-07-23 15:43:59 INFO     8054776 sents of 20048482, batch 7320 of 11645
2021-07-23 15:44:24 INFO     8095236 sents of 20048482, batch 7340 of 11645
2021-07-23 15:44:47 INFO     8135696 sents of 20048482, batch 7360 of 11645
2021-07-23 15:45:11 INFO     8176156 sents of 20048482, batch 7380 of 11645
2021-07-23 15:45:34 INFO     8216616 sents of 20048482, batch 7400 of 11645
2021-07-23 15:45:57 INFO     8257076 sents of 20048482, batch 7420 of 11645
2021-07-23 15:46:24 INFO     8297536 sents of 20048482, batch 7440 of 11645
2021-07-23 15:46:51 INFO     8337996 sents of 20048482, batch 7460 of 11645
2021-07-23 15:47:19 INFO     8378456 sents of 20048482, batch 7480 of 11645
2021-07-23 15:47:45 INFO     8418916 sents of 20048482, batch 7500 of 11645
2021-07-23 15:48:11 INFO     8459376 sents of 20048482, batch 7520 of 11645
2021-07-23 15:48:38 INFO     8499836 sents of 20048482, batch 7540 of 11645
2021-07-23 15:49:03 INFO     8540296 sents of 20048482, batch 7560 of 11645
2021-07-23 15:49:25 INFO     8580756 sents of 20048482, batch 7580 of 11645
2021-07-23 15:49:50 INFO     8621216 sents of 20048482, batch 7600 of 11645
2021-07-23 15:50:16 INFO     8661676 sents of 20048482, batch 7620 of 11645
2021-07-23 15:50:38 INFO     8702136 sents of 20048482, batch 7640 of 11645
2021-07-23 15:51:00 INFO     8742596 sents of 20048482, batch 7660 of 11645
2021-07-23 15:51:23 INFO     8783056 sents of 20048482, batch 7680 of 11645
2021-07-23 15:51:53 INFO     8823516 sents of 20048482, batch 7700 of 11645
2021-07-23 15:52:17 INFO     8863976 sents of 20048482, batch 7720 of 11645
2021-07-23 15:52:42 INFO     8904436 sents of 20048482, batch 7740 of 11645
2021-07-23 15:53:10 INFO     8944896 sents of 20048482, batch 7760 of 11645
2021-07-23 15:53:34 INFO     8985356 sents of 20048482, batch 7780 of 11645
2021-07-23 15:54:03 INFO     9025816 sents of 20048482, batch 7800 of 11645
2021-07-23 15:54:27 INFO     9066276 sents of 20048482, batch 7820 of 11645
2021-07-23 15:54:51 INFO     9106736 sents of 20048482, batch 7840 of 11645
2021-07-23 15:55:17 INFO     9147196 sents of 20048482, batch 7860 of 11645
2021-07-23 15:55:43 INFO     9187656 sents of 20048482, batch 7880 of 11645
2021-07-23 15:56:06 INFO     9228116 sents of 20048482, batch 7900 of 11645
2021-07-23 15:56:32 INFO     9268576 sents of 20048482, batch 7920 of 11645
2021-07-23 15:57:01 INFO     9309036 sents of 20048482, batch 7940 of 11645
2021-07-23 15:57:28 INFO     9349496 sents of 20048482, batch 7960 of 11645
2021-07-23 15:57:56 INFO     9389956 sents of 20048482, batch 7980 of 11645
2021-07-23 15:58:24 INFO     9430416 sents of 20048482, batch 8000 of 11645
2021-07-23 15:58:52 INFO     9470876 sents of 20048482, batch 8020 of 11645
2021-07-23 15:59:18 INFO     9511336 sents of 20048482, batch 8040 of 11645
2021-07-23 15:59:47 INFO     9551796 sents of 20048482, batch 8060 of 11645
2021-07-23 16:00:16 INFO     9592256 sents of 20048482, batch 8080 of 11645
2021-07-23 16:00:46 INFO     9632716 sents of 20048482, batch 8100 of 11645
2021-07-23 16:01:12 INFO     9673176 sents of 20048482, batch 8120 of 11645
2021-07-23 16:01:38 INFO     9713636 sents of 20048482, batch 8140 of 11645
2021-07-23 16:02:01 INFO     9754096 sents of 20048482, batch 8160 of 11645
2021-07-23 16:02:27 INFO     9794556 sents of 20048482, batch 8180 of 11645
2021-07-23 16:02:51 INFO     9835016 sents of 20048482, batch 8200 of 11645
2021-07-23 16:03:21 INFO     9875476 sents of 20048482, batch 8220 of 11645
2021-07-23 16:03:47 INFO     9915936 sents of 20048482, batch 8240 of 11645
2021-07-23 16:04:14 INFO     9956396 sents of 20048482, batch 8260 of 11645
2021-07-23 16:04:41 INFO     9996856 sents of 20048482, batch 8280 of 11645
2021-07-23 16:05:09 INFO     10037316 sents of 20048482, batch 8300 of 11645
2021-07-23 16:05:32 INFO     10077776 sents of 20048482, batch 8320 of 11645
2021-07-23 16:05:55 INFO     10118236 sents of 20048482, batch 8340 of 11645
2021-07-23 16:06:18 INFO     10158696 sents of 20048482, batch 8360 of 11645
2021-07-23 16:06:41 INFO     10199156 sents of 20048482, batch 8380 of 11645
2021-07-23 16:07:04 INFO     10239616 sents of 20048482, batch 8400 of 11645
2021-07-23 16:07:31 INFO     10280076 sents of 20048482, batch 8420 of 11645
2021-07-23 16:08:00 INFO     10320536 sents of 20048482, batch 8440 of 11645
2021-07-23 16:08:27 INFO     10360996 sents of 20048482, batch 8460 of 11645
2021-07-23 16:08:53 INFO     10401456 sents of 20048482, batch 8480 of 11645
2021-07-23 16:09:20 INFO     10441916 sents of 20048482, batch 8500 of 11645
2021-07-23 16:09:45 INFO     10482376 sents of 20048482, batch 8520 of 11645
2021-07-23 16:10:14 INFO     10522836 sents of 20048482, batch 8540 of 11645
2021-07-23 16:10:37 INFO     10563296 sents of 20048482, batch 8560 of 11645
2021-07-23 16:11:01 INFO     10603756 sents of 20048482, batch 8580 of 11645
2021-07-23 16:11:29 INFO     10644216 sents of 20048482, batch 8600 of 11645
2021-07-23 16:11:55 INFO     10684676 sents of 20048482, batch 8620 of 11645
2021-07-23 16:12:18 INFO     10725136 sents of 20048482, batch 8640 of 11645
2021-07-23 16:12:45 INFO     10765596 sents of 20048482, batch 8660 of 11645
2021-07-23 16:13:10 INFO     10806056 sents of 20048482, batch 8680 of 11645
2021-07-23 16:13:32 INFO     10846516 sents of 20048482, batch 8700 of 11645
2021-07-23 16:13:56 INFO     10886976 sents of 20048482, batch 8720 of 11645
2021-07-23 16:14:25 INFO     10927436 sents of 20048482, batch 8740 of 11645
2021-07-23 16:14:53 INFO     10967896 sents of 20048482, batch 8760 of 11645
2021-07-23 16:15:17 INFO     11008356 sents of 20048482, batch 8780 of 11645
2021-07-23 16:15:43 INFO     11048816 sents of 20048482, batch 8800 of 11645
2021-07-23 16:16:10 INFO     11089276 sents of 20048482, batch 8820 of 11645
2021-07-23 16:16:34 INFO     11129736 sents of 20048482, batch 8840 of 11645
2021-07-23 16:16:58 INFO     11170196 sents of 20048482, batch 8860 of 11645
2021-07-23 16:17:21 INFO     11210656 sents of 20048482, batch 8880 of 11645
2021-07-23 16:17:49 INFO     11251116 sents of 20048482, batch 8900 of 11645
2021-07-23 16:18:15 INFO     11291576 sents of 20048482, batch 8920 of 11645
2021-07-23 16:18:39 INFO     11332036 sents of 20048482, batch 8940 of 11645
2021-07-23 16:19:03 INFO     11372496 sents of 20048482, batch 8960 of 11645
2021-07-23 16:19:25 INFO     11412956 sents of 20048482, batch 8980 of 11645
2021-07-23 16:19:47 INFO     11453416 sents of 20048482, batch 9000 of 11645
2021-07-23 16:20:11 INFO     11493876 sents of 20048482, batch 9020 of 11645
2021-07-23 16:20:34 INFO     11533845 sents of 20048482, batch 9040 of 11645
2021-07-23 16:21:00 INFO     11599225 sents of 20048482, batch 9060 of 11645
2021-07-23 16:21:27 INFO     11664605 sents of 20048482, batch 9080 of 11645
2021-07-23 16:21:49 INFO     11729985 sents of 20048482, batch 9100 of 11645
2021-07-23 16:22:12 INFO     11795365 sents of 20048482, batch 9120 of 11645
2021-07-23 16:22:38 INFO     11860745 sents of 20048482, batch 9140 of 11645
2021-07-23 16:23:04 INFO     11926125 sents of 20048482, batch 9160 of 11645
2021-07-23 16:23:31 INFO     11991505 sents of 20048482, batch 9180 of 11645
2021-07-23 16:23:54 INFO     12056885 sents of 20048482, batch 9200 of 11645
2021-07-23 16:24:19 INFO     12122265 sents of 20048482, batch 9220 of 11645
2021-07-23 16:24:48 INFO     12187645 sents of 20048482, batch 9240 of 11645
2021-07-23 16:25:10 INFO     12253025 sents of 20048482, batch 9260 of 11645
2021-07-23 16:25:30 INFO     12318405 sents of 20048482, batch 9280 of 11645
2021-07-23 16:25:57 INFO     12383785 sents of 20048482, batch 9300 of 11645
2021-07-23 16:26:17 INFO     12449165 sents of 20048482, batch 9320 of 11645
2021-07-23 16:26:38 INFO     12514545 sents of 20048482, batch 9340 of 11645
2021-07-23 16:27:02 INFO     12579925 sents of 20048482, batch 9360 of 11645
2021-07-23 16:27:29 INFO     12645305 sents of 20048482, batch 9380 of 11645
2021-07-23 16:27:53 INFO     12710685 sents of 20048482, batch 9400 of 11645
2021-07-23 16:28:21 INFO     12776065 sents of 20048482, batch 9420 of 11645
2021-07-23 16:28:43 INFO     12841445 sents of 20048482, batch 9440 of 11645
2021-07-23 16:29:06 INFO     12906825 sents of 20048482, batch 9460 of 11645
2021-07-23 16:29:32 INFO     12972205 sents of 20048482, batch 9480 of 11645
2021-07-23 16:29:59 INFO     13037585 sents of 20048482, batch 9500 of 11645
2021-07-23 16:30:22 INFO     13102965 sents of 20048482, batch 9520 of 11645
2021-07-23 16:30:48 INFO     13168345 sents of 20048482, batch 9540 of 11645
2021-07-23 16:31:11 INFO     13233725 sents of 20048482, batch 9560 of 11645
2021-07-23 16:31:30 INFO     13299105 sents of 20048482, batch 9580 of 11645
2021-07-23 16:31:50 INFO     13364485 sents of 20048482, batch 9600 of 11645
2021-07-23 16:32:11 INFO     13429865 sents of 20048482, batch 9620 of 11645
2021-07-23 16:32:32 INFO     13495245 sents of 20048482, batch 9640 of 11645
2021-07-23 16:32:55 INFO     13560625 sents of 20048482, batch 9660 of 11645
2021-07-23 16:33:21 INFO     13626005 sents of 20048482, batch 9680 of 11645
2021-07-23 16:33:40 INFO     13691385 sents of 20048482, batch 9700 of 11645
2021-07-23 16:34:04 INFO     13756765 sents of 20048482, batch 9720 of 11645
2021-07-23 16:34:28 INFO     13822145 sents of 20048482, batch 9740 of 11645
2021-07-23 16:34:48 INFO     13887525 sents of 20048482, batch 9760 of 11645
2021-07-23 16:35:08 INFO     13952905 sents of 20048482, batch 9780 of 11645
2021-07-23 16:35:29 INFO     14018285 sents of 20048482, batch 9800 of 11645
2021-07-23 16:35:52 INFO     14083665 sents of 20048482, batch 9820 of 11645
2021-07-23 16:36:18 INFO     14149045 sents of 20048482, batch 9840 of 11645
2021-07-23 16:36:36 INFO     14214425 sents of 20048482, batch 9860 of 11645
2021-07-23 16:37:02 INFO     14279805 sents of 20048482, batch 9880 of 11645
2021-07-23 16:37:24 INFO     14345185 sents of 20048482, batch 9900 of 11645
2021-07-23 16:37:49 INFO     14410565 sents of 20048482, batch 9920 of 11645
2021-07-23 16:38:19 INFO     14475945 sents of 20048482, batch 9940 of 11645
2021-07-23 16:38:46 INFO     14541325 sents of 20048482, batch 9960 of 11645
2021-07-23 16:39:10 INFO     14606705 sents of 20048482, batch 9980 of 11645
2021-07-23 16:39:37 INFO     14672085 sents of 20048482, batch 10000 of 11645
2021-07-23 16:39:59 INFO     14737465 sents of 20048482, batch 10020 of 11645
2021-07-23 16:40:19 INFO     14802845 sents of 20048482, batch 10040 of 11645
2021-07-23 16:40:41 INFO     14868225 sents of 20048482, batch 10060 of 11645
2021-07-23 16:41:06 INFO     14933605 sents of 20048482, batch 10080 of 11645
2021-07-23 16:41:34 INFO     14998985 sents of 20048482, batch 10100 of 11645
2021-07-23 16:42:03 INFO     15064365 sents of 20048482, batch 10120 of 11645
2021-07-23 16:42:32 INFO     15129745 sents of 20048482, batch 10140 of 11645
2021-07-23 16:43:00 INFO     15195125 sents of 20048482, batch 10160 of 11645
2021-07-23 16:43:28 INFO     15260505 sents of 20048482, batch 10180 of 11645
2021-07-23 16:43:55 INFO     15325885 sents of 20048482, batch 10200 of 11645
2021-07-23 16:44:24 INFO     15391265 sents of 20048482, batch 10220 of 11645
2021-07-23 16:44:45 INFO     15456645 sents of 20048482, batch 10240 of 11645
2021-07-23 16:45:06 INFO     15522025 sents of 20048482, batch 10260 of 11645
2021-07-23 16:45:29 INFO     15587405 sents of 20048482, batch 10280 of 11645
2021-07-23 16:45:52 INFO     15652785 sents of 20048482, batch 10300 of 11645
2021-07-23 16:46:17 INFO     15718165 sents of 20048482, batch 10320 of 11645
2021-07-23 16:46:41 INFO     15783545 sents of 20048482, batch 10340 of 11645
2021-07-23 16:47:04 INFO     15848925 sents of 20048482, batch 10360 of 11645
2021-07-23 16:47:33 INFO     15914305 sents of 20048482, batch 10380 of 11645
2021-07-23 16:48:02 INFO     15979685 sents of 20048482, batch 10400 of 11645
2021-07-23 16:48:27 INFO     16045065 sents of 20048482, batch 10420 of 11645
2021-07-23 16:48:48 INFO     16110445 sents of 20048482, batch 10440 of 11645
2021-07-23 16:49:09 INFO     16175825 sents of 20048482, batch 10460 of 11645
2021-07-23 16:49:33 INFO     16241205 sents of 20048482, batch 10480 of 11645
2021-07-23 16:49:58 INFO     16306585 sents of 20048482, batch 10500 of 11645
2021-07-23 16:50:21 INFO     16371965 sents of 20048482, batch 10520 of 11645
2021-07-23 16:50:48 INFO     16437345 sents of 20048482, batch 10540 of 11645
2021-07-23 16:51:10 INFO     16502725 sents of 20048482, batch 10560 of 11645
2021-07-23 16:51:32 INFO     16568105 sents of 20048482, batch 10580 of 11645
2021-07-23 16:51:49 INFO     16633485 sents of 20048482, batch 10600 of 11645
2021-07-23 16:52:10 INFO     16698865 sents of 20048482, batch 10620 of 11645
2021-07-23 16:52:35 INFO     16764245 sents of 20048482, batch 10640 of 11645
2021-07-23 16:52:54 INFO     16829625 sents of 20048482, batch 10660 of 11645
2021-07-23 16:53:14 INFO     16895005 sents of 20048482, batch 10680 of 11645
2021-07-23 16:53:33 INFO     16960385 sents of 20048482, batch 10700 of 11645
2021-07-23 16:53:59 INFO     17025765 sents of 20048482, batch 10720 of 11645
2021-07-23 16:54:24 INFO     17091145 sents of 20048482, batch 10740 of 11645
2021-07-23 16:54:49 INFO     17156525 sents of 20048482, batch 10760 of 11645
2021-07-23 16:55:13 INFO     17221905 sents of 20048482, batch 10780 of 11645
2021-07-23 16:55:41 INFO     17287285 sents of 20048482, batch 10800 of 11645
2021-07-23 16:56:06 INFO     17352665 sents of 20048482, batch 10820 of 11645
2021-07-23 16:56:35 INFO     17418045 sents of 20048482, batch 10840 of 11645
2021-07-23 16:57:01 INFO     17483425 sents of 20048482, batch 10860 of 11645
2021-07-23 16:57:29 INFO     17548805 sents of 20048482, batch 10880 of 11645
2021-07-23 16:57:55 INFO     17614185 sents of 20048482, batch 10900 of 11645
2021-07-23 16:58:17 INFO     17679565 sents of 20048482, batch 10920 of 11645
2021-07-23 16:58:43 INFO     17744945 sents of 20048482, batch 10940 of 11645
2021-07-23 16:59:11 INFO     17810325 sents of 20048482, batch 10960 of 11645
2021-07-23 16:59:39 INFO     17875705 sents of 20048482, batch 10980 of 11645
2021-07-23 17:00:01 INFO     17941085 sents of 20048482, batch 11000 of 11645
2021-07-23 17:00:28 INFO     18006465 sents of 20048482, batch 11020 of 11645
2021-07-23 17:00:47 INFO     18071845 sents of 20048482, batch 11040 of 11645
2021-07-23 17:01:13 INFO     18137225 sents of 20048482, batch 11060 of 11645
2021-07-23 17:01:37 INFO     18202605 sents of 20048482, batch 11080 of 11645
2021-07-23 17:02:03 INFO     18267985 sents of 20048482, batch 11100 of 11645
2021-07-23 17:02:25 INFO     18333365 sents of 20048482, batch 11120 of 11645
2021-07-23 17:02:50 INFO     18398745 sents of 20048482, batch 11140 of 11645
2021-07-23 17:03:15 INFO     18464125 sents of 20048482, batch 11160 of 11645
2021-07-23 17:03:35 INFO     18529505 sents of 20048482, batch 11180 of 11645
2021-07-23 17:03:56 INFO     18594885 sents of 20048482, batch 11200 of 11645
2021-07-23 17:04:21 INFO     18660265 sents of 20048482, batch 11220 of 11645
2021-07-23 17:04:42 INFO     18725645 sents of 20048482, batch 11240 of 11645
2021-07-23 17:05:08 INFO     18791025 sents of 20048482, batch 11260 of 11645
2021-07-23 17:05:32 INFO     18856405 sents of 20048482, batch 11280 of 11645
2021-07-23 17:05:56 INFO     18921785 sents of 20048482, batch 11300 of 11645
2021-07-23 17:06:19 INFO     18987165 sents of 20048482, batch 11320 of 11645
2021-07-23 17:06:45 INFO     19052545 sents of 20048482, batch 11340 of 11645
2021-07-23 17:07:10 INFO     19117925 sents of 20048482, batch 11360 of 11645
2021-07-23 17:07:32 INFO     19183305 sents of 20048482, batch 11380 of 11645
2021-07-23 17:07:53 INFO     19248685 sents of 20048482, batch 11400 of 11645
2021-07-23 17:08:17 INFO     19314065 sents of 20048482, batch 11420 of 11645
2021-07-23 17:08:42 INFO     19379445 sents of 20048482, batch 11440 of 11645
2021-07-23 17:09:05 INFO     19444825 sents of 20048482, batch 11460 of 11645
2021-07-23 17:09:29 INFO     19510205 sents of 20048482, batch 11480 of 11645
2021-07-23 17:09:55 INFO     19575585 sents of 20048482, batch 11500 of 11645
2021-07-23 17:10:20 INFO     19640965 sents of 20048482, batch 11520 of 11645
2021-07-23 17:10:39 INFO     19706345 sents of 20048482, batch 11540 of 11645
2021-07-23 17:11:00 INFO     19771725 sents of 20048482, batch 11560 of 11645
2021-07-23 17:11:25 INFO     19837105 sents of 20048482, batch 11580 of 11645
2021-07-23 17:11:48 INFO     19902485 sents of 20048482, batch 11600 of 11645
2021-07-23 17:12:15 INFO     19967865 sents of 20048482, batch 11620 of 11645
2021-07-23 17:12:37 INFO     20033245 sents of 20048482, batch 11640 of 11645
2021-07-23 17:12:57 WARNING  # words: 15939469
2021-07-23 17:12:57 WARNING  longest sentence: 141
2021-07-23 17:12:57 WARNING  # tokens: 20048482
2021-07-23 17:12:57 WARNING  Token-level (P)PPL: 231.75321892962455
2021-07-23 17:12:57 WARNING  Word-normalized (P)PPL: 943.414179469502
