
Currently Loaded Modules:
  1) CUDA/9.0.176   2) cuDNN/7-CUDA-9.0.176   3) anaconda/2021-03-tf2

 

weight 0.5
2021-07-26 10:32:39.016872: I tensorflow/stream_executor/platform/default/dso_loader.cc:49] Successfully opened dynamic library libcudart.so.10.1
usage: mlm rescore [-h] [--gpus GPUS] [--max-utts MAX_UTTS] [--model MODEL]
                   [--weights WEIGHTS] [--weight WEIGHT] [--ref-file REF_FILE]
                   [--ln LN] [--ln-type {gnmt,length}]
                   file_am file_lm
mlm rescore: error: argument file_am: can't open '../../../keskustelu2020/experiments/am/converse_fin/exp/chain/tdnn7q_sp_ensemble_vc/1000best_devel_morph_finbert_nosp_4-gram/accombined.ac0.1.json': [Errno 2] No such file or directory: '../../../keskustelu2020/experiments/am/converse_fin/exp/chain/tdnn7q_sp_ensemble_vc/1000best_devel_morph_finbert_nosp_4-gram/accombined.ac0.1.json'
weight 1
2021-07-26 10:32:45.078020: I tensorflow/stream_executor/platform/default/dso_loader.cc:49] Successfully opened dynamic library libcudart.so.10.1
usage: mlm rescore [-h] [--gpus GPUS] [--max-utts MAX_UTTS] [--model MODEL]
                   [--weights WEIGHTS] [--weight WEIGHT] [--ref-file REF_FILE]
                   [--ln LN] [--ln-type {gnmt,length}]
                   file_am file_lm
mlm rescore: error: argument file_am: can't open '../../../keskustelu2020/experiments/am/converse_fin/exp/chain/tdnn7q_sp_ensemble_vc/1000best_devel_morph_finbert_nosp_4-gram/accombined.ac0.1.json': [Errno 2] No such file or directory: '../../../keskustelu2020/experiments/am/converse_fin/exp/chain/tdnn7q_sp_ensemble_vc/1000best_devel_morph_finbert_nosp_4-gram/accombined.ac0.1.json'
weight 1.5
2021-07-26 10:32:49.438361: I tensorflow/stream_executor/platform/default/dso_loader.cc:49] Successfully opened dynamic library libcudart.so.10.1
usage: mlm rescore [-h] [--gpus GPUS] [--max-utts MAX_UTTS] [--model MODEL]
                   [--weights WEIGHTS] [--weight WEIGHT] [--ref-file REF_FILE]
                   [--ln LN] [--ln-type {gnmt,length}]
                   file_am file_lm
mlm rescore: error: argument file_am: can't open '../../../keskustelu2020/experiments/am/converse_fin/exp/chain/tdnn7q_sp_ensemble_vc/1000best_devel_morph_finbert_nosp_4-gram/accombined.ac0.1.json': [Errno 2] No such file or directory: '../../../keskustelu2020/experiments/am/converse_fin/exp/chain/tdnn7q_sp_ensemble_vc/1000best_devel_morph_finbert_nosp_4-gram/accombined.ac0.1.json'
